{"timestamp":"2025-10-05T18:38:32.723723Z","level":"info","event":"Filling up the DagBag from /opt/airflow/dags/datamart/formulaone_datamart.py","logger":"airflow.models.dagbag.DagBag","filename":"dagbag.py","lineno":593}
{"timestamp":"2025-10-05T18:38:32.753701Z","level":"info","event":"📋 Loaded 0 datamart scripts during DAG parsing","logger":"unusual_prefix_52045af345b5266d9d6b7a1c51dddf9cbbc12122_formulaone_datamart","filename":"formulaone_datamart.py","lineno":103}
{"timestamp":"2025-10-05T18:38:32.756986Z","level":"warning","event":"The `airflow.operators.python.PythonOperator` attribute is deprecated. Please use `'airflow.providers.standard.operators.python.PythonOperator'`.","category":"DeprecatedImportWarning","filename":"/opt/airflow/dags/datamart/formulaone_datamart.py","lineno":2,"logger":"py.warnings"}
{"timestamp":"2025-10-05T18:38:32.757175Z","level":"warning","event":"The `airflow.operators.empty.EmptyOperator` attribute is deprecated. Please use `'airflow.providers.standard.operators.empty.EmptyOperator'`.","category":"DeprecatedImportWarning","filename":"/opt/airflow/dags/datamart/formulaone_datamart.py","lineno":3,"logger":"py.warnings"}
{"timestamp":"2025-10-05T18:39:03.050891Z","level":"info","event":"Filling up the DagBag from /opt/airflow/dags/datamart/formulaone_datamart.py","logger":"airflow.models.dagbag.DagBag","filename":"dagbag.py","lineno":593}
{"timestamp":"2025-10-05T18:39:03.069067Z","level":"info","event":"📋 Loaded 0 datamart scripts during DAG parsing","logger":"unusual_prefix_52045af345b5266d9d6b7a1c51dddf9cbbc12122_formulaone_datamart","filename":"formulaone_datamart.py","lineno":103}
{"timestamp":"2025-10-05T18:39:03.072055Z","level":"warning","event":"The `airflow.operators.python.PythonOperator` attribute is deprecated. Please use `'airflow.providers.standard.operators.python.PythonOperator'`.","category":"DeprecatedImportWarning","filename":"/opt/airflow/dags/datamart/formulaone_datamart.py","lineno":2,"logger":"py.warnings"}
{"timestamp":"2025-10-05T18:39:03.072165Z","level":"warning","event":"The `airflow.operators.empty.EmptyOperator` attribute is deprecated. Please use `'airflow.providers.standard.operators.empty.EmptyOperator'`.","category":"DeprecatedImportWarning","filename":"/opt/airflow/dags/datamart/formulaone_datamart.py","lineno":3,"logger":"py.warnings"}
{"timestamp":"2025-10-05T18:39:33.274799Z","level":"info","event":"Filling up the DagBag from /opt/airflow/dags/datamart/formulaone_datamart.py","logger":"airflow.models.dagbag.DagBag","filename":"dagbag.py","lineno":593}
{"timestamp":"2025-10-05T18:39:33.293031Z","level":"info","event":"📋 Loaded 0 datamart scripts during DAG parsing","logger":"unusual_prefix_52045af345b5266d9d6b7a1c51dddf9cbbc12122_formulaone_datamart","filename":"formulaone_datamart.py","lineno":103}
{"timestamp":"2025-10-05T18:39:33.295875Z","level":"warning","event":"The `airflow.operators.python.PythonOperator` attribute is deprecated. Please use `'airflow.providers.standard.operators.python.PythonOperator'`.","category":"DeprecatedImportWarning","filename":"/opt/airflow/dags/datamart/formulaone_datamart.py","lineno":2,"logger":"py.warnings"}
{"timestamp":"2025-10-05T18:39:33.295976Z","level":"warning","event":"The `airflow.operators.empty.EmptyOperator` attribute is deprecated. Please use `'airflow.providers.standard.operators.empty.EmptyOperator'`.","category":"DeprecatedImportWarning","filename":"/opt/airflow/dags/datamart/formulaone_datamart.py","lineno":3,"logger":"py.warnings"}
{"timestamp":"2025-10-05T18:40:03.505494Z","level":"info","event":"Filling up the DagBag from /opt/airflow/dags/datamart/formulaone_datamart.py","logger":"airflow.models.dagbag.DagBag","filename":"dagbag.py","lineno":593}
{"timestamp":"2025-10-05T18:40:03.523155Z","level":"info","event":"📋 Loaded 0 datamart scripts during DAG parsing","logger":"unusual_prefix_52045af345b5266d9d6b7a1c51dddf9cbbc12122_formulaone_datamart","filename":"formulaone_datamart.py","lineno":103}
{"timestamp":"2025-10-05T18:40:03.526230Z","level":"warning","event":"The `airflow.operators.python.PythonOperator` attribute is deprecated. Please use `'airflow.providers.standard.operators.python.PythonOperator'`.","category":"DeprecatedImportWarning","filename":"/opt/airflow/dags/datamart/formulaone_datamart.py","lineno":2,"logger":"py.warnings"}
{"timestamp":"2025-10-05T18:40:03.526330Z","level":"warning","event":"The `airflow.operators.empty.EmptyOperator` attribute is deprecated. Please use `'airflow.providers.standard.operators.empty.EmptyOperator'`.","category":"DeprecatedImportWarning","filename":"/opt/airflow/dags/datamart/formulaone_datamart.py","lineno":3,"logger":"py.warnings"}
{"timestamp":"2025-10-05T18:40:33.819101Z","level":"info","event":"Filling up the DagBag from /opt/airflow/dags/datamart/formulaone_datamart.py","logger":"airflow.models.dagbag.DagBag","filename":"dagbag.py","lineno":593}
{"timestamp":"2025-10-05T18:40:33.836638Z","level":"info","event":"📋 Loaded 0 datamart scripts during DAG parsing","logger":"unusual_prefix_52045af345b5266d9d6b7a1c51dddf9cbbc12122_formulaone_datamart","filename":"formulaone_datamart.py","lineno":103}
{"timestamp":"2025-10-05T18:40:33.840607Z","level":"warning","event":"The `airflow.operators.python.PythonOperator` attribute is deprecated. Please use `'airflow.providers.standard.operators.python.PythonOperator'`.","category":"DeprecatedImportWarning","filename":"/opt/airflow/dags/datamart/formulaone_datamart.py","lineno":2,"logger":"py.warnings"}
{"timestamp":"2025-10-05T18:40:33.840791Z","level":"warning","event":"The `airflow.operators.empty.EmptyOperator` attribute is deprecated. Please use `'airflow.providers.standard.operators.empty.EmptyOperator'`.","category":"DeprecatedImportWarning","filename":"/opt/airflow/dags/datamart/formulaone_datamart.py","lineno":3,"logger":"py.warnings"}
{"timestamp":"2025-10-05T18:41:04.077580Z","level":"info","event":"Filling up the DagBag from /opt/airflow/dags/datamart/formulaone_datamart.py","logger":"airflow.models.dagbag.DagBag","filename":"dagbag.py","lineno":593}
{"timestamp":"2025-10-05T18:41:04.103021Z","level":"info","event":"📋 Loaded 1 datamart scripts during DAG parsing","logger":"unusual_prefix_52045af345b5266d9d6b7a1c51dddf9cbbc12122_formulaone_datamart","filename":"formulaone_datamart.py","lineno":103}
{"timestamp":"2025-10-05T18:41:04.106561Z","level":"warning","event":"The `airflow.operators.python.PythonOperator` attribute is deprecated. Please use `'airflow.providers.standard.operators.python.PythonOperator'`.","category":"DeprecatedImportWarning","filename":"/opt/airflow/dags/datamart/formulaone_datamart.py","lineno":2,"logger":"py.warnings"}
{"timestamp":"2025-10-05T18:41:04.106703Z","level":"warning","event":"The `airflow.operators.empty.EmptyOperator` attribute is deprecated. Please use `'airflow.providers.standard.operators.empty.EmptyOperator'`.","category":"DeprecatedImportWarning","filename":"/opt/airflow/dags/datamart/formulaone_datamart.py","lineno":3,"logger":"py.warnings"}
{"timestamp":"2025-10-05T18:41:34.621981Z","level":"info","event":"Filling up the DagBag from /opt/airflow/dags/datamart/formulaone_datamart.py","logger":"airflow.models.dagbag.DagBag","filename":"dagbag.py","lineno":593}
{"timestamp":"2025-10-05T18:41:34.639688Z","level":"info","event":"📋 Loaded 1 datamart scripts during DAG parsing","logger":"unusual_prefix_52045af345b5266d9d6b7a1c51dddf9cbbc12122_formulaone_datamart","filename":"formulaone_datamart.py","lineno":103}
{"timestamp":"2025-10-05T18:41:34.643042Z","level":"warning","event":"The `airflow.operators.python.PythonOperator` attribute is deprecated. Please use `'airflow.providers.standard.operators.python.PythonOperator'`.","category":"DeprecatedImportWarning","filename":"/opt/airflow/dags/datamart/formulaone_datamart.py","lineno":2,"logger":"py.warnings"}
{"timestamp":"2025-10-05T18:41:34.643149Z","level":"warning","event":"The `airflow.operators.empty.EmptyOperator` attribute is deprecated. Please use `'airflow.providers.standard.operators.empty.EmptyOperator'`.","category":"DeprecatedImportWarning","filename":"/opt/airflow/dags/datamart/formulaone_datamart.py","lineno":3,"logger":"py.warnings"}
{"timestamp":"2025-10-05T18:42:05.084364Z","level":"info","event":"Filling up the DagBag from /opt/airflow/dags/datamart/formulaone_datamart.py","logger":"airflow.models.dagbag.DagBag","filename":"dagbag.py","lineno":593}
{"timestamp":"2025-10-05T18:42:05.103303Z","level":"info","event":"📋 Loaded 1 datamart scripts during DAG parsing","logger":"unusual_prefix_52045af345b5266d9d6b7a1c51dddf9cbbc12122_formulaone_datamart","filename":"formulaone_datamart.py","lineno":103}
{"timestamp":"2025-10-05T18:42:05.106724Z","level":"warning","event":"The `airflow.operators.python.PythonOperator` attribute is deprecated. Please use `'airflow.providers.standard.operators.python.PythonOperator'`.","category":"DeprecatedImportWarning","filename":"/opt/airflow/dags/datamart/formulaone_datamart.py","lineno":2,"logger":"py.warnings"}
{"timestamp":"2025-10-05T18:42:05.106840Z","level":"warning","event":"The `airflow.operators.empty.EmptyOperator` attribute is deprecated. Please use `'airflow.providers.standard.operators.empty.EmptyOperator'`.","category":"DeprecatedImportWarning","filename":"/opt/airflow/dags/datamart/formulaone_datamart.py","lineno":3,"logger":"py.warnings"}
{"timestamp":"2025-10-05T18:42:35.648959Z","level":"info","event":"Filling up the DagBag from /opt/airflow/dags/datamart/formulaone_datamart.py","logger":"airflow.models.dagbag.DagBag","filename":"dagbag.py","lineno":593}
{"timestamp":"2025-10-05T18:42:35.666303Z","level":"info","event":"📋 Loaded 1 datamart scripts during DAG parsing","logger":"unusual_prefix_52045af345b5266d9d6b7a1c51dddf9cbbc12122_formulaone_datamart","filename":"formulaone_datamart.py","lineno":103}
{"timestamp":"2025-10-05T18:42:35.669350Z","level":"warning","event":"The `airflow.operators.python.PythonOperator` attribute is deprecated. Please use `'airflow.providers.standard.operators.python.PythonOperator'`.","category":"DeprecatedImportWarning","filename":"/opt/airflow/dags/datamart/formulaone_datamart.py","lineno":2,"logger":"py.warnings"}
{"timestamp":"2025-10-05T18:42:35.669459Z","level":"warning","event":"The `airflow.operators.empty.EmptyOperator` attribute is deprecated. Please use `'airflow.providers.standard.operators.empty.EmptyOperator'`.","category":"DeprecatedImportWarning","filename":"/opt/airflow/dags/datamart/formulaone_datamart.py","lineno":3,"logger":"py.warnings"}
{"timestamp":"2025-10-05T18:43:06.027819Z","level":"info","event":"Filling up the DagBag from /opt/airflow/dags/datamart/formulaone_datamart.py","logger":"airflow.models.dagbag.DagBag","filename":"dagbag.py","lineno":593}
{"timestamp":"2025-10-05T18:43:06.045401Z","level":"info","event":"📋 Loaded 1 datamart scripts during DAG parsing","logger":"unusual_prefix_52045af345b5266d9d6b7a1c51dddf9cbbc12122_formulaone_datamart","filename":"formulaone_datamart.py","lineno":103}
{"timestamp":"2025-10-05T18:43:06.048519Z","level":"warning","event":"The `airflow.operators.python.PythonOperator` attribute is deprecated. Please use `'airflow.providers.standard.operators.python.PythonOperator'`.","category":"DeprecatedImportWarning","filename":"/opt/airflow/dags/datamart/formulaone_datamart.py","lineno":2,"logger":"py.warnings"}
{"timestamp":"2025-10-05T18:43:06.048626Z","level":"warning","event":"The `airflow.operators.empty.EmptyOperator` attribute is deprecated. Please use `'airflow.providers.standard.operators.empty.EmptyOperator'`.","category":"DeprecatedImportWarning","filename":"/opt/airflow/dags/datamart/formulaone_datamart.py","lineno":3,"logger":"py.warnings"}
{"timestamp":"2025-10-05T18:43:36.365056Z","level":"info","event":"Filling up the DagBag from /opt/airflow/dags/datamart/formulaone_datamart.py","logger":"airflow.models.dagbag.DagBag","filename":"dagbag.py","lineno":593}
{"timestamp":"2025-10-05T18:43:36.382513Z","level":"info","event":"📋 Loaded 1 datamart scripts during DAG parsing","logger":"unusual_prefix_52045af345b5266d9d6b7a1c51dddf9cbbc12122_formulaone_datamart","filename":"formulaone_datamart.py","lineno":103}
{"timestamp":"2025-10-05T18:43:36.385753Z","level":"warning","event":"The `airflow.operators.python.PythonOperator` attribute is deprecated. Please use `'airflow.providers.standard.operators.python.PythonOperator'`.","category":"DeprecatedImportWarning","filename":"/opt/airflow/dags/datamart/formulaone_datamart.py","lineno":2,"logger":"py.warnings"}
{"timestamp":"2025-10-05T18:43:36.385892Z","level":"warning","event":"The `airflow.operators.empty.EmptyOperator` attribute is deprecated. Please use `'airflow.providers.standard.operators.empty.EmptyOperator'`.","category":"DeprecatedImportWarning","filename":"/opt/airflow/dags/datamart/formulaone_datamart.py","lineno":3,"logger":"py.warnings"}
{"timestamp":"2025-10-05T18:44:07.036722Z","level":"info","event":"Filling up the DagBag from /opt/airflow/dags/datamart/formulaone_datamart.py","logger":"airflow.models.dagbag.DagBag","filename":"dagbag.py","lineno":593}
{"timestamp":"2025-10-05T18:44:07.054002Z","level":"info","event":"📋 Loaded 1 datamart scripts during DAG parsing","logger":"unusual_prefix_52045af345b5266d9d6b7a1c51dddf9cbbc12122_formulaone_datamart","filename":"formulaone_datamart.py","lineno":103}
{"timestamp":"2025-10-05T18:44:07.057517Z","level":"warning","event":"The `airflow.operators.python.PythonOperator` attribute is deprecated. Please use `'airflow.providers.standard.operators.python.PythonOperator'`.","category":"DeprecatedImportWarning","filename":"/opt/airflow/dags/datamart/formulaone_datamart.py","lineno":2,"logger":"py.warnings"}
{"timestamp":"2025-10-05T18:44:07.057633Z","level":"warning","event":"The `airflow.operators.empty.EmptyOperator` attribute is deprecated. Please use `'airflow.providers.standard.operators.empty.EmptyOperator'`.","category":"DeprecatedImportWarning","filename":"/opt/airflow/dags/datamart/formulaone_datamart.py","lineno":3,"logger":"py.warnings"}
{"timestamp":"2025-10-05T18:44:37.301854Z","level":"info","event":"Filling up the DagBag from /opt/airflow/dags/datamart/formulaone_datamart.py","logger":"airflow.models.dagbag.DagBag","filename":"dagbag.py","lineno":593}
{"timestamp":"2025-10-05T18:44:37.320119Z","level":"info","event":"📋 Loaded 1 datamart scripts during DAG parsing","logger":"unusual_prefix_52045af345b5266d9d6b7a1c51dddf9cbbc12122_formulaone_datamart","filename":"formulaone_datamart.py","lineno":103}
{"timestamp":"2025-10-05T18:44:37.323193Z","level":"warning","event":"The `airflow.operators.python.PythonOperator` attribute is deprecated. Please use `'airflow.providers.standard.operators.python.PythonOperator'`.","category":"DeprecatedImportWarning","filename":"/opt/airflow/dags/datamart/formulaone_datamart.py","lineno":2,"logger":"py.warnings"}
{"timestamp":"2025-10-05T18:44:37.323295Z","level":"warning","event":"The `airflow.operators.empty.EmptyOperator` attribute is deprecated. Please use `'airflow.providers.standard.operators.empty.EmptyOperator'`.","category":"DeprecatedImportWarning","filename":"/opt/airflow/dags/datamart/formulaone_datamart.py","lineno":3,"logger":"py.warnings"}
{"timestamp":"2025-10-05T18:45:07.602861Z","level":"info","event":"Filling up the DagBag from /opt/airflow/dags/datamart/formulaone_datamart.py","logger":"airflow.models.dagbag.DagBag","filename":"dagbag.py","lineno":593}
{"timestamp":"2025-10-05T18:45:07.621856Z","level":"info","event":"📋 Loaded 1 datamart scripts during DAG parsing","logger":"unusual_prefix_52045af345b5266d9d6b7a1c51dddf9cbbc12122_formulaone_datamart","filename":"formulaone_datamart.py","lineno":103}
{"timestamp":"2025-10-05T18:45:07.625227Z","level":"warning","event":"The `airflow.operators.python.PythonOperator` attribute is deprecated. Please use `'airflow.providers.standard.operators.python.PythonOperator'`.","category":"DeprecatedImportWarning","filename":"/opt/airflow/dags/datamart/formulaone_datamart.py","lineno":2,"logger":"py.warnings"}
{"timestamp":"2025-10-05T18:45:07.625332Z","level":"warning","event":"The `airflow.operators.empty.EmptyOperator` attribute is deprecated. Please use `'airflow.providers.standard.operators.empty.EmptyOperator'`.","category":"DeprecatedImportWarning","filename":"/opt/airflow/dags/datamart/formulaone_datamart.py","lineno":3,"logger":"py.warnings"}
{"timestamp":"2025-10-05T18:45:37.961670Z","level":"info","event":"Filling up the DagBag from /opt/airflow/dags/datamart/formulaone_datamart.py","logger":"airflow.models.dagbag.DagBag","filename":"dagbag.py","lineno":593}
{"timestamp":"2025-10-05T18:45:37.987449Z","level":"info","event":"📋 Loaded 1 datamart scripts during DAG parsing","logger":"unusual_prefix_52045af345b5266d9d6b7a1c51dddf9cbbc12122_formulaone_datamart","filename":"formulaone_datamart.py","lineno":103}
{"timestamp":"2025-10-05T18:45:37.991142Z","level":"warning","event":"The `airflow.operators.python.PythonOperator` attribute is deprecated. Please use `'airflow.providers.standard.operators.python.PythonOperator'`.","category":"DeprecatedImportWarning","filename":"/opt/airflow/dags/datamart/formulaone_datamart.py","lineno":2,"logger":"py.warnings"}
{"timestamp":"2025-10-05T18:45:37.991259Z","level":"warning","event":"The `airflow.operators.empty.EmptyOperator` attribute is deprecated. Please use `'airflow.providers.standard.operators.empty.EmptyOperator'`.","category":"DeprecatedImportWarning","filename":"/opt/airflow/dags/datamart/formulaone_datamart.py","lineno":3,"logger":"py.warnings"}
{"timestamp":"2025-10-05T18:46:08.196496Z","level":"info","event":"Filling up the DagBag from /opt/airflow/dags/datamart/formulaone_datamart.py","logger":"airflow.models.dagbag.DagBag","filename":"dagbag.py","lineno":593}
{"timestamp":"2025-10-05T18:46:08.214633Z","level":"info","event":"📋 Loaded 1 datamart scripts during DAG parsing","logger":"unusual_prefix_52045af345b5266d9d6b7a1c51dddf9cbbc12122_formulaone_datamart","filename":"formulaone_datamart.py","lineno":103}
{"timestamp":"2025-10-05T18:46:08.217785Z","level":"warning","event":"The `airflow.operators.python.PythonOperator` attribute is deprecated. Please use `'airflow.providers.standard.operators.python.PythonOperator'`.","category":"DeprecatedImportWarning","filename":"/opt/airflow/dags/datamart/formulaone_datamart.py","lineno":2,"logger":"py.warnings"}
{"timestamp":"2025-10-05T18:46:08.217886Z","level":"warning","event":"The `airflow.operators.empty.EmptyOperator` attribute is deprecated. Please use `'airflow.providers.standard.operators.empty.EmptyOperator'`.","category":"DeprecatedImportWarning","filename":"/opt/airflow/dags/datamart/formulaone_datamart.py","lineno":3,"logger":"py.warnings"}
{"timestamp":"2025-10-05T18:46:38.395169Z","level":"info","event":"Filling up the DagBag from /opt/airflow/dags/datamart/formulaone_datamart.py","logger":"airflow.models.dagbag.DagBag","filename":"dagbag.py","lineno":593}
{"timestamp":"2025-10-05T18:46:38.411015Z","level":"info","event":"📋 Loaded 1 datamart scripts during DAG parsing","logger":"unusual_prefix_52045af345b5266d9d6b7a1c51dddf9cbbc12122_formulaone_datamart","filename":"formulaone_datamart.py","lineno":103}
{"timestamp":"2025-10-05T18:46:38.414334Z","level":"warning","event":"The `airflow.operators.python.PythonOperator` attribute is deprecated. Please use `'airflow.providers.standard.operators.python.PythonOperator'`.","category":"DeprecatedImportWarning","filename":"/opt/airflow/dags/datamart/formulaone_datamart.py","lineno":2,"logger":"py.warnings"}
{"timestamp":"2025-10-05T18:46:38.414491Z","level":"warning","event":"The `airflow.operators.empty.EmptyOperator` attribute is deprecated. Please use `'airflow.providers.standard.operators.empty.EmptyOperator'`.","category":"DeprecatedImportWarning","filename":"/opt/airflow/dags/datamart/formulaone_datamart.py","lineno":3,"logger":"py.warnings"}
{"timestamp":"2025-10-05T18:47:08.640583Z","level":"info","event":"Filling up the DagBag from /opt/airflow/dags/datamart/formulaone_datamart.py","logger":"airflow.models.dagbag.DagBag","filename":"dagbag.py","lineno":593}
{"timestamp":"2025-10-05T18:47:08.658099Z","level":"info","event":"📋 Loaded 1 datamart scripts during DAG parsing","logger":"unusual_prefix_52045af345b5266d9d6b7a1c51dddf9cbbc12122_formulaone_datamart","filename":"formulaone_datamart.py","lineno":103}
{"timestamp":"2025-10-05T18:47:08.661483Z","level":"warning","event":"The `airflow.operators.python.PythonOperator` attribute is deprecated. Please use `'airflow.providers.standard.operators.python.PythonOperator'`.","category":"DeprecatedImportWarning","filename":"/opt/airflow/dags/datamart/formulaone_datamart.py","lineno":2,"logger":"py.warnings"}
{"timestamp":"2025-10-05T18:47:08.661617Z","level":"warning","event":"The `airflow.operators.empty.EmptyOperator` attribute is deprecated. Please use `'airflow.providers.standard.operators.empty.EmptyOperator'`.","category":"DeprecatedImportWarning","filename":"/opt/airflow/dags/datamart/formulaone_datamart.py","lineno":3,"logger":"py.warnings"}
{"timestamp":"2025-10-05T18:47:39.113245Z","level":"info","event":"Filling up the DagBag from /opt/airflow/dags/datamart/formulaone_datamart.py","logger":"airflow.models.dagbag.DagBag","filename":"dagbag.py","lineno":593}
{"timestamp":"2025-10-05T18:47:39.130387Z","level":"info","event":"📋 Loaded 1 datamart scripts during DAG parsing","logger":"unusual_prefix_52045af345b5266d9d6b7a1c51dddf9cbbc12122_formulaone_datamart","filename":"formulaone_datamart.py","lineno":103}
{"timestamp":"2025-10-05T18:47:39.134093Z","level":"warning","event":"The `airflow.operators.python.PythonOperator` attribute is deprecated. Please use `'airflow.providers.standard.operators.python.PythonOperator'`.","category":"DeprecatedImportWarning","filename":"/opt/airflow/dags/datamart/formulaone_datamart.py","lineno":2,"logger":"py.warnings"}
{"timestamp":"2025-10-05T18:47:39.134205Z","level":"warning","event":"The `airflow.operators.empty.EmptyOperator` attribute is deprecated. Please use `'airflow.providers.standard.operators.empty.EmptyOperator'`.","category":"DeprecatedImportWarning","filename":"/opt/airflow/dags/datamart/formulaone_datamart.py","lineno":3,"logger":"py.warnings"}
{"timestamp":"2025-10-05T18:48:09.668771Z","level":"info","event":"Filling up the DagBag from /opt/airflow/dags/datamart/formulaone_datamart.py","logger":"airflow.models.dagbag.DagBag","filename":"dagbag.py","lineno":593}
{"timestamp":"2025-10-05T18:48:09.694872Z","level":"info","event":"📋 Loaded 1 datamart scripts during DAG parsing","logger":"unusual_prefix_52045af345b5266d9d6b7a1c51dddf9cbbc12122_formulaone_datamart","filename":"formulaone_datamart.py","lineno":103}
{"timestamp":"2025-10-05T18:48:09.698477Z","level":"warning","event":"The `airflow.operators.python.PythonOperator` attribute is deprecated. Please use `'airflow.providers.standard.operators.python.PythonOperator'`.","category":"DeprecatedImportWarning","filename":"/opt/airflow/dags/datamart/formulaone_datamart.py","lineno":2,"logger":"py.warnings"}
{"timestamp":"2025-10-05T18:48:09.698590Z","level":"warning","event":"The `airflow.operators.empty.EmptyOperator` attribute is deprecated. Please use `'airflow.providers.standard.operators.empty.EmptyOperator'`.","category":"DeprecatedImportWarning","filename":"/opt/airflow/dags/datamart/formulaone_datamart.py","lineno":3,"logger":"py.warnings"}
{"timestamp":"2025-10-05T18:48:40.906941Z","level":"info","event":"Filling up the DagBag from /opt/airflow/dags/datamart/formulaone_datamart.py","logger":"airflow.models.dagbag.DagBag","filename":"dagbag.py","lineno":593}
{"timestamp":"2025-10-05T18:48:40.928957Z","level":"info","event":"📋 Loaded 1 datamart scripts during DAG parsing","logger":"unusual_prefix_52045af345b5266d9d6b7a1c51dddf9cbbc12122_formulaone_datamart","filename":"formulaone_datamart.py","lineno":103}
{"timestamp":"2025-10-05T18:48:40.932578Z","level":"warning","event":"The `airflow.operators.python.PythonOperator` attribute is deprecated. Please use `'airflow.providers.standard.operators.python.PythonOperator'`.","category":"DeprecatedImportWarning","filename":"/opt/airflow/dags/datamart/formulaone_datamart.py","lineno":2,"logger":"py.warnings"}
{"timestamp":"2025-10-05T18:48:40.932699Z","level":"warning","event":"The `airflow.operators.empty.EmptyOperator` attribute is deprecated. Please use `'airflow.providers.standard.operators.empty.EmptyOperator'`.","category":"DeprecatedImportWarning","filename":"/opt/airflow/dags/datamart/formulaone_datamart.py","lineno":3,"logger":"py.warnings"}
{"timestamp":"2025-10-05T18:49:11.168475Z","level":"info","event":"Filling up the DagBag from /opt/airflow/dags/datamart/formulaone_datamart.py","logger":"airflow.models.dagbag.DagBag","filename":"dagbag.py","lineno":593}
{"timestamp":"2025-10-05T18:49:11.200835Z","level":"info","event":"📋 Loaded 1 datamart scripts during DAG parsing","logger":"unusual_prefix_52045af345b5266d9d6b7a1c51dddf9cbbc12122_formulaone_datamart","filename":"formulaone_datamart.py","lineno":103}
{"timestamp":"2025-10-05T18:49:11.205525Z","level":"warning","event":"The `airflow.operators.python.PythonOperator` attribute is deprecated. Please use `'airflow.providers.standard.operators.python.PythonOperator'`.","category":"DeprecatedImportWarning","filename":"/opt/airflow/dags/datamart/formulaone_datamart.py","lineno":2,"logger":"py.warnings"}
{"timestamp":"2025-10-05T18:49:11.205657Z","level":"warning","event":"The `airflow.operators.empty.EmptyOperator` attribute is deprecated. Please use `'airflow.providers.standard.operators.empty.EmptyOperator'`.","category":"DeprecatedImportWarning","filename":"/opt/airflow/dags/datamart/formulaone_datamart.py","lineno":3,"logger":"py.warnings"}
{"timestamp":"2025-10-05T18:49:41.785631Z","level":"info","event":"Filling up the DagBag from /opt/airflow/dags/datamart/formulaone_datamart.py","logger":"airflow.models.dagbag.DagBag","filename":"dagbag.py","lineno":593}
{"timestamp":"2025-10-05T18:49:41.808465Z","level":"info","event":"📋 Loaded 1 datamart scripts during DAG parsing","logger":"unusual_prefix_52045af345b5266d9d6b7a1c51dddf9cbbc12122_formulaone_datamart","filename":"formulaone_datamart.py","lineno":103}
{"timestamp":"2025-10-05T18:49:41.816291Z","level":"warning","event":"The `airflow.operators.python.PythonOperator` attribute is deprecated. Please use `'airflow.providers.standard.operators.python.PythonOperator'`.","category":"DeprecatedImportWarning","filename":"/opt/airflow/dags/datamart/formulaone_datamart.py","lineno":2,"logger":"py.warnings"}
{"timestamp":"2025-10-05T18:49:41.816591Z","level":"warning","event":"The `airflow.operators.empty.EmptyOperator` attribute is deprecated. Please use `'airflow.providers.standard.operators.empty.EmptyOperator'`.","category":"DeprecatedImportWarning","filename":"/opt/airflow/dags/datamart/formulaone_datamart.py","lineno":3,"logger":"py.warnings"}
{"timestamp":"2025-10-05T18:50:12.010293Z","level":"info","event":"Filling up the DagBag from /opt/airflow/dags/datamart/formulaone_datamart.py","logger":"airflow.models.dagbag.DagBag","filename":"dagbag.py","lineno":593}
{"timestamp":"2025-10-05T18:50:12.032051Z","level":"info","event":"📋 Loaded 1 datamart scripts during DAG parsing","logger":"unusual_prefix_52045af345b5266d9d6b7a1c51dddf9cbbc12122_formulaone_datamart","filename":"formulaone_datamart.py","lineno":103}
{"timestamp":"2025-10-05T18:50:12.035468Z","level":"warning","event":"The `airflow.operators.python.PythonOperator` attribute is deprecated. Please use `'airflow.providers.standard.operators.python.PythonOperator'`.","category":"DeprecatedImportWarning","filename":"/opt/airflow/dags/datamart/formulaone_datamart.py","lineno":2,"logger":"py.warnings"}
{"timestamp":"2025-10-05T18:50:12.035585Z","level":"warning","event":"The `airflow.operators.empty.EmptyOperator` attribute is deprecated. Please use `'airflow.providers.standard.operators.empty.EmptyOperator'`.","category":"DeprecatedImportWarning","filename":"/opt/airflow/dags/datamart/formulaone_datamart.py","lineno":3,"logger":"py.warnings"}
{"timestamp":"2025-10-05T18:50:42.419624Z","level":"info","event":"Filling up the DagBag from /opt/airflow/dags/datamart/formulaone_datamart.py","logger":"airflow.models.dagbag.DagBag","filename":"dagbag.py","lineno":593}
{"timestamp":"2025-10-05T18:50:42.438216Z","level":"info","event":"📋 Loaded 1 datamart scripts during DAG parsing","logger":"unusual_prefix_52045af345b5266d9d6b7a1c51dddf9cbbc12122_formulaone_datamart","filename":"formulaone_datamart.py","lineno":103}
{"timestamp":"2025-10-05T18:50:42.441705Z","level":"warning","event":"The `airflow.operators.python.PythonOperator` attribute is deprecated. Please use `'airflow.providers.standard.operators.python.PythonOperator'`.","category":"DeprecatedImportWarning","filename":"/opt/airflow/dags/datamart/formulaone_datamart.py","lineno":2,"logger":"py.warnings"}
{"timestamp":"2025-10-05T18:50:42.441813Z","level":"warning","event":"The `airflow.operators.empty.EmptyOperator` attribute is deprecated. Please use `'airflow.providers.standard.operators.empty.EmptyOperator'`.","category":"DeprecatedImportWarning","filename":"/opt/airflow/dags/datamart/formulaone_datamart.py","lineno":3,"logger":"py.warnings"}
{"timestamp":"2025-10-05T18:51:12.688158Z","level":"info","event":"Filling up the DagBag from /opt/airflow/dags/datamart/formulaone_datamart.py","logger":"airflow.models.dagbag.DagBag","filename":"dagbag.py","lineno":593}
{"timestamp":"2025-10-05T18:51:12.708727Z","level":"info","event":"📋 Loaded 1 datamart scripts during DAG parsing","logger":"unusual_prefix_52045af345b5266d9d6b7a1c51dddf9cbbc12122_formulaone_datamart","filename":"formulaone_datamart.py","lineno":103}
{"timestamp":"2025-10-05T18:51:12.712014Z","level":"warning","event":"The `airflow.operators.python.PythonOperator` attribute is deprecated. Please use `'airflow.providers.standard.operators.python.PythonOperator'`.","category":"DeprecatedImportWarning","filename":"/opt/airflow/dags/datamart/formulaone_datamart.py","lineno":2,"logger":"py.warnings"}
{"timestamp":"2025-10-05T18:51:12.712118Z","level":"warning","event":"The `airflow.operators.empty.EmptyOperator` attribute is deprecated. Please use `'airflow.providers.standard.operators.empty.EmptyOperator'`.","category":"DeprecatedImportWarning","filename":"/opt/airflow/dags/datamart/formulaone_datamart.py","lineno":3,"logger":"py.warnings"}
{"timestamp":"2025-10-05T18:51:43.626734Z","level":"info","event":"Filling up the DagBag from /opt/airflow/dags/datamart/formulaone_datamart.py","logger":"airflow.models.dagbag.DagBag","filename":"dagbag.py","lineno":593}
{"timestamp":"2025-10-05T18:51:43.652029Z","level":"info","event":"📋 Loaded 1 datamart scripts during DAG parsing","logger":"unusual_prefix_52045af345b5266d9d6b7a1c51dddf9cbbc12122_formulaone_datamart","filename":"formulaone_datamart.py","lineno":103}
{"timestamp":"2025-10-05T18:51:43.655948Z","level":"warning","event":"The `airflow.operators.python.PythonOperator` attribute is deprecated. Please use `'airflow.providers.standard.operators.python.PythonOperator'`.","category":"DeprecatedImportWarning","filename":"/opt/airflow/dags/datamart/formulaone_datamart.py","lineno":2,"logger":"py.warnings"}
{"timestamp":"2025-10-05T18:51:43.656153Z","level":"warning","event":"The `airflow.operators.empty.EmptyOperator` attribute is deprecated. Please use `'airflow.providers.standard.operators.empty.EmptyOperator'`.","category":"DeprecatedImportWarning","filename":"/opt/airflow/dags/datamart/formulaone_datamart.py","lineno":3,"logger":"py.warnings"}
{"timestamp":"2025-10-05T18:52:13.771473Z","level":"info","event":"Filling up the DagBag from /opt/airflow/dags/datamart/formulaone_datamart.py","logger":"airflow.models.dagbag.DagBag","filename":"dagbag.py","lineno":593}
{"timestamp":"2025-10-05T18:52:13.789266Z","level":"info","event":"📋 Loaded 1 datamart scripts during DAG parsing","logger":"unusual_prefix_52045af345b5266d9d6b7a1c51dddf9cbbc12122_formulaone_datamart","filename":"formulaone_datamart.py","lineno":103}
{"timestamp":"2025-10-05T18:52:13.793052Z","level":"warning","event":"The `airflow.operators.python.PythonOperator` attribute is deprecated. Please use `'airflow.providers.standard.operators.python.PythonOperator'`.","category":"DeprecatedImportWarning","filename":"/opt/airflow/dags/datamart/formulaone_datamart.py","lineno":2,"logger":"py.warnings"}
{"timestamp":"2025-10-05T18:52:13.793172Z","level":"warning","event":"The `airflow.operators.empty.EmptyOperator` attribute is deprecated. Please use `'airflow.providers.standard.operators.empty.EmptyOperator'`.","category":"DeprecatedImportWarning","filename":"/opt/airflow/dags/datamart/formulaone_datamart.py","lineno":3,"logger":"py.warnings"}
{"timestamp":"2025-10-05T18:52:44.049713Z","level":"info","event":"Filling up the DagBag from /opt/airflow/dags/datamart/formulaone_datamart.py","logger":"airflow.models.dagbag.DagBag","filename":"dagbag.py","lineno":593}
{"timestamp":"2025-10-05T18:52:44.070271Z","level":"info","event":"📋 Loaded 1 datamart scripts during DAG parsing","logger":"unusual_prefix_52045af345b5266d9d6b7a1c51dddf9cbbc12122_formulaone_datamart","filename":"formulaone_datamart.py","lineno":103}
{"timestamp":"2025-10-05T18:52:44.073406Z","level":"warning","event":"The `airflow.operators.python.PythonOperator` attribute is deprecated. Please use `'airflow.providers.standard.operators.python.PythonOperator'`.","category":"DeprecatedImportWarning","filename":"/opt/airflow/dags/datamart/formulaone_datamart.py","lineno":2,"logger":"py.warnings"}
{"timestamp":"2025-10-05T18:52:44.073516Z","level":"warning","event":"The `airflow.operators.empty.EmptyOperator` attribute is deprecated. Please use `'airflow.providers.standard.operators.empty.EmptyOperator'`.","category":"DeprecatedImportWarning","filename":"/opt/airflow/dags/datamart/formulaone_datamart.py","lineno":3,"logger":"py.warnings"}
{"timestamp":"2025-10-05T18:53:14.358654Z","level":"info","event":"Filling up the DagBag from /opt/airflow/dags/datamart/formulaone_datamart.py","logger":"airflow.models.dagbag.DagBag","filename":"dagbag.py","lineno":593}
{"timestamp":"2025-10-05T18:53:14.378505Z","level":"info","event":"📋 Loaded 1 datamart scripts during DAG parsing","logger":"unusual_prefix_52045af345b5266d9d6b7a1c51dddf9cbbc12122_formulaone_datamart","filename":"formulaone_datamart.py","lineno":103}
{"timestamp":"2025-10-05T18:53:14.383642Z","level":"warning","event":"The `airflow.operators.python.PythonOperator` attribute is deprecated. Please use `'airflow.providers.standard.operators.python.PythonOperator'`.","category":"DeprecatedImportWarning","filename":"/opt/airflow/dags/datamart/formulaone_datamart.py","lineno":2,"logger":"py.warnings"}
{"timestamp":"2025-10-05T18:53:14.383779Z","level":"warning","event":"The `airflow.operators.empty.EmptyOperator` attribute is deprecated. Please use `'airflow.providers.standard.operators.empty.EmptyOperator'`.","category":"DeprecatedImportWarning","filename":"/opt/airflow/dags/datamart/formulaone_datamart.py","lineno":3,"logger":"py.warnings"}
{"timestamp":"2025-10-05T18:53:44.981932Z","level":"info","event":"Filling up the DagBag from /opt/airflow/dags/datamart/formulaone_datamart.py","logger":"airflow.models.dagbag.DagBag","filename":"dagbag.py","lineno":593}
{"timestamp":"2025-10-05T18:53:44.999732Z","level":"info","event":"📋 Loaded 1 datamart scripts during DAG parsing","logger":"unusual_prefix_52045af345b5266d9d6b7a1c51dddf9cbbc12122_formulaone_datamart","filename":"formulaone_datamart.py","lineno":103}
{"timestamp":"2025-10-05T18:53:45.002929Z","level":"warning","event":"The `airflow.operators.python.PythonOperator` attribute is deprecated. Please use `'airflow.providers.standard.operators.python.PythonOperator'`.","category":"DeprecatedImportWarning","filename":"/opt/airflow/dags/datamart/formulaone_datamart.py","lineno":2,"logger":"py.warnings"}
{"timestamp":"2025-10-05T18:53:45.003039Z","level":"warning","event":"The `airflow.operators.empty.EmptyOperator` attribute is deprecated. Please use `'airflow.providers.standard.operators.empty.EmptyOperator'`.","category":"DeprecatedImportWarning","filename":"/opt/airflow/dags/datamart/formulaone_datamart.py","lineno":3,"logger":"py.warnings"}
{"timestamp":"2025-10-05T18:54:15.755353Z","level":"info","event":"Filling up the DagBag from /opt/airflow/dags/datamart/formulaone_datamart.py","logger":"airflow.models.dagbag.DagBag","filename":"dagbag.py","lineno":593}
{"timestamp":"2025-10-05T18:54:15.775145Z","level":"info","event":"📋 Loaded 1 datamart scripts during DAG parsing","logger":"unusual_prefix_52045af345b5266d9d6b7a1c51dddf9cbbc12122_formulaone_datamart","filename":"formulaone_datamart.py","lineno":103}
{"timestamp":"2025-10-05T18:54:15.779118Z","level":"warning","event":"The `airflow.operators.python.PythonOperator` attribute is deprecated. Please use `'airflow.providers.standard.operators.python.PythonOperator'`.","category":"DeprecatedImportWarning","filename":"/opt/airflow/dags/datamart/formulaone_datamart.py","lineno":2,"logger":"py.warnings"}
{"timestamp":"2025-10-05T18:54:15.779300Z","level":"warning","event":"The `airflow.operators.empty.EmptyOperator` attribute is deprecated. Please use `'airflow.providers.standard.operators.empty.EmptyOperator'`.","category":"DeprecatedImportWarning","filename":"/opt/airflow/dags/datamart/formulaone_datamart.py","lineno":3,"logger":"py.warnings"}
{"timestamp":"2025-10-05T18:54:46.210976Z","level":"info","event":"Filling up the DagBag from /opt/airflow/dags/datamart/formulaone_datamart.py","logger":"airflow.models.dagbag.DagBag","filename":"dagbag.py","lineno":593}
{"timestamp":"2025-10-05T18:54:46.229991Z","level":"info","event":"📋 Loaded 1 datamart scripts during DAG parsing","logger":"unusual_prefix_52045af345b5266d9d6b7a1c51dddf9cbbc12122_formulaone_datamart","filename":"formulaone_datamart.py","lineno":103}
{"timestamp":"2025-10-05T18:54:46.233194Z","level":"warning","event":"The `airflow.operators.python.PythonOperator` attribute is deprecated. Please use `'airflow.providers.standard.operators.python.PythonOperator'`.","category":"DeprecatedImportWarning","filename":"/opt/airflow/dags/datamart/formulaone_datamart.py","lineno":2,"logger":"py.warnings"}
{"timestamp":"2025-10-05T18:54:46.233302Z","level":"warning","event":"The `airflow.operators.empty.EmptyOperator` attribute is deprecated. Please use `'airflow.providers.standard.operators.empty.EmptyOperator'`.","category":"DeprecatedImportWarning","filename":"/opt/airflow/dags/datamart/formulaone_datamart.py","lineno":3,"logger":"py.warnings"}
{"timestamp":"2025-10-05T18:55:17.176926Z","level":"info","event":"Filling up the DagBag from /opt/airflow/dags/datamart/formulaone_datamart.py","logger":"airflow.models.dagbag.DagBag","filename":"dagbag.py","lineno":593}
{"timestamp":"2025-10-05T18:55:17.207144Z","level":"info","event":"📋 Loaded 1 datamart scripts during DAG parsing","logger":"unusual_prefix_52045af345b5266d9d6b7a1c51dddf9cbbc12122_formulaone_datamart","filename":"formulaone_datamart.py","lineno":103}
{"timestamp":"2025-10-05T18:55:17.211325Z","level":"warning","event":"The `airflow.operators.python.PythonOperator` attribute is deprecated. Please use `'airflow.providers.standard.operators.python.PythonOperator'`.","category":"DeprecatedImportWarning","filename":"/opt/airflow/dags/datamart/formulaone_datamart.py","lineno":2,"logger":"py.warnings"}
{"timestamp":"2025-10-05T18:55:17.211459Z","level":"warning","event":"The `airflow.operators.empty.EmptyOperator` attribute is deprecated. Please use `'airflow.providers.standard.operators.empty.EmptyOperator'`.","category":"DeprecatedImportWarning","filename":"/opt/airflow/dags/datamart/formulaone_datamart.py","lineno":3,"logger":"py.warnings"}
{"timestamp":"2025-10-05T18:55:47.349499Z","level":"info","event":"Filling up the DagBag from /opt/airflow/dags/datamart/formulaone_datamart.py","logger":"airflow.models.dagbag.DagBag","filename":"dagbag.py","lineno":593}
{"timestamp":"2025-10-05T18:55:47.367749Z","level":"info","event":"📋 Loaded 1 datamart scripts during DAG parsing","logger":"unusual_prefix_52045af345b5266d9d6b7a1c51dddf9cbbc12122_formulaone_datamart","filename":"formulaone_datamart.py","lineno":103}
{"timestamp":"2025-10-05T18:55:47.370971Z","level":"warning","event":"The `airflow.operators.python.PythonOperator` attribute is deprecated. Please use `'airflow.providers.standard.operators.python.PythonOperator'`.","category":"DeprecatedImportWarning","filename":"/opt/airflow/dags/datamart/formulaone_datamart.py","lineno":2,"logger":"py.warnings"}
{"timestamp":"2025-10-05T18:55:47.371078Z","level":"warning","event":"The `airflow.operators.empty.EmptyOperator` attribute is deprecated. Please use `'airflow.providers.standard.operators.empty.EmptyOperator'`.","category":"DeprecatedImportWarning","filename":"/opt/airflow/dags/datamart/formulaone_datamart.py","lineno":3,"logger":"py.warnings"}
{"timestamp":"2025-10-05T18:56:17.688361Z","level":"info","event":"Filling up the DagBag from /opt/airflow/dags/datamart/formulaone_datamart.py","logger":"airflow.models.dagbag.DagBag","filename":"dagbag.py","lineno":593}
{"timestamp":"2025-10-05T18:56:17.705321Z","level":"info","event":"📋 Loaded 1 datamart scripts during DAG parsing","logger":"unusual_prefix_52045af345b5266d9d6b7a1c51dddf9cbbc12122_formulaone_datamart","filename":"formulaone_datamart.py","lineno":103}
{"timestamp":"2025-10-05T18:56:17.709654Z","level":"warning","event":"The `airflow.operators.python.PythonOperator` attribute is deprecated. Please use `'airflow.providers.standard.operators.python.PythonOperator'`.","category":"DeprecatedImportWarning","filename":"/opt/airflow/dags/datamart/formulaone_datamart.py","lineno":2,"logger":"py.warnings"}
{"timestamp":"2025-10-05T18:56:17.709805Z","level":"warning","event":"The `airflow.operators.empty.EmptyOperator` attribute is deprecated. Please use `'airflow.providers.standard.operators.empty.EmptyOperator'`.","category":"DeprecatedImportWarning","filename":"/opt/airflow/dags/datamart/formulaone_datamart.py","lineno":3,"logger":"py.warnings"}
{"timestamp":"2025-10-05T18:56:47.946410Z","level":"info","event":"Filling up the DagBag from /opt/airflow/dags/datamart/formulaone_datamart.py","logger":"airflow.models.dagbag.DagBag","filename":"dagbag.py","lineno":593}
{"timestamp":"2025-10-05T18:56:47.962026Z","level":"info","event":"📋 Loaded 1 datamart scripts during DAG parsing","logger":"unusual_prefix_52045af345b5266d9d6b7a1c51dddf9cbbc12122_formulaone_datamart","filename":"formulaone_datamart.py","lineno":103}
{"timestamp":"2025-10-05T18:56:47.965100Z","level":"warning","event":"The `airflow.operators.python.PythonOperator` attribute is deprecated. Please use `'airflow.providers.standard.operators.python.PythonOperator'`.","category":"DeprecatedImportWarning","filename":"/opt/airflow/dags/datamart/formulaone_datamart.py","lineno":2,"logger":"py.warnings"}
{"timestamp":"2025-10-05T18:56:47.965202Z","level":"warning","event":"The `airflow.operators.empty.EmptyOperator` attribute is deprecated. Please use `'airflow.providers.standard.operators.empty.EmptyOperator'`.","category":"DeprecatedImportWarning","filename":"/opt/airflow/dags/datamart/formulaone_datamart.py","lineno":3,"logger":"py.warnings"}
{"timestamp":"2025-10-05T18:57:18.126690Z","level":"info","event":"Filling up the DagBag from /opt/airflow/dags/datamart/formulaone_datamart.py","logger":"airflow.models.dagbag.DagBag","filename":"dagbag.py","lineno":593}
{"timestamp":"2025-10-05T18:57:18.143960Z","level":"info","event":"📋 Loaded 1 datamart scripts during DAG parsing","logger":"unusual_prefix_52045af345b5266d9d6b7a1c51dddf9cbbc12122_formulaone_datamart","filename":"formulaone_datamart.py","lineno":103}
{"timestamp":"2025-10-05T18:57:18.147023Z","level":"warning","event":"The `airflow.operators.python.PythonOperator` attribute is deprecated. Please use `'airflow.providers.standard.operators.python.PythonOperator'`.","category":"DeprecatedImportWarning","filename":"/opt/airflow/dags/datamart/formulaone_datamart.py","lineno":2,"logger":"py.warnings"}
{"timestamp":"2025-10-05T18:57:18.147119Z","level":"warning","event":"The `airflow.operators.empty.EmptyOperator` attribute is deprecated. Please use `'airflow.providers.standard.operators.empty.EmptyOperator'`.","category":"DeprecatedImportWarning","filename":"/opt/airflow/dags/datamart/formulaone_datamart.py","lineno":3,"logger":"py.warnings"}
{"timestamp":"2025-10-05T18:57:48.388600Z","level":"info","event":"Filling up the DagBag from /opt/airflow/dags/datamart/formulaone_datamart.py","logger":"airflow.models.dagbag.DagBag","filename":"dagbag.py","lineno":593}
{"timestamp":"2025-10-05T18:57:48.412075Z","level":"info","event":"📋 Loaded 1 datamart scripts during DAG parsing","logger":"unusual_prefix_52045af345b5266d9d6b7a1c51dddf9cbbc12122_formulaone_datamart","filename":"formulaone_datamart.py","lineno":103}
{"timestamp":"2025-10-05T18:57:48.415833Z","level":"warning","event":"The `airflow.operators.python.PythonOperator` attribute is deprecated. Please use `'airflow.providers.standard.operators.python.PythonOperator'`.","category":"DeprecatedImportWarning","filename":"/opt/airflow/dags/datamart/formulaone_datamart.py","lineno":2,"logger":"py.warnings"}
{"timestamp":"2025-10-05T18:57:48.415946Z","level":"warning","event":"The `airflow.operators.empty.EmptyOperator` attribute is deprecated. Please use `'airflow.providers.standard.operators.empty.EmptyOperator'`.","category":"DeprecatedImportWarning","filename":"/opt/airflow/dags/datamart/formulaone_datamart.py","lineno":3,"logger":"py.warnings"}
{"timestamp":"2025-10-05T18:58:18.671860Z","level":"info","event":"Filling up the DagBag from /opt/airflow/dags/datamart/formulaone_datamart.py","logger":"airflow.models.dagbag.DagBag","filename":"dagbag.py","lineno":593}
{"timestamp":"2025-10-05T18:58:18.687979Z","level":"info","event":"📋 Loaded 1 datamart scripts during DAG parsing","logger":"unusual_prefix_52045af345b5266d9d6b7a1c51dddf9cbbc12122_formulaone_datamart","filename":"formulaone_datamart.py","lineno":103}
{"timestamp":"2025-10-05T18:58:18.691148Z","level":"warning","event":"The `airflow.operators.python.PythonOperator` attribute is deprecated. Please use `'airflow.providers.standard.operators.python.PythonOperator'`.","category":"DeprecatedImportWarning","filename":"/opt/airflow/dags/datamart/formulaone_datamart.py","lineno":2,"logger":"py.warnings"}
{"timestamp":"2025-10-05T18:58:18.691246Z","level":"warning","event":"The `airflow.operators.empty.EmptyOperator` attribute is deprecated. Please use `'airflow.providers.standard.operators.empty.EmptyOperator'`.","category":"DeprecatedImportWarning","filename":"/opt/airflow/dags/datamart/formulaone_datamart.py","lineno":3,"logger":"py.warnings"}
{"timestamp":"2025-10-05T18:58:48.848655Z","level":"info","event":"Filling up the DagBag from /opt/airflow/dags/datamart/formulaone_datamart.py","logger":"airflow.models.dagbag.DagBag","filename":"dagbag.py","lineno":593}
{"timestamp":"2025-10-05T18:58:48.867618Z","level":"info","event":"📋 Loaded 1 datamart scripts during DAG parsing","logger":"unusual_prefix_52045af345b5266d9d6b7a1c51dddf9cbbc12122_formulaone_datamart","filename":"formulaone_datamart.py","lineno":103}
{"timestamp":"2025-10-05T18:58:48.872554Z","level":"warning","event":"The `airflow.operators.python.PythonOperator` attribute is deprecated. Please use `'airflow.providers.standard.operators.python.PythonOperator'`.","category":"DeprecatedImportWarning","filename":"/opt/airflow/dags/datamart/formulaone_datamart.py","lineno":2,"logger":"py.warnings"}
{"timestamp":"2025-10-05T18:58:48.872666Z","level":"warning","event":"The `airflow.operators.empty.EmptyOperator` attribute is deprecated. Please use `'airflow.providers.standard.operators.empty.EmptyOperator'`.","category":"DeprecatedImportWarning","filename":"/opt/airflow/dags/datamart/formulaone_datamart.py","lineno":3,"logger":"py.warnings"}
{"timestamp":"2025-10-05T18:59:19.801769Z","level":"info","event":"Filling up the DagBag from /opt/airflow/dags/datamart/formulaone_datamart.py","logger":"airflow.models.dagbag.DagBag","filename":"dagbag.py","lineno":593}
{"timestamp":"2025-10-05T18:59:19.821218Z","level":"info","event":"📋 Loaded 1 datamart scripts during DAG parsing","logger":"unusual_prefix_52045af345b5266d9d6b7a1c51dddf9cbbc12122_formulaone_datamart","filename":"formulaone_datamart.py","lineno":103}
{"timestamp":"2025-10-05T18:59:19.824815Z","level":"warning","event":"The `airflow.operators.python.PythonOperator` attribute is deprecated. Please use `'airflow.providers.standard.operators.python.PythonOperator'`.","category":"DeprecatedImportWarning","filename":"/opt/airflow/dags/datamart/formulaone_datamart.py","lineno":2,"logger":"py.warnings"}
{"timestamp":"2025-10-05T18:59:19.824937Z","level":"warning","event":"The `airflow.operators.empty.EmptyOperator` attribute is deprecated. Please use `'airflow.providers.standard.operators.empty.EmptyOperator'`.","category":"DeprecatedImportWarning","filename":"/opt/airflow/dags/datamart/formulaone_datamart.py","lineno":3,"logger":"py.warnings"}
