{"timestamp":"2025-10-02T10:34:22.895987Z","level":"info","event":"DAG bundles loaded: dags-folder, example_dags","logger":"airflow.dag_processing.bundles.manager.DagBundlesManager","filename":"manager.py","lineno":179}
{"timestamp":"2025-10-02T10:34:22.896896Z","level":"info","event":"Filling up the DagBag from /opt/airflow/dags/debug_other_endpoints.py","logger":"airflow.models.dagbag.DagBag","filename":"dagbag.py","lineno":593}
{"timestamp":"2025-10-02T10:34:22.925691Z","level":"warning","event":"The `airflow.operators.python.PythonOperator` attribute is deprecated. Please use `'airflow.providers.standard.operators.python.PythonOperator'`.","category":"DeprecatedImportWarning","filename":"/opt/airflow/dags/debug_other_endpoints.py","lineno":2,"logger":"py.warnings"}
{"timestamp":"2025-10-02T10:34:22.925843Z","level":"warning","event":"The `airflow.operators.empty.EmptyOperator` attribute is deprecated. Please use `'airflow.providers.standard.operators.empty.EmptyOperator'`.","category":"DeprecatedImportWarning","filename":"/opt/airflow/dags/debug_other_endpoints.py","lineno":3,"logger":"py.warnings"}
{"timestamp":"2025-10-02T10:34:22.941064Z","level":"info","event":"Task instance is in running state","logger":"task.stdout"}
{"timestamp":"2025-10-02T10:34:22.941365Z","level":"info","event":" Previous state of the Task instance: TaskInstanceState.QUEUED","logger":"task.stdout"}
{"timestamp":"2025-10-02T10:34:22.941522Z","level":"info","event":"Current task name:debug_endpoints","logger":"task.stdout"}
{"timestamp":"2025-10-02T10:34:22.941664Z","level":"info","event":"Dag name:debug_endpoints","logger":"task.stdout"}
{"timestamp":"2025-10-02T10:34:22.942950Z","level":"info","event":"🔍 Testing endpoint: drivers","logger":"unusual_prefix_20b2ea865ac7f3c3fea48acf840f614854a13edf_debug_other_endpoints","filename":"debug_other_endpoints.py","lineno":34}
{"timestamp":"2025-10-02T10:34:22.943171Z","level":"info","event":"🌐 Fetching data from: drivers","logger":"utils.api_client","filename":"api_client.py","lineno":42}
{"timestamp":"2025-10-02T10:34:22.943252Z","level":"info","event":"   Parameters: {'limit': 2}","logger":"utils.api_client","filename":"api_client.py","lineno":44}
{"timestamp":"2025-10-02T10:34:23.022106Z","level":"error","event":"❌ API request failed for drivers: HTTPSConnectionPool(host='api.openf1.org', port=443): Max retries exceeded with url: /v1/drivers?limit=2 (Caused by NameResolutionError(\"<urllib3.connection.HTTPSConnection object at 0x7f0ec446b2f0>: Failed to resolve 'api.openf1.org' ([Errno -2] Name or service not known)\"))","logger":"utils.api_client","filename":"api_client.py","lineno":55}
{"timestamp":"2025-10-02T10:34:23.022300Z","level":"info","event":"   ❌ drivers failed: HTTPSConnectionPool(host='api.openf1.org', port=443): Max retries exceeded with url: /v1/drivers?limit=2 (Caused by NameResolutionError(\"<urllib3.connection.HTTPSConnection object at 0x7f0ec446b2f0>: Failed to resolve 'api.openf1.org' ([Errno -2] Name or service not known)\"))","logger":"unusual_prefix_20b2ea865ac7f3c3fea48acf840f614854a13edf_debug_other_endpoints","filename":"debug_other_endpoints.py","lineno":42}
{"timestamp":"2025-10-02T10:34:23.022386Z","level":"info","event":"🔍 Testing endpoint: meetings","logger":"unusual_prefix_20b2ea865ac7f3c3fea48acf840f614854a13edf_debug_other_endpoints","filename":"debug_other_endpoints.py","lineno":34}
{"timestamp":"2025-10-02T10:34:23.022446Z","level":"info","event":"🌐 Fetching data from: meetings","logger":"utils.api_client","filename":"api_client.py","lineno":42}
{"timestamp":"2025-10-02T10:34:23.022507Z","level":"info","event":"   Parameters: {'limit': 2}","logger":"utils.api_client","filename":"api_client.py","lineno":44}
{"timestamp":"2025-10-02T10:34:23.025235Z","level":"error","event":"❌ API request failed for meetings: HTTPSConnectionPool(host='api.openf1.org', port=443): Max retries exceeded with url: /v1/meetings?limit=2 (Caused by NameResolutionError(\"<urllib3.connection.HTTPSConnection object at 0x7f0ec4369fd0>: Failed to resolve 'api.openf1.org' ([Errno -2] Name or service not known)\"))","logger":"utils.api_client","filename":"api_client.py","lineno":55}
{"timestamp":"2025-10-02T10:34:23.025358Z","level":"info","event":"   ❌ meetings failed: HTTPSConnectionPool(host='api.openf1.org', port=443): Max retries exceeded with url: /v1/meetings?limit=2 (Caused by NameResolutionError(\"<urllib3.connection.HTTPSConnection object at 0x7f0ec4369fd0>: Failed to resolve 'api.openf1.org' ([Errno -2] Name or service not known)\"))","logger":"unusual_prefix_20b2ea865ac7f3c3fea48acf840f614854a13edf_debug_other_endpoints","filename":"debug_other_endpoints.py","lineno":42}
{"timestamp":"2025-10-02T10:34:23.025421Z","level":"info","event":"🔍 Testing endpoint: circuits","logger":"unusual_prefix_20b2ea865ac7f3c3fea48acf840f614854a13edf_debug_other_endpoints","filename":"debug_other_endpoints.py","lineno":34}
{"timestamp":"2025-10-02T10:34:23.025472Z","level":"info","event":"🌐 Fetching data from: circuits","logger":"utils.api_client","filename":"api_client.py","lineno":42}
{"timestamp":"2025-10-02T10:34:23.025520Z","level":"info","event":"   Parameters: {'limit': 2}","logger":"utils.api_client","filename":"api_client.py","lineno":44}
{"timestamp":"2025-10-02T10:34:23.027567Z","level":"error","event":"❌ API request failed for circuits: HTTPSConnectionPool(host='api.openf1.org', port=443): Max retries exceeded with url: /v1/circuits?limit=2 (Caused by NameResolutionError(\"<urllib3.connection.HTTPSConnection object at 0x7f0ec436a450>: Failed to resolve 'api.openf1.org' ([Errno -2] Name or service not known)\"))","logger":"utils.api_client","filename":"api_client.py","lineno":55}
{"timestamp":"2025-10-02T10:34:23.027707Z","level":"info","event":"   ❌ circuits failed: HTTPSConnectionPool(host='api.openf1.org', port=443): Max retries exceeded with url: /v1/circuits?limit=2 (Caused by NameResolutionError(\"<urllib3.connection.HTTPSConnection object at 0x7f0ec436a450>: Failed to resolve 'api.openf1.org' ([Errno -2] Name or service not known)\"))","logger":"unusual_prefix_20b2ea865ac7f3c3fea48acf840f614854a13edf_debug_other_endpoints","filename":"debug_other_endpoints.py","lineno":42}
{"timestamp":"2025-10-02T10:34:23.027779Z","level":"info","event":"🔍 Testing endpoint: teams","logger":"unusual_prefix_20b2ea865ac7f3c3fea48acf840f614854a13edf_debug_other_endpoints","filename":"debug_other_endpoints.py","lineno":34}
{"timestamp":"2025-10-02T10:34:23.027831Z","level":"info","event":"🌐 Fetching data from: teams","logger":"utils.api_client","filename":"api_client.py","lineno":42}
{"timestamp":"2025-10-02T10:34:23.027880Z","level":"info","event":"   Parameters: {'limit': 2}","logger":"utils.api_client","filename":"api_client.py","lineno":44}
{"timestamp":"2025-10-02T10:34:23.030004Z","level":"error","event":"❌ API request failed for teams: HTTPSConnectionPool(host='api.openf1.org', port=443): Max retries exceeded with url: /v1/teams?limit=2 (Caused by NameResolutionError(\"<urllib3.connection.HTTPSConnection object at 0x7f0ec436a720>: Failed to resolve 'api.openf1.org' ([Errno -2] Name or service not known)\"))","logger":"utils.api_client","filename":"api_client.py","lineno":55}
{"timestamp":"2025-10-02T10:34:23.030124Z","level":"info","event":"   ❌ teams failed: HTTPSConnectionPool(host='api.openf1.org', port=443): Max retries exceeded with url: /v1/teams?limit=2 (Caused by NameResolutionError(\"<urllib3.connection.HTTPSConnection object at 0x7f0ec436a720>: Failed to resolve 'api.openf1.org' ([Errno -2] Name or service not known)\"))","logger":"unusual_prefix_20b2ea865ac7f3c3fea48acf840f614854a13edf_debug_other_endpoints","filename":"debug_other_endpoints.py","lineno":42}
{"timestamp":"2025-10-02T10:34:23.030189Z","level":"info","event":"🔍 Testing endpoint: laps","logger":"unusual_prefix_20b2ea865ac7f3c3fea48acf840f614854a13edf_debug_other_endpoints","filename":"debug_other_endpoints.py","lineno":34}
{"timestamp":"2025-10-02T10:34:23.030250Z","level":"info","event":"🌐 Fetching data from: laps","logger":"utils.api_client","filename":"api_client.py","lineno":42}
{"timestamp":"2025-10-02T10:34:23.030303Z","level":"info","event":"   Parameters: {'limit': 2}","logger":"utils.api_client","filename":"api_client.py","lineno":44}
{"timestamp":"2025-10-02T10:34:23.032076Z","level":"error","event":"❌ API request failed for laps: HTTPSConnectionPool(host='api.openf1.org', port=443): Max retries exceeded with url: /v1/laps?limit=2 (Caused by NameResolutionError(\"<urllib3.connection.HTTPSConnection object at 0x7f0ec436a570>: Failed to resolve 'api.openf1.org' ([Errno -2] Name or service not known)\"))","logger":"utils.api_client","filename":"api_client.py","lineno":55}
{"timestamp":"2025-10-02T10:34:23.032179Z","level":"info","event":"   ❌ laps failed: HTTPSConnectionPool(host='api.openf1.org', port=443): Max retries exceeded with url: /v1/laps?limit=2 (Caused by NameResolutionError(\"<urllib3.connection.HTTPSConnection object at 0x7f0ec436a570>: Failed to resolve 'api.openf1.org' ([Errno -2] Name or service not known)\"))","logger":"unusual_prefix_20b2ea865ac7f3c3fea48acf840f614854a13edf_debug_other_endpoints","filename":"debug_other_endpoints.py","lineno":42}
{"timestamp":"2025-10-02T10:34:23.032242Z","level":"info","event":"🔍 Testing endpoint: intervals","logger":"unusual_prefix_20b2ea865ac7f3c3fea48acf840f614854a13edf_debug_other_endpoints","filename":"debug_other_endpoints.py","lineno":34}
{"timestamp":"2025-10-02T10:34:23.032325Z","level":"info","event":"🌐 Fetching data from: intervals","logger":"utils.api_client","filename":"api_client.py","lineno":42}
{"timestamp":"2025-10-02T10:34:23.032377Z","level":"info","event":"   Parameters: {'limit': 2}","logger":"utils.api_client","filename":"api_client.py","lineno":44}
{"timestamp":"2025-10-02T10:34:23.034234Z","level":"error","event":"❌ API request failed for intervals: HTTPSConnectionPool(host='api.openf1.org', port=443): Max retries exceeded with url: /v1/intervals?limit=2 (Caused by NameResolutionError(\"<urllib3.connection.HTTPSConnection object at 0x7f0ec436a030>: Failed to resolve 'api.openf1.org' ([Errno -2] Name or service not known)\"))","logger":"utils.api_client","filename":"api_client.py","lineno":55}
{"timestamp":"2025-10-02T10:34:23.034347Z","level":"info","event":"   ❌ intervals failed: HTTPSConnectionPool(host='api.openf1.org', port=443): Max retries exceeded with url: /v1/intervals?limit=2 (Caused by NameResolutionError(\"<urllib3.connection.HTTPSConnection object at 0x7f0ec436a030>: Failed to resolve 'api.openf1.org' ([Errno -2] Name or service not known)\"))","logger":"unusual_prefix_20b2ea865ac7f3c3fea48acf840f614854a13edf_debug_other_endpoints","filename":"debug_other_endpoints.py","lineno":42}
{"timestamp":"2025-10-02T10:34:23.034409Z","level":"info","event":"🔍 Testing endpoint: position","logger":"unusual_prefix_20b2ea865ac7f3c3fea48acf840f614854a13edf_debug_other_endpoints","filename":"debug_other_endpoints.py","lineno":34}
{"timestamp":"2025-10-02T10:34:23.034459Z","level":"info","event":"🌐 Fetching data from: position","logger":"utils.api_client","filename":"api_client.py","lineno":42}
{"timestamp":"2025-10-02T10:34:23.034505Z","level":"info","event":"   Parameters: {'limit': 2}","logger":"utils.api_client","filename":"api_client.py","lineno":44}
{"timestamp":"2025-10-02T10:34:23.036392Z","level":"error","event":"❌ API request failed for position: HTTPSConnectionPool(host='api.openf1.org', port=443): Max retries exceeded with url: /v1/position?limit=2 (Caused by NameResolutionError(\"<urllib3.connection.HTTPSConnection object at 0x7f0ec436aa80>: Failed to resolve 'api.openf1.org' ([Errno -2] Name or service not known)\"))","logger":"utils.api_client","filename":"api_client.py","lineno":55}
{"timestamp":"2025-10-02T10:34:23.036505Z","level":"info","event":"   ❌ position failed: HTTPSConnectionPool(host='api.openf1.org', port=443): Max retries exceeded with url: /v1/position?limit=2 (Caused by NameResolutionError(\"<urllib3.connection.HTTPSConnection object at 0x7f0ec436aa80>: Failed to resolve 'api.openf1.org' ([Errno -2] Name or service not known)\"))","logger":"unusual_prefix_20b2ea865ac7f3c3fea48acf840f614854a13edf_debug_other_endpoints","filename":"debug_other_endpoints.py","lineno":42}
{"timestamp":"2025-10-02T10:34:23.036568Z","level":"info","event":"🔍 Testing endpoint: stints","logger":"unusual_prefix_20b2ea865ac7f3c3fea48acf840f614854a13edf_debug_other_endpoints","filename":"debug_other_endpoints.py","lineno":34}
{"timestamp":"2025-10-02T10:34:23.036617Z","level":"info","event":"🌐 Fetching data from: stints","logger":"utils.api_client","filename":"api_client.py","lineno":42}
{"timestamp":"2025-10-02T10:34:23.036665Z","level":"info","event":"   Parameters: {'limit': 2}","logger":"utils.api_client","filename":"api_client.py","lineno":44}
{"timestamp":"2025-10-02T10:34:23.038301Z","level":"error","event":"❌ API request failed for stints: HTTPSConnectionPool(host='api.openf1.org', port=443): Max retries exceeded with url: /v1/stints?limit=2 (Caused by NameResolutionError(\"<urllib3.connection.HTTPSConnection object at 0x7f0ec436af00>: Failed to resolve 'api.openf1.org' ([Errno -2] Name or service not known)\"))","logger":"utils.api_client","filename":"api_client.py","lineno":55}
{"timestamp":"2025-10-02T10:34:23.038444Z","level":"info","event":"   ❌ stints failed: HTTPSConnectionPool(host='api.openf1.org', port=443): Max retries exceeded with url: /v1/stints?limit=2 (Caused by NameResolutionError(\"<urllib3.connection.HTTPSConnection object at 0x7f0ec436af00>: Failed to resolve 'api.openf1.org' ([Errno -2] Name or service not known)\"))","logger":"unusual_prefix_20b2ea865ac7f3c3fea48acf840f614854a13edf_debug_other_endpoints","filename":"debug_other_endpoints.py","lineno":42}
{"timestamp":"2025-10-02T10:34:23.038509Z","level":"info","event":"🔍 Testing endpoint: pit","logger":"unusual_prefix_20b2ea865ac7f3c3fea48acf840f614854a13edf_debug_other_endpoints","filename":"debug_other_endpoints.py","lineno":34}
{"timestamp":"2025-10-02T10:34:23.038561Z","level":"info","event":"🌐 Fetching data from: pit","logger":"utils.api_client","filename":"api_client.py","lineno":42}
{"timestamp":"2025-10-02T10:34:23.038608Z","level":"info","event":"   Parameters: {'limit': 2}","logger":"utils.api_client","filename":"api_client.py","lineno":44}
{"timestamp":"2025-10-02T10:34:23.040342Z","level":"error","event":"❌ API request failed for pit: HTTPSConnectionPool(host='api.openf1.org', port=443): Max retries exceeded with url: /v1/pit?limit=2 (Caused by NameResolutionError(\"<urllib3.connection.HTTPSConnection object at 0x7f0ec436b2c0>: Failed to resolve 'api.openf1.org' ([Errno -2] Name or service not known)\"))","logger":"utils.api_client","filename":"api_client.py","lineno":55}
{"timestamp":"2025-10-02T10:34:23.040446Z","level":"info","event":"   ❌ pit failed: HTTPSConnectionPool(host='api.openf1.org', port=443): Max retries exceeded with url: /v1/pit?limit=2 (Caused by NameResolutionError(\"<urllib3.connection.HTTPSConnection object at 0x7f0ec436b2c0>: Failed to resolve 'api.openf1.org' ([Errno -2] Name or service not known)\"))","logger":"unusual_prefix_20b2ea865ac7f3c3fea48acf840f614854a13edf_debug_other_endpoints","filename":"debug_other_endpoints.py","lineno":42}
{"timestamp":"2025-10-02T10:34:23.040512Z","level":"info","event":"🔍 Testing endpoint: weather","logger":"unusual_prefix_20b2ea865ac7f3c3fea48acf840f614854a13edf_debug_other_endpoints","filename":"debug_other_endpoints.py","lineno":34}
{"timestamp":"2025-10-02T10:34:23.040562Z","level":"info","event":"🌐 Fetching data from: weather","logger":"utils.api_client","filename":"api_client.py","lineno":42}
{"timestamp":"2025-10-02T10:34:23.040609Z","level":"info","event":"   Parameters: {'limit': 2}","logger":"utils.api_client","filename":"api_client.py","lineno":44}
{"timestamp":"2025-10-02T10:34:23.042559Z","level":"error","event":"❌ API request failed for weather: HTTPSConnectionPool(host='api.openf1.org', port=443): Max retries exceeded with url: /v1/weather?limit=2 (Caused by NameResolutionError(\"<urllib3.connection.HTTPSConnection object at 0x7f0ec436b7a0>: Failed to resolve 'api.openf1.org' ([Errno -2] Name or service not known)\"))","logger":"utils.api_client","filename":"api_client.py","lineno":55}
{"timestamp":"2025-10-02T10:34:23.042681Z","level":"info","event":"   ❌ weather failed: HTTPSConnectionPool(host='api.openf1.org', port=443): Max retries exceeded with url: /v1/weather?limit=2 (Caused by NameResolutionError(\"<urllib3.connection.HTTPSConnection object at 0x7f0ec436b7a0>: Failed to resolve 'api.openf1.org' ([Errno -2] Name or service not known)\"))","logger":"unusual_prefix_20b2ea865ac7f3c3fea48acf840f614854a13edf_debug_other_endpoints","filename":"debug_other_endpoints.py","lineno":42}
{"timestamp":"2025-10-02T10:34:23.042748Z","level":"info","event":"🎯 SUMMARY:","logger":"unusual_prefix_20b2ea865ac7f3c3fea48acf840f614854a13edf_debug_other_endpoints","filename":"debug_other_endpoints.py","lineno":44}
{"timestamp":"2025-10-02T10:34:23.042798Z","level":"info","event":"Working endpoints: []","logger":"unusual_prefix_20b2ea865ac7f3c3fea48acf840f614854a13edf_debug_other_endpoints","filename":"debug_other_endpoints.py","lineno":45}
{"timestamp":"2025-10-02T10:34:23.042850Z","level":"error","event":"❌ Endpoint debug failed: No endpoints worked","logger":"unusual_prefix_20b2ea865ac7f3c3fea48acf840f614854a13edf_debug_other_endpoints","filename":"debug_other_endpoints.py","lineno":53}
{"timestamp":"2025-10-02T10:34:23.042984Z","level":"error","event":"Task failed with exception","logger":"task","filename":"task_runner.py","lineno":994,"error_detail":[{"exc_type":"Exception","exc_value":"No endpoints worked","exc_notes":[],"syntax_error":null,"is_cause":false,"frames":[{"filename":"/home/airflow/.local/lib/python3.12/site-packages/airflow/sdk/execution_time/task_runner.py","lineno":920,"name":"run"},{"filename":"/home/airflow/.local/lib/python3.12/site-packages/airflow/sdk/execution_time/task_runner.py","lineno":1307,"name":"_execute_task"},{"filename":"/home/airflow/.local/lib/python3.12/site-packages/airflow/sdk/bases/operator.py","lineno":416,"name":"wrapper"},{"filename":"/home/airflow/.local/lib/python3.12/site-packages/airflow/providers/standard/operators/python.py","lineno":216,"name":"execute"},{"filename":"/home/airflow/.local/lib/python3.12/site-packages/airflow/providers/standard/operators/python.py","lineno":239,"name":"execute_callable"},{"filename":"/home/airflow/.local/lib/python3.12/site-packages/airflow/sdk/execution_time/callback_runner.py","lineno":82,"name":"run"},{"filename":"/opt/airflow/dags/debug_other_endpoints.py","lineno":50,"name":"debug_endpoints"}],"is_group":false,"exceptions":[]}]}
{"timestamp":"2025-10-02T10:34:23.044359Z","level":"info","event":"Task instance in failure state","logger":"task.stdout"}
{"timestamp":"2025-10-02T10:34:23.044592Z","level":"info","event":"Task start","logger":"task.stdout"}
{"timestamp":"2025-10-02T10:34:23.044772Z","level":"info","event":"Task:<Task(PythonOperator): debug_endpoints>","logger":"task.stdout"}
{"timestamp":"2025-10-02T10:34:23.044949Z","level":"info","event":"Failure caused by No endpoints worked","logger":"task.stdout"}
