{"timestamp":"2025-10-05T18:34:25.152370Z","level":"info","event":"DAG bundles loaded: dags-folder, example_dags","logger":"airflow.dag_processing.bundles.manager.DagBundlesManager","filename":"manager.py","lineno":179}
{"timestamp":"2025-10-05T18:34:25.153587Z","level":"info","event":"Filling up the DagBag from /opt/airflow/dags/lake/historical_load_dynamic.py","logger":"airflow.models.dagbag.DagBag","filename":"dagbag.py","lineno":593}
{"timestamp":"2025-10-05T18:34:25.191875Z","level":"info","event":"📋 Loaded 12 tables from YAML","logger":"unusual_prefix_5b7818437388b2ed545ea23189c6c0fb9a0fc2a4_historical_load_dynamic","filename":"historical_load_dynamic.py","lineno":161}
{"timestamp":"2025-10-05T18:34:25.197273Z","level":"warning","event":"The `airflow.operators.python.PythonOperator` attribute is deprecated. Please use `'airflow.providers.standard.operators.python.PythonOperator'`.","category":"DeprecatedImportWarning","filename":"/opt/airflow/dags/lake/historical_load_dynamic.py","lineno":2,"logger":"py.warnings"}
{"timestamp":"2025-10-05T18:34:25.197440Z","level":"warning","event":"The `airflow.operators.empty.EmptyOperator` attribute is deprecated. Please use `'airflow.providers.standard.operators.empty.EmptyOperator'`.","category":"DeprecatedImportWarning","filename":"/opt/airflow/dags/lake/historical_load_dynamic.py","lineno":3,"logger":"py.warnings"}
{"timestamp":"2025-10-05T18:34:25.217261Z","level":"info","event":"Task instance is in running state","logger":"task.stdout"}
{"timestamp":"2025-10-05T18:34:25.217698Z","level":"info","event":" Previous state of the Task instance: TaskInstanceState.QUEUED","logger":"task.stdout"}
{"timestamp":"2025-10-05T18:34:25.217936Z","level":"info","event":"Current task name:fetchdata_lake_races","logger":"task.stdout"}
{"timestamp":"2025-10-05T18:34:25.218114Z","level":"info","event":"Dag name:historical_load_parallel","logger":"task.stdout"}
{"timestamp":"2025-10-05T18:34:25.219023Z","level":"info","event":"🏎️  Starting load for table: lake_races","logger":"unusual_prefix_5b7818437388b2ed545ea23189c6c0fb9a0fc2a4_historical_load_dynamic","filename":"historical_load_dynamic.py","lineno":40}
{"timestamp":"2025-10-05T18:34:25.232675Z","level":"info","event":"Running statement: \n            SELECT source_file, column_name, data_type, column_order\n            FROM formulaone_metadata \n            WHERE dag_name = 'formulaone_historical' \n              AND table_name = %s\n            ORDER BY column_order;\n            , parameters: ('lake_races',)","logger":"airflow.task.hooks.airflow.providers.postgres.hooks.postgres.PostgresHook","filename":"sql.py","lineno":810}
{"timestamp":"2025-10-05T18:34:25.236576Z","level":"info","event":"Rows affected: 18","logger":"airflow.task.hooks.airflow.providers.postgres.hooks.postgres.PostgresHook","filename":"sql.py","lineno":822}
{"timestamp":"2025-10-05T18:34:25.237728Z","level":"info","event":"   📁 Processing: lake_races from races.csv","logger":"unusual_prefix_5b7818437388b2ed545ea23189c6c0fb9a0fc2a4_historical_load_dynamic","filename":"historical_load_dynamic.py","lineno":62}
{"timestamp":"2025-10-05T18:34:25.241369Z","level":"info","event":"   🗄️  Ensuring table exists: lake_races","logger":"unusual_prefix_5b7818437388b2ed545ea23189c6c0fb9a0fc2a4_historical_load_dynamic","filename":"historical_load_dynamic.py","lineno":71}
{"timestamp":"2025-10-05T18:34:25.247153Z","level":"info","event":"Running statement: CREATE TABLE IF NOT EXISTS lake_races (raceId INTEGER, year INTEGER, round INTEGER, circuitId INTEGER, name VARCHAR, date VARCHAR, time VARCHAR, url VARCHAR, fp1_date VARCHAR, fp1_time VARCHAR, fp2_date VARCHAR, fp2_time VARCHAR, fp3_date VARCHAR, fp3_time VARCHAR, quali_date VARCHAR, quali_time VARCHAR, sprint_date VARCHAR, sprint_time VARCHAR);, parameters: None","logger":"airflow.task.hooks.airflow.providers.postgres.hooks.postgres.PostgresHook","filename":"sql.py","lineno":810}
{"timestamp":"2025-10-05T18:34:25.248242Z","level":"info","event":"   🗑️  Truncating table: lake_races","logger":"unusual_prefix_5b7818437388b2ed545ea23189c6c0fb9a0fc2a4_historical_load_dynamic","filename":"historical_load_dynamic.py","lineno":76}
{"timestamp":"2025-10-05T18:34:25.253440Z","level":"info","event":"Running statement: TRUNCATE TABLE lake_races;, parameters: None","logger":"airflow.task.hooks.airflow.providers.postgres.hooks.postgres.PostgresHook","filename":"sql.py","lineno":810}
{"timestamp":"2025-10-05T18:34:25.259975Z","level":"info","event":"   📥 Reading CSV in chunks: races.csv","logger":"unusual_prefix_5b7818437388b2ed545ea23189c6c0fb9a0fc2a4_historical_load_dynamic","filename":"historical_load_dynamic.py","lineno":80}
{"timestamp":"2025-10-05T18:34:25.313969Z","level":"info","event":"   📦 Processing chunk 1","logger":"unusual_prefix_5b7818437388b2ed545ea23189c6c0fb9a0fc2a4_historical_load_dynamic","filename":"historical_load_dynamic.py","lineno":92}
{"timestamp":"2025-10-05T18:34:25.879483Z","level":"info","event":"   ✅ Chunk 1 loaded: 1125 rows (Total: 1125)","logger":"unusual_prefix_5b7818437388b2ed545ea23189c6c0fb9a0fc2a4_historical_load_dynamic","filename":"historical_load_dynamic.py","lineno":116}
{"timestamp":"2025-10-05T18:34:25.882836Z","level":"info","event":"Running statement: SELECT COUNT(*) FROM lake_races;, parameters: None","logger":"airflow.task.hooks.airflow.providers.postgres.hooks.postgres.PostgresHook","filename":"sql.py","lineno":810}
{"timestamp":"2025-10-05T18:34:25.885067Z","level":"info","event":"Rows affected: 1","logger":"airflow.task.hooks.airflow.providers.postgres.hooks.postgres.PostgresHook","filename":"sql.py","lineno":822}
{"timestamp":"2025-10-05T18:34:25.885439Z","level":"info","event":"   🎉 Successfully loaded 1125 total rows into lake_races","logger":"unusual_prefix_5b7818437388b2ed545ea23189c6c0fb9a0fc2a4_historical_load_dynamic","filename":"historical_load_dynamic.py","lineno":121}
{"timestamp":"2025-10-05T18:34:25.886144Z","level":"info","event":"Done. Returned value was: Loaded 1125 rows into lake_races","logger":"airflow.task.operators.airflow.providers.standard.operators.python.PythonOperator","filename":"python.py","lineno":218}
{"timestamp":"2025-10-05T18:34:25.886370Z","level":"info","event":"Pushing xcom","ti":"RuntimeTaskInstance(id=UUID('0199b5a7-4279-766a-8cd1-64e76356b21f'), task_id='fetchdata_lake_races', dag_id='historical_load_parallel', run_id='manual__2025-10-05T18:34:21.660107+00:00', try_number=1, dag_version_id=UUID('0199b59e-61f8-7715-a9fa-aefa7d476561'), map_index=-1, hostname='711441183d4b', context_carrier={}, task=<Task(PythonOperator): fetchdata_lake_races>, bundle_instance=LocalDagBundle(name=dags-folder), max_tries=0, start_date=datetime.datetime(2025, 10, 5, 18, 34, 24, 678355, tzinfo=datetime.timezone.utc), end_date=None, state=<TaskInstanceState.RUNNING: 'running'>, is_mapped=False, rendered_map_index=None)","logger":"task","filename":"task_runner.py","lineno":1352}
{"timestamp":"2025-10-05T18:34:25.923613Z","level":"info","event":"Task instance in success state","logger":"task.stdout"}
{"timestamp":"2025-10-05T18:34:25.924023Z","level":"info","event":" Previous state of the Task instance: TaskInstanceState.RUNNING","logger":"task.stdout"}
{"timestamp":"2025-10-05T18:34:25.924345Z","level":"info","event":"Task operator:<Task(PythonOperator): fetchdata_lake_races>","logger":"task.stdout"}
