{"timestamp":"2025-10-05T17:24:51.136136Z","level":"info","event":"DAG bundles loaded: dags-folder, example_dags","logger":"airflow.dag_processing.bundles.manager.DagBundlesManager","filename":"manager.py","lineno":179}
{"timestamp":"2025-10-05T17:24:51.137573Z","level":"info","event":"Filling up the DagBag from /opt/airflow/dags/lake/historical_load_dynamic.py","logger":"airflow.models.dagbag.DagBag","filename":"dagbag.py","lineno":593}
{"timestamp":"2025-10-05T17:24:51.175618Z","level":"info","event":"📋 Loaded 1 tables from YAML","logger":"unusual_prefix_5b7818437388b2ed545ea23189c6c0fb9a0fc2a4_historical_load_dynamic","filename":"historical_load_dynamic.py","lineno":155}
{"timestamp":"2025-10-05T17:24:51.179976Z","level":"warning","event":"The `airflow.operators.python.PythonOperator` attribute is deprecated. Please use `'airflow.providers.standard.operators.python.PythonOperator'`.","category":"DeprecatedImportWarning","filename":"/opt/airflow/dags/lake/historical_load_dynamic.py","lineno":2,"logger":"py.warnings"}
{"timestamp":"2025-10-05T17:24:51.180082Z","level":"warning","event":"The `airflow.operators.empty.EmptyOperator` attribute is deprecated. Please use `'airflow.providers.standard.operators.empty.EmptyOperator'`.","category":"DeprecatedImportWarning","filename":"/opt/airflow/dags/lake/historical_load_dynamic.py","lineno":3,"logger":"py.warnings"}
{"timestamp":"2025-10-05T17:24:51.217455Z","level":"info","event":"Task instance is in running state","logger":"task.stdout"}
{"timestamp":"2025-10-05T17:24:51.217901Z","level":"info","event":" Previous state of the Task instance: TaskInstanceState.QUEUED","logger":"task.stdout"}
{"timestamp":"2025-10-05T17:24:51.218405Z","level":"info","event":"Current task name:fetchdata_lake_pit_stops","logger":"task.stdout"}
{"timestamp":"2025-10-05T17:24:51.218714Z","level":"info","event":"Dag name:historical_load_parallel","logger":"task.stdout"}
{"timestamp":"2025-10-05T17:24:51.220027Z","level":"info","event":"🏎️  Starting load for table: lake_pit_stops","logger":"unusual_prefix_5b7818437388b2ed545ea23189c6c0fb9a0fc2a4_historical_load_dynamic","filename":"historical_load_dynamic.py","lineno":40}
{"timestamp":"2025-10-05T17:24:51.235393Z","level":"info","event":"Running statement: \n            SELECT source_file, column_name, data_type, column_order\n            FROM formulaone_metadata \n            WHERE dag_name = 'formulaone_historical' \n              AND table_name = %s\n            ORDER BY column_order;\n            , parameters: ('lake_pit_stops',)","logger":"airflow.task.hooks.airflow.providers.postgres.hooks.postgres.PostgresHook","filename":"sql.py","lineno":810}
{"timestamp":"2025-10-05T17:24:51.237436Z","level":"info","event":"Rows affected: 7","logger":"airflow.task.hooks.airflow.providers.postgres.hooks.postgres.PostgresHook","filename":"sql.py","lineno":822}
{"timestamp":"2025-10-05T17:24:51.237811Z","level":"info","event":"   📁 Processing: lake_pit_stops from pit_stops.csv","logger":"unusual_prefix_5b7818437388b2ed545ea23189c6c0fb9a0fc2a4_historical_load_dynamic","filename":"historical_load_dynamic.py","lineno":62}
{"timestamp":"2025-10-05T17:24:51.239612Z","level":"info","event":"   📥 Reading CSV: pit_stops.csv","logger":"unusual_prefix_5b7818437388b2ed545ea23189c6c0fb9a0fc2a4_historical_load_dynamic","filename":"historical_load_dynamic.py","lineno":71}
{"timestamp":"2025-10-05T17:24:51.429365Z","level":"info","event":"   📊 Read 11371 rows from pit_stops.csv","logger":"unusual_prefix_5b7818437388b2ed545ea23189c6c0fb9a0fc2a4_historical_load_dynamic","filename":"historical_load_dynamic.py","lineno":73}
{"timestamp":"2025-10-05T17:24:51.429616Z","level":"info","event":"   🔧 Normalized columns to lowercase: ['raceid', 'driverid', 'stop', 'lap', 'time', 'duration', 'milliseconds']","logger":"unusual_prefix_5b7818437388b2ed545ea23189c6c0fb9a0fc2a4_historical_load_dynamic","filename":"historical_load_dynamic.py","lineno":77}
{"timestamp":"2025-10-05T17:24:51.430289Z","level":"info","event":"   🗄️  Ensuring table exists: lake_pit_stops","logger":"unusual_prefix_5b7818437388b2ed545ea23189c6c0fb9a0fc2a4_historical_load_dynamic","filename":"historical_load_dynamic.py","lineno":94}
{"timestamp":"2025-10-05T17:24:51.434032Z","level":"info","event":"Running statement: CREATE TABLE IF NOT EXISTS lake_pit_stops (raceId INTEGER, driverId INTEGER, stop INTEGER, lap INTEGER, time VARCHAR, duration VARCHAR, milliseconds INTEGER);, parameters: None","logger":"airflow.task.hooks.airflow.providers.postgres.hooks.postgres.PostgresHook","filename":"sql.py","lineno":810}
{"timestamp":"2025-10-05T17:24:51.434957Z","level":"info","event":"   🗑️  Truncating table: lake_pit_stops","logger":"unusual_prefix_5b7818437388b2ed545ea23189c6c0fb9a0fc2a4_historical_load_dynamic","filename":"historical_load_dynamic.py","lineno":99}
{"timestamp":"2025-10-05T17:24:51.437563Z","level":"info","event":"Running statement: TRUNCATE TABLE lake_pit_stops;, parameters: None","logger":"airflow.task.hooks.airflow.providers.postgres.hooks.postgres.PostgresHook","filename":"sql.py","lineno":810}
{"timestamp":"2025-10-05T17:24:51.441893Z","level":"info","event":"   📤 Loading 11371 rows into lake_pit_stops","logger":"unusual_prefix_5b7818437388b2ed545ea23189c6c0fb9a0fc2a4_historical_load_dynamic","filename":"historical_load_dynamic.py","lineno":102}
{"timestamp":"2025-10-05T17:24:52.984095Z","level":"info","event":"Running statement: SELECT COUNT(*) FROM lake_pit_stops;, parameters: None","logger":"airflow.task.hooks.airflow.providers.postgres.hooks.postgres.PostgresHook","filename":"sql.py","lineno":810}
{"timestamp":"2025-10-05T17:24:52.986112Z","level":"info","event":"Rows affected: 1","logger":"airflow.task.hooks.airflow.providers.postgres.hooks.postgres.PostgresHook","filename":"sql.py","lineno":822}
{"timestamp":"2025-10-05T17:24:52.986480Z","level":"info","event":"   ✅ Successfully loaded 11371 rows into lake_pit_stops","logger":"unusual_prefix_5b7818437388b2ed545ea23189c6c0fb9a0fc2a4_historical_load_dynamic","filename":"historical_load_dynamic.py","lineno":115}
{"timestamp":"2025-10-05T17:24:52.987145Z","level":"info","event":"Done. Returned value was: Loaded 11371 rows into lake_pit_stops","logger":"airflow.task.operators.airflow.providers.standard.operators.python.PythonOperator","filename":"python.py","lineno":218}
{"timestamp":"2025-10-05T17:24:52.987463Z","level":"info","event":"Pushing xcom","ti":"RuntimeTaskInstance(id=UUID('0199b567-90f8-7889-8901-c47a81706e76'), task_id='fetchdata_lake_pit_stops', dag_id='historical_load_parallel', run_id='manual__2025-10-05T17:24:47.464185+00:00', try_number=1, dag_version_id=UUID('0199b566-0621-7a4b-8c31-238735f8b57d'), map_index=-1, hostname='9139d8ace0f9', context_carrier={}, task=<Task(PythonOperator): fetchdata_lake_pit_stops>, bundle_instance=LocalDagBundle(name=dags-folder), max_tries=0, start_date=datetime.datetime(2025, 10, 5, 17, 24, 50, 665834, tzinfo=datetime.timezone.utc), end_date=None, state=<TaskInstanceState.RUNNING: 'running'>, is_mapped=False, rendered_map_index=None)","logger":"task","filename":"task_runner.py","lineno":1352}
{"timestamp":"2025-10-05T17:24:53.013087Z","level":"info","event":"Task instance in success state","logger":"task.stdout"}
{"timestamp":"2025-10-05T17:24:53.013406Z","level":"info","event":" Previous state of the Task instance: TaskInstanceState.RUNNING","logger":"task.stdout"}
{"timestamp":"2025-10-05T17:24:53.013611Z","level":"info","event":"Task operator:<Task(PythonOperator): fetchdata_lake_pit_stops>","logger":"task.stdout"}
