{"timestamp":"2025-10-05T17:22:19.778608Z","level":"info","event":"DAG bundles loaded: dags-folder, example_dags","logger":"airflow.dag_processing.bundles.manager.DagBundlesManager","filename":"manager.py","lineno":179}
{"timestamp":"2025-10-05T17:22:19.780515Z","level":"info","event":"Filling up the DagBag from /opt/airflow/dags/lake/historical_load_dynamic.py","logger":"airflow.models.dagbag.DagBag","filename":"dagbag.py","lineno":593}
{"timestamp":"2025-10-05T17:22:19.814838Z","level":"info","event":"📋 Loaded 1 tables from YAML","logger":"unusual_prefix_5b7818437388b2ed545ea23189c6c0fb9a0fc2a4_historical_load_dynamic","filename":"historical_load_dynamic.py","lineno":155}
{"timestamp":"2025-10-05T17:22:19.820139Z","level":"warning","event":"The `airflow.operators.python.PythonOperator` attribute is deprecated. Please use `'airflow.providers.standard.operators.python.PythonOperator'`.","category":"DeprecatedImportWarning","filename":"/opt/airflow/dags/lake/historical_load_dynamic.py","lineno":2,"logger":"py.warnings"}
{"timestamp":"2025-10-05T17:22:19.820281Z","level":"warning","event":"The `airflow.operators.empty.EmptyOperator` attribute is deprecated. Please use `'airflow.providers.standard.operators.empty.EmptyOperator'`.","category":"DeprecatedImportWarning","filename":"/opt/airflow/dags/lake/historical_load_dynamic.py","lineno":3,"logger":"py.warnings"}
{"timestamp":"2025-10-05T17:22:19.840352Z","level":"info","event":"Task instance is in running state","logger":"task.stdout"}
{"timestamp":"2025-10-05T17:22:19.841255Z","level":"info","event":" Previous state of the Task instance: TaskInstanceState.QUEUED","logger":"task.stdout"}
{"timestamp":"2025-10-05T17:22:19.841758Z","level":"info","event":"Current task name:fetchdata_lake_sprint_results","logger":"task.stdout"}
{"timestamp":"2025-10-05T17:22:19.842207Z","level":"info","event":"Dag name:historical_load_parallel","logger":"task.stdout"}
{"timestamp":"2025-10-05T17:22:19.843128Z","level":"info","event":"🏎️  Starting load for table: lake_sprint_results","logger":"unusual_prefix_5b7818437388b2ed545ea23189c6c0fb9a0fc2a4_historical_load_dynamic","filename":"historical_load_dynamic.py","lineno":40}
{"timestamp":"2025-10-05T17:22:19.856181Z","level":"info","event":"Running statement: \n            SELECT source_file, column_name, data_type, column_order\n            FROM formulaone_metadata \n            WHERE dag_name = 'formulaone_historical' \n              AND table_name = %s\n            ORDER BY column_order;\n            , parameters: ('lake_sprint_results',)","logger":"airflow.task.hooks.airflow.providers.postgres.hooks.postgres.PostgresHook","filename":"sql.py","lineno":810}
{"timestamp":"2025-10-05T17:22:19.874747Z","level":"info","event":"Rows affected: 16","logger":"airflow.task.hooks.airflow.providers.postgres.hooks.postgres.PostgresHook","filename":"sql.py","lineno":822}
{"timestamp":"2025-10-05T17:22:19.875726Z","level":"info","event":"   📁 Processing: lake_sprint_results from sprint_results.csv","logger":"unusual_prefix_5b7818437388b2ed545ea23189c6c0fb9a0fc2a4_historical_load_dynamic","filename":"historical_load_dynamic.py","lineno":62}
{"timestamp":"2025-10-05T17:22:19.877703Z","level":"info","event":"   📥 Reading CSV: sprint_results.csv","logger":"unusual_prefix_5b7818437388b2ed545ea23189c6c0fb9a0fc2a4_historical_load_dynamic","filename":"historical_load_dynamic.py","lineno":71}
{"timestamp":"2025-10-05T17:22:19.931239Z","level":"info","event":"   📊 Read 360 rows from sprint_results.csv","logger":"unusual_prefix_5b7818437388b2ed545ea23189c6c0fb9a0fc2a4_historical_load_dynamic","filename":"historical_load_dynamic.py","lineno":73}
{"timestamp":"2025-10-05T17:22:19.931606Z","level":"info","event":"   🔧 Normalized columns to lowercase: ['resultid', 'raceid', 'driverid', 'constructorid', 'number', 'grid', 'position', 'positiontext', 'positionorder', 'points', 'laps', 'time', 'milliseconds', 'fastestlap', 'fastestlaptime', 'statusid']","logger":"unusual_prefix_5b7818437388b2ed545ea23189c6c0fb9a0fc2a4_historical_load_dynamic","filename":"historical_load_dynamic.py","lineno":77}
{"timestamp":"2025-10-05T17:22:19.931939Z","level":"info","event":"   🗄️  Ensuring table exists: lake_sprint_results","logger":"unusual_prefix_5b7818437388b2ed545ea23189c6c0fb9a0fc2a4_historical_load_dynamic","filename":"historical_load_dynamic.py","lineno":94}
{"timestamp":"2025-10-05T17:22:19.935079Z","level":"info","event":"Running statement: CREATE TABLE IF NOT EXISTS lake_sprint_results (resultId INTEGER, raceId INTEGER, driverId INTEGER, constructorId INTEGER, number INTEGER, grid INTEGER, position VARCHAR, positionText VARCHAR, positionOrder INTEGER, points INTEGER, laps INTEGER, time VARCHAR, milliseconds VARCHAR, fastestLap VARCHAR, fastestLapTime VARCHAR, statusId INTEGER);, parameters: None","logger":"airflow.task.hooks.airflow.providers.postgres.hooks.postgres.PostgresHook","filename":"sql.py","lineno":810}
{"timestamp":"2025-10-05T17:22:19.936852Z","level":"info","event":"   🗑️  Truncating table: lake_sprint_results","logger":"unusual_prefix_5b7818437388b2ed545ea23189c6c0fb9a0fc2a4_historical_load_dynamic","filename":"historical_load_dynamic.py","lineno":99}
{"timestamp":"2025-10-05T17:22:19.940046Z","level":"info","event":"Running statement: TRUNCATE TABLE lake_sprint_results;, parameters: None","logger":"airflow.task.hooks.airflow.providers.postgres.hooks.postgres.PostgresHook","filename":"sql.py","lineno":810}
{"timestamp":"2025-10-05T17:22:19.951903Z","level":"info","event":"   📤 Loading 360 rows into lake_sprint_results","logger":"unusual_prefix_5b7818437388b2ed545ea23189c6c0fb9a0fc2a4_historical_load_dynamic","filename":"historical_load_dynamic.py","lineno":102}
{"timestamp":"2025-10-05T17:22:20.067928Z","level":"info","event":"Running statement: SELECT COUNT(*) FROM lake_sprint_results;, parameters: None","logger":"airflow.task.hooks.airflow.providers.postgres.hooks.postgres.PostgresHook","filename":"sql.py","lineno":810}
{"timestamp":"2025-10-05T17:22:20.072744Z","level":"info","event":"Rows affected: 1","logger":"airflow.task.hooks.airflow.providers.postgres.hooks.postgres.PostgresHook","filename":"sql.py","lineno":822}
{"timestamp":"2025-10-05T17:22:20.073310Z","level":"info","event":"   ✅ Successfully loaded 360 rows into lake_sprint_results","logger":"unusual_prefix_5b7818437388b2ed545ea23189c6c0fb9a0fc2a4_historical_load_dynamic","filename":"historical_load_dynamic.py","lineno":115}
{"timestamp":"2025-10-05T17:22:20.074753Z","level":"info","event":"Done. Returned value was: Loaded 360 rows into lake_sprint_results","logger":"airflow.task.operators.airflow.providers.standard.operators.python.PythonOperator","filename":"python.py","lineno":218}
{"timestamp":"2025-10-05T17:22:20.075075Z","level":"info","event":"Pushing xcom","ti":"RuntimeTaskInstance(id=UUID('0199b565-3793-7556-9645-32a04ef30a2c'), task_id='fetchdata_lake_sprint_results', dag_id='historical_load_parallel', run_id='manual__2025-10-05T17:22:13.498128+00:00', try_number=1, dag_version_id=UUID('0199b563-b172-738c-9c9f-5087197e7698'), map_index=-1, hostname='9139d8ace0f9', context_carrier={}, task=<Task(PythonOperator): fetchdata_lake_sprint_results>, bundle_instance=LocalDagBundle(name=dags-folder), max_tries=0, start_date=datetime.datetime(2025, 10, 5, 17, 22, 19, 330762, tzinfo=datetime.timezone.utc), end_date=None, state=<TaskInstanceState.RUNNING: 'running'>, is_mapped=False, rendered_map_index=None)","logger":"task","filename":"task_runner.py","lineno":1352}
{"timestamp":"2025-10-05T17:22:20.102523Z","level":"info","event":"Task instance in success state","logger":"task.stdout"}
{"timestamp":"2025-10-05T17:22:20.102880Z","level":"info","event":" Previous state of the Task instance: TaskInstanceState.RUNNING","logger":"task.stdout"}
{"timestamp":"2025-10-05T17:22:20.103164Z","level":"info","event":"Task operator:<Task(PythonOperator): fetchdata_lake_sprint_results>","logger":"task.stdout"}
