{"timestamp":"2025-10-05T15:28:04.464829Z","level":"info","event":"DAG bundles loaded: dags-folder, example_dags","logger":"airflow.dag_processing.bundles.manager.DagBundlesManager","filename":"manager.py","lineno":179}
{"timestamp":"2025-10-05T15:28:04.705068Z","level":"info","event":"Filling up the DagBag from /opt/airflow/dags/lake/historical_load_dynamic.py","logger":"airflow.models.dagbag.DagBag","filename":"dagbag.py","lineno":593}
{"timestamp":"2025-10-05T15:28:04.787767Z","level":"info","event":"📋 Loaded 3 tables from YAML","logger":"unusual_prefix_5b7818437388b2ed545ea23189c6c0fb9a0fc2a4_historical_load_dynamic","filename":"historical_load_dynamic.py","lineno":155}
{"timestamp":"2025-10-05T15:28:04.792476Z","level":"warning","event":"The `airflow.operators.python.PythonOperator` attribute is deprecated. Please use `'airflow.providers.standard.operators.python.PythonOperator'`.","category":"DeprecatedImportWarning","filename":"/opt/airflow/dags/lake/historical_load_dynamic.py","lineno":2,"logger":"py.warnings"}
{"timestamp":"2025-10-05T15:28:04.792641Z","level":"warning","event":"The `airflow.operators.empty.EmptyOperator` attribute is deprecated. Please use `'airflow.providers.standard.operators.empty.EmptyOperator'`.","category":"DeprecatedImportWarning","filename":"/opt/airflow/dags/lake/historical_load_dynamic.py","lineno":3,"logger":"py.warnings"}
{"timestamp":"2025-10-05T15:28:04.821590Z","level":"info","event":"Task instance is in running state","logger":"task.stdout"}
{"timestamp":"2025-10-05T15:28:04.822011Z","level":"info","event":" Previous state of the Task instance: TaskInstanceState.QUEUED","logger":"task.stdout"}
{"timestamp":"2025-10-05T15:28:04.822383Z","level":"info","event":"Current task name:fetchdata_lake_drivers","logger":"task.stdout"}
{"timestamp":"2025-10-05T15:28:04.822644Z","level":"info","event":"Dag name:historical_load_parallel","logger":"task.stdout"}
{"timestamp":"2025-10-05T15:28:04.823433Z","level":"info","event":"🏎️  Starting load for table: lake_drivers","logger":"unusual_prefix_5b7818437388b2ed545ea23189c6c0fb9a0fc2a4_historical_load_dynamic","filename":"historical_load_dynamic.py","lineno":40}
{"timestamp":"2025-10-05T15:28:04.842359Z","level":"info","event":"Running statement: \n            SELECT source_file, column_name, data_type, column_order\n            FROM formulaone_metadata \n            WHERE dag_name = 'formulaone_historical' \n              AND table_name = %s\n            ORDER BY column_order;\n            , parameters: ('lake_drivers',)","logger":"airflow.task.hooks.airflow.providers.postgres.hooks.postgres.PostgresHook","filename":"sql.py","lineno":810}
{"timestamp":"2025-10-05T15:28:04.846983Z","level":"info","event":"Rows affected: 9","logger":"airflow.task.hooks.airflow.providers.postgres.hooks.postgres.PostgresHook","filename":"sql.py","lineno":822}
{"timestamp":"2025-10-05T15:28:04.847615Z","level":"info","event":"   📁 Processing: lake_drivers from drivers.csv","logger":"unusual_prefix_5b7818437388b2ed545ea23189c6c0fb9a0fc2a4_historical_load_dynamic","filename":"historical_load_dynamic.py","lineno":62}
{"timestamp":"2025-10-05T15:28:04.849226Z","level":"info","event":"   📥 Reading CSV: drivers.csv","logger":"unusual_prefix_5b7818437388b2ed545ea23189c6c0fb9a0fc2a4_historical_load_dynamic","filename":"historical_load_dynamic.py","lineno":71}
{"timestamp":"2025-10-05T15:28:04.859369Z","level":"info","event":"   📊 Read 861 rows from drivers.csv","logger":"unusual_prefix_5b7818437388b2ed545ea23189c6c0fb9a0fc2a4_historical_load_dynamic","filename":"historical_load_dynamic.py","lineno":73}
{"timestamp":"2025-10-05T15:28:04.859652Z","level":"info","event":"   🔧 Normalized columns to lowercase: ['driverid', 'driverref', 'number', 'code', 'forename', 'surname', 'dob', 'nationality', 'url']","logger":"unusual_prefix_5b7818437388b2ed545ea23189c6c0fb9a0fc2a4_historical_load_dynamic","filename":"historical_load_dynamic.py","lineno":77}
{"timestamp":"2025-10-05T15:28:04.859995Z","level":"info","event":"   🗄️  Ensuring table exists: lake_drivers","logger":"unusual_prefix_5b7818437388b2ed545ea23189c6c0fb9a0fc2a4_historical_load_dynamic","filename":"historical_load_dynamic.py","lineno":94}
{"timestamp":"2025-10-05T15:28:04.862703Z","level":"info","event":"Running statement: CREATE TABLE IF NOT EXISTS lake_drivers (driverId INTEGER, driverRef VARCHAR, number VARCHAR, code VARCHAR, forename VARCHAR, surname VARCHAR, dob VARCHAR, nationality VARCHAR, url VARCHAR);, parameters: None","logger":"airflow.task.hooks.airflow.providers.postgres.hooks.postgres.PostgresHook","filename":"sql.py","lineno":810}
{"timestamp":"2025-10-05T15:28:04.863287Z","level":"info","event":"   🗑️  Truncating table: lake_drivers","logger":"unusual_prefix_5b7818437388b2ed545ea23189c6c0fb9a0fc2a4_historical_load_dynamic","filename":"historical_load_dynamic.py","lineno":99}
{"timestamp":"2025-10-05T15:28:04.869860Z","level":"info","event":"Running statement: TRUNCATE TABLE lake_drivers;, parameters: None","logger":"airflow.task.hooks.airflow.providers.postgres.hooks.postgres.PostgresHook","filename":"sql.py","lineno":810}
{"timestamp":"2025-10-05T15:28:04.881018Z","level":"info","event":"   📤 Loading 861 rows into lake_drivers","logger":"unusual_prefix_5b7818437388b2ed545ea23189c6c0fb9a0fc2a4_historical_load_dynamic","filename":"historical_load_dynamic.py","lineno":102}
{"timestamp":"2025-10-05T15:28:05.031132Z","level":"info","event":"Running statement: SELECT COUNT(*) FROM lake_drivers;, parameters: None","logger":"airflow.task.hooks.airflow.providers.postgres.hooks.postgres.PostgresHook","filename":"sql.py","lineno":810}
{"timestamp":"2025-10-05T15:28:05.033769Z","level":"info","event":"Rows affected: 1","logger":"airflow.task.hooks.airflow.providers.postgres.hooks.postgres.PostgresHook","filename":"sql.py","lineno":822}
{"timestamp":"2025-10-05T15:28:05.034622Z","level":"info","event":"   ✅ Successfully loaded 861 rows into lake_drivers","logger":"unusual_prefix_5b7818437388b2ed545ea23189c6c0fb9a0fc2a4_historical_load_dynamic","filename":"historical_load_dynamic.py","lineno":115}
{"timestamp":"2025-10-05T15:28:05.036025Z","level":"info","event":"Done. Returned value was: Loaded 861 rows into lake_drivers","logger":"airflow.task.operators.airflow.providers.standard.operators.python.PythonOperator","filename":"python.py","lineno":218}
{"timestamp":"2025-10-05T15:28:05.036484Z","level":"info","event":"Pushing xcom","ti":"RuntimeTaskInstance(id=UUID('0199b4fc-94bb-72d4-b100-96cfa2d14725'), task_id='fetchdata_lake_drivers', dag_id='historical_load_parallel', run_id='manual__2025-10-05T15:27:56.067464+00:00', try_number=1, dag_version_id=UUID('0199b4f7-ff60-7c72-ade3-e6458c2f6347'), map_index=-1, hostname='608110384dda', context_carrier={}, task=<Task(PythonOperator): fetchdata_lake_drivers>, bundle_instance=LocalDagBundle(name=dags-folder), max_tries=0, start_date=datetime.datetime(2025, 10, 5, 15, 28, 3, 706677, tzinfo=datetime.timezone.utc), end_date=None, state=<TaskInstanceState.RUNNING: 'running'>, is_mapped=False, rendered_map_index=None)","logger":"task","filename":"task_runner.py","lineno":1352}
{"timestamp":"2025-10-05T15:28:05.073139Z","level":"info","event":"Task instance in success state","logger":"task.stdout"}
{"timestamp":"2025-10-05T15:28:05.074140Z","level":"info","event":" Previous state of the Task instance: TaskInstanceState.RUNNING","logger":"task.stdout"}
{"timestamp":"2025-10-05T15:28:05.074935Z","level":"info","event":"Task operator:<Task(PythonOperator): fetchdata_lake_drivers>","logger":"task.stdout"}
