{"timestamp":"2025-10-02T09:18:15.569426Z","level":"info","event":"DAG bundles loaded: dags-folder, example_dags","logger":"airflow.dag_processing.bundles.manager.DagBundlesManager","filename":"manager.py","lineno":179}
{"timestamp":"2025-10-02T09:18:15.570665Z","level":"info","event":"Filling up the DagBag from /opt/airflow/dags/debug_api.py","logger":"airflow.models.dagbag.DagBag","filename":"dagbag.py","lineno":593}
{"timestamp":"2025-10-02T09:18:15.600711Z","level":"warning","event":"The `airflow.operators.python.PythonOperator` attribute is deprecated. Please use `'airflow.providers.standard.operators.python.PythonOperator'`.","category":"DeprecatedImportWarning","filename":"/opt/airflow/dags/debug_api.py","lineno":2,"logger":"py.warnings"}
{"timestamp":"2025-10-02T09:18:15.600880Z","level":"warning","event":"The `airflow.operators.empty.EmptyOperator` attribute is deprecated. Please use `'airflow.providers.standard.operators.empty.EmptyOperator'`.","category":"DeprecatedImportWarning","filename":"/opt/airflow/dags/debug_api.py","lineno":3,"logger":"py.warnings"}
{"timestamp":"2025-10-02T09:18:15.616850Z","level":"info","event":"Task instance is in running state","logger":"task.stdout"}
{"timestamp":"2025-10-02T09:18:15.617328Z","level":"info","event":" Previous state of the Task instance: TaskInstanceState.QUEUED","logger":"task.stdout"}
{"timestamp":"2025-10-02T09:18:15.617566Z","level":"info","event":"Current task name:debug_api","logger":"task.stdout"}
{"timestamp":"2025-10-02T09:18:15.617737Z","level":"info","event":"Dag name:debug_api","logger":"task.stdout"}
{"timestamp":"2025-10-02T09:18:15.619019Z","level":"info","event":"🔍 Step 1: Testing API without any parameters...","logger":"unusual_prefix_7d1599c3d238fdd9d146490007d1f6dd79214cfc_debug_api","filename":"debug_api.py","lineno":17}
{"timestamp":"2025-10-02T09:18:15.619213Z","level":"info","event":"🌐 Fetching data from: car_data","logger":"utils.api_client","filename":"api_client.py","lineno":42}
{"timestamp":"2025-10-02T09:18:16.494267Z","level":"error","event":"❌ API request failed for car_data: 422 Client Error: unknown for url: https://api.openf1.org/v1/car_data","logger":"utils.api_client","filename":"api_client.py","lineno":55}
{"timestamp":"2025-10-02T09:18:16.494478Z","level":"info","event":"❌ API needs parameters: 422 Client Error: unknown for url: https://api.openf1.org/v1/car_data","logger":"unusual_prefix_7d1599c3d238fdd9d146490007d1f6dd79214cfc_debug_api","filename":"debug_api.py","lineno":23}
{"timestamp":"2025-10-02T09:18:16.494568Z","level":"info","event":"🔍 Step 2: Finding valid sessions...","logger":"unusual_prefix_7d1599c3d238fdd9d146490007d1f6dd79214cfc_debug_api","filename":"debug_api.py","lineno":25}
{"timestamp":"2025-10-02T09:18:16.494639Z","level":"info","event":"🌐 Fetching data from: sessions","logger":"utils.api_client","filename":"api_client.py","lineno":42}
{"timestamp":"2025-10-02T09:18:16.494707Z","level":"info","event":"   Parameters: {'limit': 5}","logger":"utils.api_client","filename":"api_client.py","lineno":44}
{"timestamp":"2025-10-02T09:18:16.792570Z","level":"info","event":"✅ Successfully fetched 0 records from sessions","logger":"utils.api_client","filename":"api_client.py","lineno":50}
{"timestamp":"2025-10-02T09:18:16.793002Z","level":"error","event":"❌ Debug failed: No working session_key found","logger":"unusual_prefix_7d1599c3d238fdd9d146490007d1f6dd79214cfc_debug_api","filename":"debug_api.py","lineno":67}
{"timestamp":"2025-10-02T09:18:16.793220Z","level":"error","event":"Task failed with exception","logger":"task","filename":"task_runner.py","lineno":994,"error_detail":[{"exc_type":"Exception","exc_value":"No working session_key found","exc_notes":[],"syntax_error":null,"is_cause":false,"frames":[{"filename":"/home/airflow/.local/lib/python3.12/site-packages/airflow/sdk/execution_time/task_runner.py","lineno":920,"name":"run"},{"filename":"/home/airflow/.local/lib/python3.12/site-packages/airflow/sdk/execution_time/task_runner.py","lineno":1307,"name":"_execute_task"},{"filename":"/home/airflow/.local/lib/python3.12/site-packages/airflow/sdk/bases/operator.py","lineno":416,"name":"wrapper"},{"filename":"/home/airflow/.local/lib/python3.12/site-packages/airflow/providers/standard/operators/python.py","lineno":216,"name":"execute"},{"filename":"/home/airflow/.local/lib/python3.12/site-packages/airflow/providers/standard/operators/python.py","lineno":239,"name":"execute_callable"},{"filename":"/home/airflow/.local/lib/python3.12/site-packages/airflow/sdk/execution_time/callback_runner.py","lineno":82,"name":"run"},{"filename":"/opt/airflow/dags/debug_api.py","lineno":64,"name":"debug_api"}],"is_group":false,"exceptions":[]}]}
{"timestamp":"2025-10-02T09:18:16.795351Z","level":"info","event":"Task instance in failure state","logger":"task.stdout"}
{"timestamp":"2025-10-02T09:18:16.795686Z","level":"info","event":"Task start","logger":"task.stdout"}
{"timestamp":"2025-10-02T09:18:16.796418Z","level":"info","event":"Task:<Task(PythonOperator): debug_api>","logger":"task.stdout"}
{"timestamp":"2025-10-02T09:18:16.796638Z","level":"info","event":"Failure caused by No working session_key found","logger":"task.stdout"}
