{"timestamp":"2025-10-05T18:34:27.238270Z","level":"info","event":"DAG bundles loaded: dags-folder, example_dags","logger":"airflow.dag_processing.bundles.manager.DagBundlesManager","filename":"manager.py","lineno":179}
{"timestamp":"2025-10-05T18:34:27.239360Z","level":"info","event":"Filling up the DagBag from /opt/airflow/dags/lake/historical_load_dynamic.py","logger":"airflow.models.dagbag.DagBag","filename":"dagbag.py","lineno":593}
{"timestamp":"2025-10-05T18:34:27.276220Z","level":"info","event":"📋 Loaded 12 tables from YAML","logger":"unusual_prefix_5b7818437388b2ed545ea23189c6c0fb9a0fc2a4_historical_load_dynamic","filename":"historical_load_dynamic.py","lineno":161}
{"timestamp":"2025-10-05T18:34:27.282253Z","level":"warning","event":"The `airflow.operators.python.PythonOperator` attribute is deprecated. Please use `'airflow.providers.standard.operators.python.PythonOperator'`.","category":"DeprecatedImportWarning","filename":"/opt/airflow/dags/lake/historical_load_dynamic.py","lineno":2,"logger":"py.warnings"}
{"timestamp":"2025-10-05T18:34:27.282410Z","level":"warning","event":"The `airflow.operators.empty.EmptyOperator` attribute is deprecated. Please use `'airflow.providers.standard.operators.empty.EmptyOperator'`.","category":"DeprecatedImportWarning","filename":"/opt/airflow/dags/lake/historical_load_dynamic.py","lineno":3,"logger":"py.warnings"}
{"timestamp":"2025-10-05T18:34:27.306777Z","level":"info","event":"Task instance is in running state","logger":"task.stdout"}
{"timestamp":"2025-10-05T18:34:27.307152Z","level":"info","event":" Previous state of the Task instance: TaskInstanceState.QUEUED","logger":"task.stdout"}
{"timestamp":"2025-10-05T18:34:27.307452Z","level":"info","event":"Current task name:fetchdata_lake_drivers","logger":"task.stdout"}
{"timestamp":"2025-10-05T18:34:27.307647Z","level":"info","event":"Dag name:historical_load_parallel","logger":"task.stdout"}
{"timestamp":"2025-10-05T18:34:27.308486Z","level":"info","event":"🏎️  Starting load for table: lake_drivers","logger":"unusual_prefix_5b7818437388b2ed545ea23189c6c0fb9a0fc2a4_historical_load_dynamic","filename":"historical_load_dynamic.py","lineno":40}
{"timestamp":"2025-10-05T18:34:27.321342Z","level":"info","event":"Running statement: \n            SELECT source_file, column_name, data_type, column_order\n            FROM formulaone_metadata \n            WHERE dag_name = 'formulaone_historical' \n              AND table_name = %s\n            ORDER BY column_order;\n            , parameters: ('lake_drivers',)","logger":"airflow.task.hooks.airflow.providers.postgres.hooks.postgres.PostgresHook","filename":"sql.py","lineno":810}
{"timestamp":"2025-10-05T18:34:27.323031Z","level":"info","event":"Rows affected: 9","logger":"airflow.task.hooks.airflow.providers.postgres.hooks.postgres.PostgresHook","filename":"sql.py","lineno":822}
{"timestamp":"2025-10-05T18:34:27.323426Z","level":"info","event":"   📁 Processing: lake_drivers from drivers.csv","logger":"unusual_prefix_5b7818437388b2ed545ea23189c6c0fb9a0fc2a4_historical_load_dynamic","filename":"historical_load_dynamic.py","lineno":62}
{"timestamp":"2025-10-05T18:34:27.324990Z","level":"info","event":"   🗄️  Ensuring table exists: lake_drivers","logger":"unusual_prefix_5b7818437388b2ed545ea23189c6c0fb9a0fc2a4_historical_load_dynamic","filename":"historical_load_dynamic.py","lineno":71}
{"timestamp":"2025-10-05T18:34:27.327591Z","level":"info","event":"Running statement: CREATE TABLE IF NOT EXISTS lake_drivers (driverId INTEGER, driverRef VARCHAR, number VARCHAR, code VARCHAR, forename VARCHAR, surname VARCHAR, dob VARCHAR, nationality VARCHAR, url VARCHAR);, parameters: None","logger":"airflow.task.hooks.airflow.providers.postgres.hooks.postgres.PostgresHook","filename":"sql.py","lineno":810}
{"timestamp":"2025-10-05T18:34:27.328242Z","level":"info","event":"   🗑️  Truncating table: lake_drivers","logger":"unusual_prefix_5b7818437388b2ed545ea23189c6c0fb9a0fc2a4_historical_load_dynamic","filename":"historical_load_dynamic.py","lineno":76}
{"timestamp":"2025-10-05T18:34:27.330416Z","level":"info","event":"Running statement: TRUNCATE TABLE lake_drivers;, parameters: None","logger":"airflow.task.hooks.airflow.providers.postgres.hooks.postgres.PostgresHook","filename":"sql.py","lineno":810}
{"timestamp":"2025-10-05T18:34:27.337591Z","level":"info","event":"   📥 Reading CSV in chunks: drivers.csv","logger":"unusual_prefix_5b7818437388b2ed545ea23189c6c0fb9a0fc2a4_historical_load_dynamic","filename":"historical_load_dynamic.py","lineno":80}
{"timestamp":"2025-10-05T18:34:27.449370Z","level":"info","event":"   📦 Processing chunk 1","logger":"unusual_prefix_5b7818437388b2ed545ea23189c6c0fb9a0fc2a4_historical_load_dynamic","filename":"historical_load_dynamic.py","lineno":92}
{"timestamp":"2025-10-05T18:34:27.564593Z","level":"info","event":"   ✅ Chunk 1 loaded: 861 rows (Total: 861)","logger":"unusual_prefix_5b7818437388b2ed545ea23189c6c0fb9a0fc2a4_historical_load_dynamic","filename":"historical_load_dynamic.py","lineno":116}
{"timestamp":"2025-10-05T18:34:27.793811Z","level":"info","event":"Running statement: SELECT COUNT(*) FROM lake_drivers;, parameters: None","logger":"airflow.task.hooks.airflow.providers.postgres.hooks.postgres.PostgresHook","filename":"sql.py","lineno":810}
{"timestamp":"2025-10-05T18:34:27.795099Z","level":"info","event":"Rows affected: 1","logger":"airflow.task.hooks.airflow.providers.postgres.hooks.postgres.PostgresHook","filename":"sql.py","lineno":822}
{"timestamp":"2025-10-05T18:34:27.795469Z","level":"info","event":"   🎉 Successfully loaded 861 total rows into lake_drivers","logger":"unusual_prefix_5b7818437388b2ed545ea23189c6c0fb9a0fc2a4_historical_load_dynamic","filename":"historical_load_dynamic.py","lineno":121}
{"timestamp":"2025-10-05T18:34:27.796075Z","level":"info","event":"Done. Returned value was: Loaded 861 rows into lake_drivers","logger":"airflow.task.operators.airflow.providers.standard.operators.python.PythonOperator","filename":"python.py","lineno":218}
{"timestamp":"2025-10-05T18:34:27.796323Z","level":"info","event":"Pushing xcom","ti":"RuntimeTaskInstance(id=UUID('0199b5a7-427a-78e5-94b8-e02e745317ad'), task_id='fetchdata_lake_drivers', dag_id='historical_load_parallel', run_id='manual__2025-10-05T18:34:21.660107+00:00', try_number=1, dag_version_id=UUID('0199b59e-61f8-7715-a9fa-aefa7d476561'), map_index=-1, hostname='711441183d4b', context_carrier={}, task=<Task(PythonOperator): fetchdata_lake_drivers>, bundle_instance=LocalDagBundle(name=dags-folder), max_tries=0, start_date=datetime.datetime(2025, 10, 5, 18, 34, 26, 802506, tzinfo=datetime.timezone.utc), end_date=None, state=<TaskInstanceState.RUNNING: 'running'>, is_mapped=False, rendered_map_index=None)","logger":"task","filename":"task_runner.py","lineno":1352}
{"timestamp":"2025-10-05T18:34:27.827281Z","level":"info","event":"Task instance in success state","logger":"task.stdout"}
{"timestamp":"2025-10-05T18:34:27.827699Z","level":"info","event":" Previous state of the Task instance: TaskInstanceState.RUNNING","logger":"task.stdout"}
{"timestamp":"2025-10-05T18:34:27.828065Z","level":"info","event":"Task operator:<Task(PythonOperator): fetchdata_lake_drivers>","logger":"task.stdout"}
