{"timestamp":"2025-10-05T15:17:54.499726Z","level":"info","event":"DAG bundles loaded: dags-folder, example_dags","logger":"airflow.dag_processing.bundles.manager.DagBundlesManager","filename":"manager.py","lineno":179}
{"timestamp":"2025-10-05T15:17:54.501006Z","level":"info","event":"Filling up the DagBag from /opt/airflow/dags/lake/historical_load_dynamic.py","logger":"airflow.models.dagbag.DagBag","filename":"dagbag.py","lineno":593}
{"timestamp":"2025-10-05T15:17:54.546986Z","level":"info","event":"📋 Loaded 3 tables from YAML","logger":"unusual_prefix_5b7818437388b2ed545ea23189c6c0fb9a0fc2a4_historical_load_dynamic","filename":"historical_load_dynamic.py","lineno":155}
{"timestamp":"2025-10-05T15:17:54.552481Z","level":"warning","event":"The `airflow.operators.python.PythonOperator` attribute is deprecated. Please use `'airflow.providers.standard.operators.python.PythonOperator'`.","category":"DeprecatedImportWarning","filename":"/opt/airflow/dags/lake/historical_load_dynamic.py","lineno":2,"logger":"py.warnings"}
{"timestamp":"2025-10-05T15:17:54.552832Z","level":"warning","event":"The `airflow.operators.empty.EmptyOperator` attribute is deprecated. Please use `'airflow.providers.standard.operators.empty.EmptyOperator'`.","category":"DeprecatedImportWarning","filename":"/opt/airflow/dags/lake/historical_load_dynamic.py","lineno":3,"logger":"py.warnings"}
{"timestamp":"2025-10-05T15:17:54.574760Z","level":"info","event":"Task instance is in running state","logger":"task.stdout"}
{"timestamp":"2025-10-05T15:17:54.575380Z","level":"info","event":" Previous state of the Task instance: TaskInstanceState.QUEUED","logger":"task.stdout"}
{"timestamp":"2025-10-05T15:17:54.575900Z","level":"info","event":"Current task name:fetch_data_lake_drivers","logger":"task.stdout"}
{"timestamp":"2025-10-05T15:17:54.576353Z","level":"info","event":"Dag name:historical_load_parallel","logger":"task.stdout"}
{"timestamp":"2025-10-05T15:17:54.576758Z","level":"info","event":"🏎️  Starting load for table: lake_drivers","logger":"unusual_prefix_5b7818437388b2ed545ea23189c6c0fb9a0fc2a4_historical_load_dynamic","filename":"historical_load_dynamic.py","lineno":40}
{"timestamp":"2025-10-05T15:17:54.595474Z","level":"info","event":"Running statement: \n            SELECT source_file, column_name, data_type, column_order\n            FROM formulaone_metadata \n            WHERE dag_name = 'formulaone_historical' \n              AND table_name = %s\n            ORDER BY column_order;\n            , parameters: ('lake_drivers',)","logger":"airflow.task.hooks.airflow.providers.postgres.hooks.postgres.PostgresHook","filename":"sql.py","lineno":810}
{"timestamp":"2025-10-05T15:17:54.599026Z","level":"info","event":"Rows affected: 9","logger":"airflow.task.hooks.airflow.providers.postgres.hooks.postgres.PostgresHook","filename":"sql.py","lineno":822}
{"timestamp":"2025-10-05T15:17:54.599480Z","level":"info","event":"   📁 Processing: lake_drivers from drivers.csv","logger":"unusual_prefix_5b7818437388b2ed545ea23189c6c0fb9a0fc2a4_historical_load_dynamic","filename":"historical_load_dynamic.py","lineno":62}
{"timestamp":"2025-10-05T15:17:54.601019Z","level":"info","event":"   📥 Reading CSV: drivers.csv","logger":"unusual_prefix_5b7818437388b2ed545ea23189c6c0fb9a0fc2a4_historical_load_dynamic","filename":"historical_load_dynamic.py","lineno":71}
{"timestamp":"2025-10-05T15:17:54.611089Z","level":"info","event":"   📊 Read 861 rows from drivers.csv","logger":"unusual_prefix_5b7818437388b2ed545ea23189c6c0fb9a0fc2a4_historical_load_dynamic","filename":"historical_load_dynamic.py","lineno":73}
{"timestamp":"2025-10-05T15:17:54.611436Z","level":"info","event":"   🔧 Normalized columns to lowercase: ['driverid', 'driverref', 'number', 'code', 'forename', 'surname', 'dob', 'nationality', 'url']","logger":"unusual_prefix_5b7818437388b2ed545ea23189c6c0fb9a0fc2a4_historical_load_dynamic","filename":"historical_load_dynamic.py","lineno":77}
{"timestamp":"2025-10-05T15:17:54.611799Z","level":"info","event":"   🗄️  Ensuring table exists: lake_drivers","logger":"unusual_prefix_5b7818437388b2ed545ea23189c6c0fb9a0fc2a4_historical_load_dynamic","filename":"historical_load_dynamic.py","lineno":94}
{"timestamp":"2025-10-05T15:17:54.614557Z","level":"info","event":"Running statement: CREATE TABLE IF NOT EXISTS lake_drivers (driverId INTEGER, driverRef VARCHAR, number VARCHAR, code VARCHAR, forename VARCHAR, surname VARCHAR, dob VARCHAR, nationality VARCHAR, url VARCHAR);, parameters: None","logger":"airflow.task.hooks.airflow.providers.postgres.hooks.postgres.PostgresHook","filename":"sql.py","lineno":810}
{"timestamp":"2025-10-05T15:17:54.615218Z","level":"info","event":"   🗑️  Truncating table: lake_drivers","logger":"unusual_prefix_5b7818437388b2ed545ea23189c6c0fb9a0fc2a4_historical_load_dynamic","filename":"historical_load_dynamic.py","lineno":99}
{"timestamp":"2025-10-05T15:17:54.619414Z","level":"info","event":"Running statement: TRUNCATE TABLE lake_drivers;, parameters: None","logger":"airflow.task.hooks.airflow.providers.postgres.hooks.postgres.PostgresHook","filename":"sql.py","lineno":810}
{"timestamp":"2025-10-05T15:17:54.627467Z","level":"info","event":"   📤 Loading 861 rows into lake_drivers","logger":"unusual_prefix_5b7818437388b2ed545ea23189c6c0fb9a0fc2a4_historical_load_dynamic","filename":"historical_load_dynamic.py","lineno":102}
{"timestamp":"2025-10-05T15:17:54.778587Z","level":"info","event":"Running statement: SELECT COUNT(*) FROM lake_drivers;, parameters: None","logger":"airflow.task.hooks.airflow.providers.postgres.hooks.postgres.PostgresHook","filename":"sql.py","lineno":810}
{"timestamp":"2025-10-05T15:17:54.780130Z","level":"info","event":"Rows affected: 1","logger":"airflow.task.hooks.airflow.providers.postgres.hooks.postgres.PostgresHook","filename":"sql.py","lineno":822}
{"timestamp":"2025-10-05T15:17:54.780503Z","level":"info","event":"   ✅ Successfully loaded 861 rows into lake_drivers","logger":"unusual_prefix_5b7818437388b2ed545ea23189c6c0fb9a0fc2a4_historical_load_dynamic","filename":"historical_load_dynamic.py","lineno":115}
{"timestamp":"2025-10-05T15:17:54.781047Z","level":"info","event":"Done. Returned value was: Loaded 861 rows into lake_drivers","logger":"airflow.task.operators.airflow.providers.standard.operators.python.PythonOperator","filename":"python.py","lineno":218}
{"timestamp":"2025-10-05T15:17:54.781351Z","level":"info","event":"Pushing xcom","ti":"RuntimeTaskInstance(id=UUID('0199b4f3-56cd-7fd0-a61b-875e32df4f3c'), task_id='fetch_data_lake_drivers', dag_id='historical_load_parallel', run_id='manual__2025-10-05T15:05:53.831676+00:00', try_number=2, dag_version_id=UUID('0199b4a4-f9e1-741d-9fa9-91e3010efb0c'), map_index=-1, hostname='608110384dda', context_carrier={}, task=<Task(PythonOperator): fetch_data_lake_drivers>, bundle_instance=LocalDagBundle(name=dags-folder), max_tries=1, start_date=datetime.datetime(2025, 10, 5, 15, 17, 53, 732933, tzinfo=datetime.timezone.utc), end_date=None, state=<TaskInstanceState.RUNNING: 'running'>, is_mapped=False, rendered_map_index=None)","logger":"task","filename":"task_runner.py","lineno":1352}
{"timestamp":"2025-10-05T15:17:54.813256Z","level":"info","event":"Task instance in success state","logger":"task.stdout"}
{"timestamp":"2025-10-05T15:17:54.813638Z","level":"info","event":" Previous state of the Task instance: TaskInstanceState.RUNNING","logger":"task.stdout"}
{"timestamp":"2025-10-05T15:17:54.813910Z","level":"info","event":"Task operator:<Task(PythonOperator): fetch_data_lake_drivers>","logger":"task.stdout"}
