{"timestamp":"2025-10-02T10:37:13.071904Z","level":"info","event":"DAG bundles loaded: dags-folder, example_dags","logger":"airflow.dag_processing.bundles.manager.DagBundlesManager","filename":"manager.py","lineno":179}
{"timestamp":"2025-10-02T10:37:13.073964Z","level":"info","event":"Filling up the DagBag from /opt/airflow/dags/debug_other_endpoints.py","logger":"airflow.models.dagbag.DagBag","filename":"dagbag.py","lineno":593}
{"timestamp":"2025-10-02T10:37:13.106927Z","level":"warning","event":"The `airflow.operators.python.PythonOperator` attribute is deprecated. Please use `'airflow.providers.standard.operators.python.PythonOperator'`.","category":"DeprecatedImportWarning","filename":"/opt/airflow/dags/debug_other_endpoints.py","lineno":2,"logger":"py.warnings"}
{"timestamp":"2025-10-02T10:37:13.107130Z","level":"warning","event":"The `airflow.operators.empty.EmptyOperator` attribute is deprecated. Please use `'airflow.providers.standard.operators.empty.EmptyOperator'`.","category":"DeprecatedImportWarning","filename":"/opt/airflow/dags/debug_other_endpoints.py","lineno":3,"logger":"py.warnings"}
{"timestamp":"2025-10-02T10:37:13.124879Z","level":"info","event":"Task instance is in running state","logger":"task.stdout"}
{"timestamp":"2025-10-02T10:37:13.125356Z","level":"info","event":" Previous state of the Task instance: TaskInstanceState.QUEUED","logger":"task.stdout"}
{"timestamp":"2025-10-02T10:37:13.125636Z","level":"info","event":"Current task name:debug_endpoints","logger":"task.stdout"}
{"timestamp":"2025-10-02T10:37:13.125809Z","level":"info","event":"Dag name:debug_endpoints","logger":"task.stdout"}
{"timestamp":"2025-10-02T10:37:13.126799Z","level":"info","event":"🔍 Testing endpoint: drivers","logger":"unusual_prefix_20b2ea865ac7f3c3fea48acf840f614854a13edf_debug_other_endpoints","filename":"debug_other_endpoints.py","lineno":34}
{"timestamp":"2025-10-02T10:37:13.126976Z","level":"info","event":"🌐 Fetching data from: drivers","logger":"utils.api_client","filename":"api_client.py","lineno":42}
{"timestamp":"2025-10-02T10:37:13.127050Z","level":"info","event":"   Parameters: {'limit': 2}","logger":"utils.api_client","filename":"api_client.py","lineno":44}
{"timestamp":"2025-10-02T10:37:14.519619Z","level":"info","event":"✅ Successfully fetched 0 records from drivers","logger":"utils.api_client","filename":"api_client.py","lineno":50}
{"timestamp":"2025-10-02T10:37:14.519796Z","level":"info","event":"   ⚠️  drivers returned empty data","logger":"unusual_prefix_20b2ea865ac7f3c3fea48acf840f614854a13edf_debug_other_endpoints","filename":"debug_other_endpoints.py","lineno":40}
{"timestamp":"2025-10-02T10:37:14.519859Z","level":"info","event":"🔍 Testing endpoint: meetings","logger":"unusual_prefix_20b2ea865ac7f3c3fea48acf840f614854a13edf_debug_other_endpoints","filename":"debug_other_endpoints.py","lineno":34}
{"timestamp":"2025-10-02T10:37:14.519909Z","level":"info","event":"🌐 Fetching data from: meetings","logger":"utils.api_client","filename":"api_client.py","lineno":42}
{"timestamp":"2025-10-02T10:37:14.519957Z","level":"info","event":"   Parameters: {'limit': 2}","logger":"utils.api_client","filename":"api_client.py","lineno":44}
{"timestamp":"2025-10-02T10:37:15.511104Z","level":"info","event":"✅ Successfully fetched 0 records from meetings","logger":"utils.api_client","filename":"api_client.py","lineno":50}
{"timestamp":"2025-10-02T10:37:15.511341Z","level":"info","event":"   ⚠️  meetings returned empty data","logger":"unusual_prefix_20b2ea865ac7f3c3fea48acf840f614854a13edf_debug_other_endpoints","filename":"debug_other_endpoints.py","lineno":40}
{"timestamp":"2025-10-02T10:37:15.511421Z","level":"info","event":"🔍 Testing endpoint: circuits","logger":"unusual_prefix_20b2ea865ac7f3c3fea48acf840f614854a13edf_debug_other_endpoints","filename":"debug_other_endpoints.py","lineno":34}
{"timestamp":"2025-10-02T10:37:15.511476Z","level":"info","event":"🌐 Fetching data from: circuits","logger":"utils.api_client","filename":"api_client.py","lineno":42}
{"timestamp":"2025-10-02T10:37:15.511565Z","level":"info","event":"   Parameters: {'limit': 2}","logger":"utils.api_client","filename":"api_client.py","lineno":44}
{"timestamp":"2025-10-02T10:37:16.495295Z","level":"info","event":"✅ Successfully fetched 0 records from circuits","logger":"utils.api_client","filename":"api_client.py","lineno":50}
{"timestamp":"2025-10-02T10:37:16.495506Z","level":"info","event":"   ⚠️  circuits returned empty data","logger":"unusual_prefix_20b2ea865ac7f3c3fea48acf840f614854a13edf_debug_other_endpoints","filename":"debug_other_endpoints.py","lineno":40}
{"timestamp":"2025-10-02T10:37:16.495585Z","level":"info","event":"🔍 Testing endpoint: teams","logger":"unusual_prefix_20b2ea865ac7f3c3fea48acf840f614854a13edf_debug_other_endpoints","filename":"debug_other_endpoints.py","lineno":34}
{"timestamp":"2025-10-02T10:37:16.495643Z","level":"info","event":"🌐 Fetching data from: teams","logger":"utils.api_client","filename":"api_client.py","lineno":42}
{"timestamp":"2025-10-02T10:37:16.495708Z","level":"info","event":"   Parameters: {'limit': 2}","logger":"utils.api_client","filename":"api_client.py","lineno":44}
{"timestamp":"2025-10-02T10:37:17.494234Z","level":"info","event":"✅ Successfully fetched 0 records from teams","logger":"utils.api_client","filename":"api_client.py","lineno":50}
{"timestamp":"2025-10-02T10:37:17.494401Z","level":"info","event":"   ⚠️  teams returned empty data","logger":"unusual_prefix_20b2ea865ac7f3c3fea48acf840f614854a13edf_debug_other_endpoints","filename":"debug_other_endpoints.py","lineno":40}
{"timestamp":"2025-10-02T10:37:17.494504Z","level":"info","event":"🔍 Testing endpoint: laps","logger":"unusual_prefix_20b2ea865ac7f3c3fea48acf840f614854a13edf_debug_other_endpoints","filename":"debug_other_endpoints.py","lineno":34}
{"timestamp":"2025-10-02T10:37:17.494562Z","level":"info","event":"🌐 Fetching data from: laps","logger":"utils.api_client","filename":"api_client.py","lineno":42}
{"timestamp":"2025-10-02T10:37:17.494646Z","level":"info","event":"   Parameters: {'limit': 2}","logger":"utils.api_client","filename":"api_client.py","lineno":44}
{"timestamp":"2025-10-02T10:37:18.961474Z","level":"info","event":"✅ Successfully fetched 0 records from laps","logger":"utils.api_client","filename":"api_client.py","lineno":50}
{"timestamp":"2025-10-02T10:37:18.961704Z","level":"info","event":"   ⚠️  laps returned empty data","logger":"unusual_prefix_20b2ea865ac7f3c3fea48acf840f614854a13edf_debug_other_endpoints","filename":"debug_other_endpoints.py","lineno":40}
{"timestamp":"2025-10-02T10:37:18.961791Z","level":"info","event":"🔍 Testing endpoint: intervals","logger":"unusual_prefix_20b2ea865ac7f3c3fea48acf840f614854a13edf_debug_other_endpoints","filename":"debug_other_endpoints.py","lineno":34}
{"timestamp":"2025-10-02T10:37:18.961865Z","level":"info","event":"🌐 Fetching data from: intervals","logger":"utils.api_client","filename":"api_client.py","lineno":42}
{"timestamp":"2025-10-02T10:37:18.961932Z","level":"info","event":"   Parameters: {'limit': 2}","logger":"utils.api_client","filename":"api_client.py","lineno":44}
{"timestamp":"2025-10-02T10:37:20.154191Z","level":"info","event":"✅ Successfully fetched 0 records from intervals","logger":"utils.api_client","filename":"api_client.py","lineno":50}
{"timestamp":"2025-10-02T10:37:20.154376Z","level":"info","event":"   ⚠️  intervals returned empty data","logger":"unusual_prefix_20b2ea865ac7f3c3fea48acf840f614854a13edf_debug_other_endpoints","filename":"debug_other_endpoints.py","lineno":40}
{"timestamp":"2025-10-02T10:37:20.154445Z","level":"info","event":"🔍 Testing endpoint: position","logger":"unusual_prefix_20b2ea865ac7f3c3fea48acf840f614854a13edf_debug_other_endpoints","filename":"debug_other_endpoints.py","lineno":34}
{"timestamp":"2025-10-02T10:37:20.154494Z","level":"info","event":"🌐 Fetching data from: position","logger":"utils.api_client","filename":"api_client.py","lineno":42}
{"timestamp":"2025-10-02T10:37:20.154548Z","level":"info","event":"   Parameters: {'limit': 2}","logger":"utils.api_client","filename":"api_client.py","lineno":44}
{"timestamp":"2025-10-02T10:37:21.510144Z","level":"info","event":"✅ Successfully fetched 0 records from position","logger":"utils.api_client","filename":"api_client.py","lineno":50}
{"timestamp":"2025-10-02T10:37:21.510318Z","level":"info","event":"   ⚠️  position returned empty data","logger":"unusual_prefix_20b2ea865ac7f3c3fea48acf840f614854a13edf_debug_other_endpoints","filename":"debug_other_endpoints.py","lineno":40}
{"timestamp":"2025-10-02T10:37:21.510378Z","level":"info","event":"🔍 Testing endpoint: stints","logger":"unusual_prefix_20b2ea865ac7f3c3fea48acf840f614854a13edf_debug_other_endpoints","filename":"debug_other_endpoints.py","lineno":34}
{"timestamp":"2025-10-02T10:37:21.510428Z","level":"info","event":"🌐 Fetching data from: stints","logger":"utils.api_client","filename":"api_client.py","lineno":42}
{"timestamp":"2025-10-02T10:37:21.510473Z","level":"info","event":"   Parameters: {'limit': 2}","logger":"utils.api_client","filename":"api_client.py","lineno":44}
{"timestamp":"2025-10-02T10:37:22.599996Z","level":"info","event":"✅ Successfully fetched 0 records from stints","logger":"utils.api_client","filename":"api_client.py","lineno":50}
{"timestamp":"2025-10-02T10:37:22.600168Z","level":"info","event":"   ⚠️  stints returned empty data","logger":"unusual_prefix_20b2ea865ac7f3c3fea48acf840f614854a13edf_debug_other_endpoints","filename":"debug_other_endpoints.py","lineno":40}
{"timestamp":"2025-10-02T10:37:22.600232Z","level":"info","event":"🔍 Testing endpoint: pit","logger":"unusual_prefix_20b2ea865ac7f3c3fea48acf840f614854a13edf_debug_other_endpoints","filename":"debug_other_endpoints.py","lineno":34}
{"timestamp":"2025-10-02T10:37:22.600282Z","level":"info","event":"🌐 Fetching data from: pit","logger":"utils.api_client","filename":"api_client.py","lineno":42}
{"timestamp":"2025-10-02T10:37:22.600331Z","level":"info","event":"   Parameters: {'limit': 2}","logger":"utils.api_client","filename":"api_client.py","lineno":44}
{"timestamp":"2025-10-02T10:37:23.498392Z","level":"info","event":"✅ Successfully fetched 0 records from pit","logger":"utils.api_client","filename":"api_client.py","lineno":50}
{"timestamp":"2025-10-02T10:37:23.498602Z","level":"info","event":"   ⚠️  pit returned empty data","logger":"unusual_prefix_20b2ea865ac7f3c3fea48acf840f614854a13edf_debug_other_endpoints","filename":"debug_other_endpoints.py","lineno":40}
{"timestamp":"2025-10-02T10:37:23.498712Z","level":"info","event":"🔍 Testing endpoint: weather","logger":"unusual_prefix_20b2ea865ac7f3c3fea48acf840f614854a13edf_debug_other_endpoints","filename":"debug_other_endpoints.py","lineno":34}
{"timestamp":"2025-10-02T10:37:23.498773Z","level":"info","event":"🌐 Fetching data from: weather","logger":"utils.api_client","filename":"api_client.py","lineno":42}
{"timestamp":"2025-10-02T10:37:23.498824Z","level":"info","event":"   Parameters: {'limit': 2}","logger":"utils.api_client","filename":"api_client.py","lineno":44}
{"timestamp":"2025-10-02T10:37:24.063671Z","level":"info","event":"✅ Successfully fetched 0 records from weather","logger":"utils.api_client","filename":"api_client.py","lineno":50}
{"timestamp":"2025-10-02T10:37:24.063845Z","level":"info","event":"   ⚠️  weather returned empty data","logger":"unusual_prefix_20b2ea865ac7f3c3fea48acf840f614854a13edf_debug_other_endpoints","filename":"debug_other_endpoints.py","lineno":40}
{"timestamp":"2025-10-02T10:37:24.063904Z","level":"info","event":"🎯 SUMMARY:","logger":"unusual_prefix_20b2ea865ac7f3c3fea48acf840f614854a13edf_debug_other_endpoints","filename":"debug_other_endpoints.py","lineno":44}
{"timestamp":"2025-10-02T10:37:24.063949Z","level":"info","event":"Working endpoints: []","logger":"unusual_prefix_20b2ea865ac7f3c3fea48acf840f614854a13edf_debug_other_endpoints","filename":"debug_other_endpoints.py","lineno":45}
{"timestamp":"2025-10-02T10:37:24.064030Z","level":"error","event":"❌ Endpoint debug failed: No endpoints worked","logger":"unusual_prefix_20b2ea865ac7f3c3fea48acf840f614854a13edf_debug_other_endpoints","filename":"debug_other_endpoints.py","lineno":53}
{"timestamp":"2025-10-02T10:37:24.064412Z","level":"error","event":"Task failed with exception","logger":"task","filename":"task_runner.py","lineno":994,"error_detail":[{"exc_type":"Exception","exc_value":"No endpoints worked","exc_notes":[],"syntax_error":null,"is_cause":false,"frames":[{"filename":"/home/airflow/.local/lib/python3.12/site-packages/airflow/sdk/execution_time/task_runner.py","lineno":920,"name":"run"},{"filename":"/home/airflow/.local/lib/python3.12/site-packages/airflow/sdk/execution_time/task_runner.py","lineno":1307,"name":"_execute_task"},{"filename":"/home/airflow/.local/lib/python3.12/site-packages/airflow/sdk/bases/operator.py","lineno":416,"name":"wrapper"},{"filename":"/home/airflow/.local/lib/python3.12/site-packages/airflow/providers/standard/operators/python.py","lineno":216,"name":"execute"},{"filename":"/home/airflow/.local/lib/python3.12/site-packages/airflow/providers/standard/operators/python.py","lineno":239,"name":"execute_callable"},{"filename":"/home/airflow/.local/lib/python3.12/site-packages/airflow/sdk/execution_time/callback_runner.py","lineno":82,"name":"run"},{"filename":"/opt/airflow/dags/debug_other_endpoints.py","lineno":50,"name":"debug_endpoints"}],"is_group":false,"exceptions":[]}]}
{"timestamp":"2025-10-02T10:37:24.078858Z","level":"info","event":"Task instance in failure state","logger":"task.stdout"}
{"timestamp":"2025-10-02T10:37:24.079254Z","level":"info","event":"Task start","logger":"task.stdout"}
{"timestamp":"2025-10-02T10:37:24.079552Z","level":"info","event":"Task:<Task(PythonOperator): debug_endpoints>","logger":"task.stdout"}
{"timestamp":"2025-10-02T10:37:24.079838Z","level":"info","event":"Failure caused by No endpoints worked","logger":"task.stdout"}
