{"timestamp":"2025-10-07T11:57:43.683468Z","level":"info","event":"DAG bundles loaded: dags-folder, example_dags","logger":"airflow.dag_processing.bundles.manager.DagBundlesManager","filename":"manager.py","lineno":179}
{"timestamp":"2025-10-07T11:57:43.685232Z","level":"info","event":"Filling up the DagBag from /opt/airflow/dags/datamart/formulaone_datamart.py","logger":"airflow.models.dagbag.DagBag","filename":"dagbag.py","lineno":593}
{"timestamp":"2025-10-07T11:57:43.755493Z","level":"info","event":"📋 Loaded 1 datamart scripts during DAG parsing","logger":"unusual_prefix_52045af345b5266d9d6b7a1c51dddf9cbbc12122_formulaone_datamart","filename":"formulaone_datamart.py","lineno":155}
{"timestamp":"2025-10-07T11:57:43.766010Z","level":"warning","event":"The `airflow.operators.python.PythonOperator` attribute is deprecated. Please use `'airflow.providers.standard.operators.python.PythonOperator'`.","category":"DeprecatedImportWarning","filename":"/opt/airflow/dags/datamart/formulaone_datamart.py","lineno":2,"logger":"py.warnings"}
{"timestamp":"2025-10-07T11:57:43.766304Z","level":"warning","event":"The `airflow.operators.empty.EmptyOperator` attribute is deprecated. Please use `'airflow.providers.standard.operators.empty.EmptyOperator'`.","category":"DeprecatedImportWarning","filename":"/opt/airflow/dags/datamart/formulaone_datamart.py","lineno":3,"logger":"py.warnings"}
{"timestamp":"2025-10-07T11:57:43.810544Z","level":"info","event":"Task instance is in running state","logger":"task.stdout"}
{"timestamp":"2025-10-07T11:57:43.811047Z","level":"info","event":" Previous state of the Task instance: TaskInstanceState.QUEUED","logger":"task.stdout"}
{"timestamp":"2025-10-07T11:57:43.811494Z","level":"info","event":"Current task name:export_driver_career_stats_to_csv","logger":"task.stdout"}
{"timestamp":"2025-10-07T11:57:43.811834Z","level":"info","event":"Dag name:formulaone_datamart","logger":"task.stdout"}
{"timestamp":"2025-10-07T11:57:43.813031Z","level":"info","event":"💾 Starting CSV export for datamart: Driver_Career_Stats","logger":"unusual_prefix_52045af345b5266d9d6b7a1c51dddf9cbbc12122_formulaone_datamart","filename":"formulaone_datamart.py","lineno":97}
{"timestamp":"2025-10-07T11:57:43.837561Z","level":"info","event":"Running statement: \n            SELECT EXISTS (\n                SELECT FROM information_schema.tables \n                WHERE table_schema = 'public' \n                AND table_name = %s\n            );\n            , parameters: ('dm_driver_career_stats',)","logger":"airflow.task.hooks.airflow.providers.postgres.hooks.postgres.PostgresHook","filename":"sql.py","lineno":810}
{"timestamp":"2025-10-07T11:57:44.209703Z","level":"info","event":"Rows affected: 1","logger":"airflow.task.hooks.airflow.providers.postgres.hooks.postgres.PostgresHook","filename":"sql.py","lineno":822}
{"timestamp":"2025-10-07T11:57:44.210480Z","level":"info","event":"   📥 Reading data from table: dm_driver_career_stats","logger":"unusual_prefix_52045af345b5266d9d6b7a1c51dddf9cbbc12122_formulaone_datamart","filename":"formulaone_datamart.py","lineno":116}
{"timestamp":"2025-10-07T11:57:44.626757Z","level":"info","event":"   📄 CSV exported: /opt/airflow/dags/data/datamart/driver_career_stats.csv","logger":"unusual_prefix_52045af345b5266d9d6b7a1c51dddf9cbbc12122_formulaone_datamart","filename":"formulaone_datamart.py","lineno":129}
{"timestamp":"2025-10-07T11:57:44.627001Z","level":"info","event":"   📊 Records exported: 3553 rows","logger":"unusual_prefix_52045af345b5266d9d6b7a1c51dddf9cbbc12122_formulaone_datamart","filename":"formulaone_datamart.py","lineno":130}
{"timestamp":"2025-10-07T11:57:44.627092Z","level":"info","event":"   📋 Columns exported: 33 columns","logger":"unusual_prefix_52045af345b5266d9d6b7a1c51dddf9cbbc12122_formulaone_datamart","filename":"formulaone_datamart.py","lineno":131}
{"timestamp":"2025-10-07T11:57:44.629378Z","level":"info","event":"   🗂️  File size: 512714 bytes","logger":"unusual_prefix_52045af345b5266d9d6b7a1c51dddf9cbbc12122_formulaone_datamart","filename":"formulaone_datamart.py","lineno":132}
{"timestamp":"2025-10-07T11:57:44.633760Z","level":"info","event":"Done. Returned value was: Exported 3553 rows from dm_driver_career_stats to driver_career_stats.csv","logger":"airflow.task.operators.airflow.providers.standard.operators.python.PythonOperator","filename":"python.py","lineno":218}
{"timestamp":"2025-10-07T11:57:44.634778Z","level":"info","event":"Pushing xcom","ti":"RuntimeTaskInstance(id=UUID('0199be88-982e-7d65-b6ce-e57b777a4eca'), task_id='export_driver_career_stats_to_csv', dag_id='formulaone_datamart', run_id='manual__2025-10-07T11:57:26.853035+00:00', try_number=1, dag_version_id=UUID('0199be87-256a-70f6-a721-a58d894cf6d3'), map_index=-1, hostname='4948eaf03846', context_carrier={}, task=<Task(PythonOperator): export_driver_career_stats_to_csv>, bundle_instance=LocalDagBundle(name=dags-folder), max_tries=0, start_date=datetime.datetime(2025, 10, 7, 11, 57, 42, 949777, tzinfo=datetime.timezone.utc), end_date=None, state=<TaskInstanceState.RUNNING: 'running'>, is_mapped=False, rendered_map_index=None)","logger":"task","filename":"task_runner.py","lineno":1352}
{"timestamp":"2025-10-07T11:57:44.684370Z","level":"info","event":"Task instance in success state","logger":"task.stdout"}
{"timestamp":"2025-10-07T11:57:44.685503Z","level":"info","event":" Previous state of the Task instance: TaskInstanceState.RUNNING","logger":"task.stdout"}
{"timestamp":"2025-10-07T11:57:44.686051Z","level":"info","event":"Task operator:<Task(PythonOperator): export_driver_career_stats_to_csv>","logger":"task.stdout"}
