{"timestamp":"2025-10-05T12:12:48.965376Z","level":"info","event":"DAG bundles loaded: dags-folder, example_dags","logger":"airflow.dag_processing.bundles.manager.DagBundlesManager","filename":"manager.py","lineno":179}
{"timestamp":"2025-10-05T12:12:48.966924Z","level":"info","event":"Filling up the DagBag from /opt/airflow/dags/lake/populate_metadata.py","logger":"airflow.models.dagbag.DagBag","filename":"dagbag.py","lineno":593}
{"timestamp":"2025-10-05T12:12:49.512478Z","level":"warning","event":"The `airflow.operators.python.PythonOperator` attribute is deprecated. Please use `'airflow.providers.standard.operators.python.PythonOperator'`.","category":"DeprecatedImportWarning","filename":"/opt/airflow/dags/lake/populate_metadata.py","lineno":2,"logger":"py.warnings"}
{"timestamp":"2025-10-05T12:12:49.512658Z","level":"warning","event":"The `airflow.operators.empty.EmptyOperator` attribute is deprecated. Please use `'airflow.providers.standard.operators.empty.EmptyOperator'`.","category":"DeprecatedImportWarning","filename":"/opt/airflow/dags/lake/populate_metadata.py","lineno":3,"logger":"py.warnings"}
{"timestamp":"2025-10-05T12:12:49.529485Z","level":"info","event":"Task instance is in running state","logger":"task.stdout"}
{"timestamp":"2025-10-05T12:12:49.529997Z","level":"info","event":" Previous state of the Task instance: TaskInstanceState.QUEUED","logger":"task.stdout"}
{"timestamp":"2025-10-05T12:12:49.530260Z","level":"info","event":"Current task name:populate_metadata_table","logger":"task.stdout"}
{"timestamp":"2025-10-05T12:12:49.530531Z","level":"info","event":"Dag name:populate_metadata","logger":"task.stdout"}
{"timestamp":"2025-10-05T12:12:49.531547Z","level":"info","event":"🗑️  Clearing existing historical metadata...","logger":"unusual_prefix_4b64ccf70aff9ab195de625a9892d0e8a499b9a8_populate_metadata","filename":"populate_metadata.py","lineno":93}
{"timestamp":"2025-10-05T12:12:49.667568Z","level":"info","event":"Running statement: DELETE FROM formulaone_metadata WHERE dag_name = 'formulaone_historical';, parameters: None","logger":"airflow.task.hooks.airflow.providers.postgres.hooks.postgres.PostgresHook","filename":"sql.py","lineno":810}
{"timestamp":"2025-10-05T12:12:49.669331Z","level":"info","event":"Rows affected: 0","logger":"airflow.task.hooks.airflow.providers.postgres.hooks.postgres.PostgresHook","filename":"sql.py","lineno":822}
{"timestamp":"2025-10-05T12:12:49.669751Z","level":"info","event":"🔍 Discovering schemas in: /opt/airflow/data/historical","logger":"unusual_prefix_4b64ccf70aff9ab195de625a9892d0e8a499b9a8_populate_metadata","filename":"populate_metadata.py","lineno":18}
{"timestamp":"2025-10-05T12:12:49.672752Z","level":"info","event":"📁 Found 14 CSV files: ['circuits.csv', 'constructors.csv', 'constructor_results.csv', 'constructor_standings.csv', 'drivers.csv', 'driver_standings.csv', 'lap_times.csv', 'pit_stops.csv', 'qualifying.csv', 'races.csv', 'results.csv', 'seasons.csv', 'sprint_results.csv', 'status.csv']","logger":"unusual_prefix_4b64ccf70aff9ab195de625a9892d0e8a499b9a8_populate_metadata","filename":"populate_metadata.py","lineno":24}
{"timestamp":"2025-10-05T12:12:49.672855Z","level":"info","event":"📊 Analyzing: circuits.csv","logger":"unusual_prefix_4b64ccf70aff9ab195de625a9892d0e8a499b9a8_populate_metadata","filename":"populate_metadata.py","lineno":30}
{"timestamp":"2025-10-05T12:12:49.682948Z","level":"info","event":"   ✅ Analyzed circuits.csv: 9 columns","logger":"unusual_prefix_4b64ccf70aff9ab195de625a9892d0e8a499b9a8_populate_metadata","filename":"populate_metadata.py","lineno":47}
{"timestamp":"2025-10-05T12:12:49.683081Z","level":"info","event":"📊 Analyzing: constructors.csv","logger":"unusual_prefix_4b64ccf70aff9ab195de625a9892d0e8a499b9a8_populate_metadata","filename":"populate_metadata.py","lineno":30}
{"timestamp":"2025-10-05T12:12:49.688208Z","level":"info","event":"   ✅ Analyzed constructors.csv: 5 columns","logger":"unusual_prefix_4b64ccf70aff9ab195de625a9892d0e8a499b9a8_populate_metadata","filename":"populate_metadata.py","lineno":47}
{"timestamp":"2025-10-05T12:12:49.688349Z","level":"info","event":"📊 Analyzing: constructor_results.csv","logger":"unusual_prefix_4b64ccf70aff9ab195de625a9892d0e8a499b9a8_populate_metadata","filename":"populate_metadata.py","lineno":30}
{"timestamp":"2025-10-05T12:12:49.695941Z","level":"info","event":"   ✅ Analyzed constructor_results.csv: 5 columns","logger":"unusual_prefix_4b64ccf70aff9ab195de625a9892d0e8a499b9a8_populate_metadata","filename":"populate_metadata.py","lineno":47}
{"timestamp":"2025-10-05T12:12:49.696069Z","level":"info","event":"📊 Analyzing: constructor_standings.csv","logger":"unusual_prefix_4b64ccf70aff9ab195de625a9892d0e8a499b9a8_populate_metadata","filename":"populate_metadata.py","lineno":30}
{"timestamp":"2025-10-05T12:12:49.702498Z","level":"info","event":"   ✅ Analyzed constructor_standings.csv: 7 columns","logger":"unusual_prefix_4b64ccf70aff9ab195de625a9892d0e8a499b9a8_populate_metadata","filename":"populate_metadata.py","lineno":47}
{"timestamp":"2025-10-05T12:12:49.702649Z","level":"info","event":"📊 Analyzing: drivers.csv","logger":"unusual_prefix_4b64ccf70aff9ab195de625a9892d0e8a499b9a8_populate_metadata","filename":"populate_metadata.py","lineno":30}
{"timestamp":"2025-10-05T12:12:49.712823Z","level":"info","event":"   ✅ Analyzed drivers.csv: 9 columns","logger":"unusual_prefix_4b64ccf70aff9ab195de625a9892d0e8a499b9a8_populate_metadata","filename":"populate_metadata.py","lineno":47}
{"timestamp":"2025-10-05T12:12:49.712946Z","level":"info","event":"📊 Analyzing: driver_standings.csv","logger":"unusual_prefix_4b64ccf70aff9ab195de625a9892d0e8a499b9a8_populate_metadata","filename":"populate_metadata.py","lineno":30}
{"timestamp":"2025-10-05T12:12:49.719101Z","level":"info","event":"   ✅ Analyzed driver_standings.csv: 7 columns","logger":"unusual_prefix_4b64ccf70aff9ab195de625a9892d0e8a499b9a8_populate_metadata","filename":"populate_metadata.py","lineno":47}
{"timestamp":"2025-10-05T12:12:49.719230Z","level":"info","event":"📊 Analyzing: lap_times.csv","logger":"unusual_prefix_4b64ccf70aff9ab195de625a9892d0e8a499b9a8_populate_metadata","filename":"populate_metadata.py","lineno":30}
{"timestamp":"2025-10-05T12:12:49.725967Z","level":"info","event":"   ✅ Analyzed lap_times.csv: 6 columns","logger":"unusual_prefix_4b64ccf70aff9ab195de625a9892d0e8a499b9a8_populate_metadata","filename":"populate_metadata.py","lineno":47}
{"timestamp":"2025-10-05T12:12:49.726090Z","level":"info","event":"📊 Analyzing: pit_stops.csv","logger":"unusual_prefix_4b64ccf70aff9ab195de625a9892d0e8a499b9a8_populate_metadata","filename":"populate_metadata.py","lineno":30}
{"timestamp":"2025-10-05T12:12:49.733606Z","level":"info","event":"   ✅ Analyzed pit_stops.csv: 7 columns","logger":"unusual_prefix_4b64ccf70aff9ab195de625a9892d0e8a499b9a8_populate_metadata","filename":"populate_metadata.py","lineno":47}
{"timestamp":"2025-10-05T12:12:49.733732Z","level":"info","event":"📊 Analyzing: qualifying.csv","logger":"unusual_prefix_4b64ccf70aff9ab195de625a9892d0e8a499b9a8_populate_metadata","filename":"populate_metadata.py","lineno":30}
{"timestamp":"2025-10-05T12:12:49.741703Z","level":"info","event":"   ✅ Analyzed qualifying.csv: 9 columns","logger":"unusual_prefix_4b64ccf70aff9ab195de625a9892d0e8a499b9a8_populate_metadata","filename":"populate_metadata.py","lineno":47}
{"timestamp":"2025-10-05T12:12:49.741845Z","level":"info","event":"📊 Analyzing: races.csv","logger":"unusual_prefix_4b64ccf70aff9ab195de625a9892d0e8a499b9a8_populate_metadata","filename":"populate_metadata.py","lineno":30}
{"timestamp":"2025-10-05T12:12:49.757441Z","level":"info","event":"   ✅ Analyzed races.csv: 18 columns","logger":"unusual_prefix_4b64ccf70aff9ab195de625a9892d0e8a499b9a8_populate_metadata","filename":"populate_metadata.py","lineno":47}
{"timestamp":"2025-10-05T12:12:49.757643Z","level":"info","event":"📊 Analyzing: results.csv","logger":"unusual_prefix_4b64ccf70aff9ab195de625a9892d0e8a499b9a8_populate_metadata","filename":"populate_metadata.py","lineno":30}
{"timestamp":"2025-10-05T12:12:49.770735Z","level":"info","event":"   ✅ Analyzed results.csv: 18 columns","logger":"unusual_prefix_4b64ccf70aff9ab195de625a9892d0e8a499b9a8_populate_metadata","filename":"populate_metadata.py","lineno":47}
{"timestamp":"2025-10-05T12:12:49.770895Z","level":"info","event":"📊 Analyzing: seasons.csv","logger":"unusual_prefix_4b64ccf70aff9ab195de625a9892d0e8a499b9a8_populate_metadata","filename":"populate_metadata.py","lineno":30}
{"timestamp":"2025-10-05T12:12:49.775613Z","level":"info","event":"   ✅ Analyzed seasons.csv: 2 columns","logger":"unusual_prefix_4b64ccf70aff9ab195de625a9892d0e8a499b9a8_populate_metadata","filename":"populate_metadata.py","lineno":47}
{"timestamp":"2025-10-05T12:12:49.775743Z","level":"info","event":"📊 Analyzing: sprint_results.csv","logger":"unusual_prefix_4b64ccf70aff9ab195de625a9892d0e8a499b9a8_populate_metadata","filename":"populate_metadata.py","lineno":30}
{"timestamp":"2025-10-05T12:12:49.783837Z","level":"info","event":"   ✅ Analyzed sprint_results.csv: 16 columns","logger":"unusual_prefix_4b64ccf70aff9ab195de625a9892d0e8a499b9a8_populate_metadata","filename":"populate_metadata.py","lineno":47}
{"timestamp":"2025-10-05T12:12:49.783989Z","level":"info","event":"📊 Analyzing: status.csv","logger":"unusual_prefix_4b64ccf70aff9ab195de625a9892d0e8a499b9a8_populate_metadata","filename":"populate_metadata.py","lineno":30}
{"timestamp":"2025-10-05T12:12:49.788705Z","level":"info","event":"   ✅ Analyzed status.csv: 2 columns","logger":"unusual_prefix_4b64ccf70aff9ab195de625a9892d0e8a499b9a8_populate_metadata","filename":"populate_metadata.py","lineno":47}
{"timestamp":"2025-10-05T12:12:49.788854Z","level":"info","event":"📝 Populating metadata for: lake_circuits","logger":"unusual_prefix_4b64ccf70aff9ab195de625a9892d0e8a499b9a8_populate_metadata","filename":"populate_metadata.py","lineno":110}
{"timestamp":"2025-10-05T12:12:49.791686Z","level":"info","event":"Running statement: \n                INSERT INTO formulaone_metadata \n                (dag_name, table_name, source_file, column_name, data_type, column_order)\n                VALUES (%s, %s, %s, %s, %s, %s);\n                , parameters: ('formulaone_historical', 'lake_circuits', 'circuits.csv', 'circuitId', 'integer', 1)","logger":"airflow.task.hooks.airflow.providers.postgres.hooks.postgres.PostgresHook","filename":"sql.py","lineno":810}
{"timestamp":"2025-10-05T12:12:49.792862Z","level":"error","event":"❌ Failed to populate metadata table: column \"source_file\" of relation \"formulaone_metadata\" does not exist\nLINE 3:                 (dag_name, table_name, source_file, column_n...\n                                               ^\n","logger":"unusual_prefix_4b64ccf70aff9ab195de625a9892d0e8a499b9a8_populate_metadata","filename":"populate_metadata.py","lineno":160}
{"timestamp":"2025-10-05T12:12:49.793124Z","level":"error","event":"Task failed with exception","logger":"task","filename":"task_runner.py","lineno":994,"error_detail":[{"exc_type":"UndefinedColumn","exc_value":"column \"source_file\" of relation \"formulaone_metadata\" does not exist\nLINE 3:                 (dag_name, table_name, source_file, column_n...\n                                               ^\n","exc_notes":[],"syntax_error":null,"is_cause":false,"frames":[{"filename":"/home/airflow/.local/lib/python3.12/site-packages/airflow/sdk/execution_time/task_runner.py","lineno":920,"name":"run"},{"filename":"/home/airflow/.local/lib/python3.12/site-packages/airflow/sdk/execution_time/task_runner.py","lineno":1307,"name":"_execute_task"},{"filename":"/home/airflow/.local/lib/python3.12/site-packages/airflow/sdk/bases/operator.py","lineno":416,"name":"wrapper"},{"filename":"/home/airflow/.local/lib/python3.12/site-packages/airflow/providers/standard/operators/python.py","lineno":216,"name":"execute"},{"filename":"/home/airflow/.local/lib/python3.12/site-packages/airflow/providers/standard/operators/python.py","lineno":239,"name":"execute_callable"},{"filename":"/home/airflow/.local/lib/python3.12/site-packages/airflow/sdk/execution_time/callback_runner.py","lineno":82,"name":"run"},{"filename":"/opt/airflow/dags/lake/populate_metadata.py","lineno":119,"name":"populate_metadata_table"},{"filename":"/home/airflow/.local/lib/python3.12/site-packages/airflow/providers/common/sql/hooks/sql.py","lineno":767,"name":"run"},{"filename":"/home/airflow/.local/lib/python3.12/site-packages/airflow/providers/common/sql/hooks/sql.py","lineno":816,"name":"_run_command"}],"is_group":false,"exceptions":[]}]}
{"timestamp":"2025-10-05T12:12:49.794655Z","level":"info","event":"Task instance in failure state","logger":"task.stdout"}
{"timestamp":"2025-10-05T12:12:49.794950Z","level":"info","event":"Task start","logger":"task.stdout"}
{"timestamp":"2025-10-05T12:12:49.795177Z","level":"info","event":"Task:<Task(PythonOperator): populate_metadata_table>","logger":"task.stdout"}
{"timestamp":"2025-10-05T12:12:49.795359Z","level":"info","event":"Failure caused by column \"source_file\" of relation \"formulaone_metadata\" does not exist","logger":"task.stdout"}
{"timestamp":"2025-10-05T12:12:49.795524Z","level":"info","event":"LINE 3:                 (dag_name, table_name, source_file, column_n...","logger":"task.stdout"}
{"timestamp":"2025-10-05T12:12:49.795698Z","level":"info","event":"                                               ^","logger":"task.stdout"}
{"timestamp":"2025-10-05T12:12:49.795846Z","level":"info","event":"","logger":"task.stdout"}
