{"timestamp":"2025-10-05T15:06:37.732068Z","level":"info","event":"DAG bundles loaded: dags-folder, example_dags","logger":"airflow.dag_processing.bundles.manager.DagBundlesManager","filename":"manager.py","lineno":179}
{"timestamp":"2025-10-05T15:06:37.735290Z","level":"info","event":"Filling up the DagBag from /opt/airflow/dags/lake/historical_load_dynamic.py","logger":"airflow.models.dagbag.DagBag","filename":"dagbag.py","lineno":593}
{"timestamp":"2025-10-05T15:06:37.790833Z","level":"info","event":"📋 Loaded 3 tables from YAML","logger":"unusual_prefix_5b7818437388b2ed545ea23189c6c0fb9a0fc2a4_historical_load_dynamic","filename":"historical_load_dynamic.py","lineno":151}
{"timestamp":"2025-10-05T15:06:37.804653Z","level":"warning","event":"The `airflow.operators.python.PythonOperator` attribute is deprecated. Please use `'airflow.providers.standard.operators.python.PythonOperator'`.","category":"DeprecatedImportWarning","filename":"/opt/airflow/dags/lake/historical_load_dynamic.py","lineno":2,"logger":"py.warnings"}
{"timestamp":"2025-10-05T15:06:37.805219Z","level":"warning","event":"The `airflow.operators.empty.EmptyOperator` attribute is deprecated. Please use `'airflow.providers.standard.operators.empty.EmptyOperator'`.","category":"DeprecatedImportWarning","filename":"/opt/airflow/dags/lake/historical_load_dynamic.py","lineno":3,"logger":"py.warnings"}
{"timestamp":"2025-10-05T15:06:37.839566Z","level":"info","event":"Task instance is in running state","logger":"task.stdout"}
{"timestamp":"2025-10-05T15:06:37.840071Z","level":"info","event":" Previous state of the Task instance: TaskInstanceState.QUEUED","logger":"task.stdout"}
{"timestamp":"2025-10-05T15:06:37.840580Z","level":"info","event":"Current task name:fetch_data_lake_seasons","logger":"task.stdout"}
{"timestamp":"2025-10-05T15:06:37.840831Z","level":"info","event":"Dag name:historical_load_parallel","logger":"task.stdout"}
{"timestamp":"2025-10-05T15:06:37.842135Z","level":"info","event":"🏎️  Starting load for table: lake_seasons","logger":"unusual_prefix_5b7818437388b2ed545ea23189c6c0fb9a0fc2a4_historical_load_dynamic","filename":"historical_load_dynamic.py","lineno":40}
{"timestamp":"2025-10-05T15:06:37.905662Z","level":"info","event":"Running statement: \n            SELECT source_file, column_name, data_type, column_order\n            FROM formulaone_metadata \n            WHERE dag_name = 'formulaone_historical' \n              AND table_name = %s\n            ORDER BY column_order;\n            , parameters: ('lake_seasons',)","logger":"airflow.task.hooks.airflow.providers.postgres.hooks.postgres.PostgresHook","filename":"sql.py","lineno":810}
{"timestamp":"2025-10-05T15:06:37.908021Z","level":"info","event":"Rows affected: 2","logger":"airflow.task.hooks.airflow.providers.postgres.hooks.postgres.PostgresHook","filename":"sql.py","lineno":822}
{"timestamp":"2025-10-05T15:06:37.908768Z","level":"info","event":"   📁 Processing: lake_seasons from seasons.csv","logger":"unusual_prefix_5b7818437388b2ed545ea23189c6c0fb9a0fc2a4_historical_load_dynamic","filename":"historical_load_dynamic.py","lineno":62}
{"timestamp":"2025-10-05T15:06:37.925254Z","level":"info","event":"   📥 Reading CSV: seasons.csv","logger":"unusual_prefix_5b7818437388b2ed545ea23189c6c0fb9a0fc2a4_historical_load_dynamic","filename":"historical_load_dynamic.py","lineno":71}
{"timestamp":"2025-10-05T15:06:37.951882Z","level":"info","event":"   📊 Read 75 rows from seasons.csv","logger":"unusual_prefix_5b7818437388b2ed545ea23189c6c0fb9a0fc2a4_historical_load_dynamic","filename":"historical_load_dynamic.py","lineno":73}
{"timestamp":"2025-10-05T15:06:37.953951Z","level":"info","event":"   🗄️  Ensuring table exists: lake_seasons","logger":"unusual_prefix_5b7818437388b2ed545ea23189c6c0fb9a0fc2a4_historical_load_dynamic","filename":"historical_load_dynamic.py","lineno":90}
{"timestamp":"2025-10-05T15:06:37.962652Z","level":"info","event":"Running statement: CREATE TABLE IF NOT EXISTS lake_seasons (year INTEGER, url VARCHAR);, parameters: None","logger":"airflow.task.hooks.airflow.providers.postgres.hooks.postgres.PostgresHook","filename":"sql.py","lineno":810}
{"timestamp":"2025-10-05T15:06:37.964698Z","level":"info","event":"   🗑️  Truncating table: lake_seasons","logger":"unusual_prefix_5b7818437388b2ed545ea23189c6c0fb9a0fc2a4_historical_load_dynamic","filename":"historical_load_dynamic.py","lineno":95}
{"timestamp":"2025-10-05T15:06:37.968033Z","level":"info","event":"Running statement: TRUNCATE TABLE lake_seasons;, parameters: None","logger":"airflow.task.hooks.airflow.providers.postgres.hooks.postgres.PostgresHook","filename":"sql.py","lineno":810}
{"timestamp":"2025-10-05T15:06:37.973359Z","level":"info","event":"   📤 Loading 75 rows into lake_seasons","logger":"unusual_prefix_5b7818437388b2ed545ea23189c6c0fb9a0fc2a4_historical_load_dynamic","filename":"historical_load_dynamic.py","lineno":98}
{"timestamp":"2025-10-05T15:06:38.003027Z","level":"info","event":"Running statement: SELECT COUNT(*) FROM lake_seasons;, parameters: None","logger":"airflow.task.hooks.airflow.providers.postgres.hooks.postgres.PostgresHook","filename":"sql.py","lineno":810}
{"timestamp":"2025-10-05T15:06:38.006017Z","level":"info","event":"Rows affected: 1","logger":"airflow.task.hooks.airflow.providers.postgres.hooks.postgres.PostgresHook","filename":"sql.py","lineno":822}
{"timestamp":"2025-10-05T15:06:38.007095Z","level":"info","event":"   ✅ Successfully loaded 75 rows into lake_seasons","logger":"unusual_prefix_5b7818437388b2ed545ea23189c6c0fb9a0fc2a4_historical_load_dynamic","filename":"historical_load_dynamic.py","lineno":111}
{"timestamp":"2025-10-05T15:06:38.023064Z","level":"info","event":"Done. Returned value was: Loaded 75 rows into lake_seasons","logger":"airflow.task.operators.airflow.providers.standard.operators.python.PythonOperator","filename":"python.py","lineno":218}
{"timestamp":"2025-10-05T15:06:38.023540Z","level":"info","event":"Pushing xcom","ti":"RuntimeTaskInstance(id=UUID('0199b4e8-6883-747b-981d-3707291ec0c6'), task_id='fetch_data_lake_seasons', dag_id='historical_load_parallel', run_id='manual__2025-10-05T15:05:53.831676+00:00', try_number=1, dag_version_id=UUID('0199b4a4-f9e1-741d-9fa9-91e3010efb0c'), map_index=-1, hostname='608110384dda', context_carrier={}, task=<Task(PythonOperator): fetch_data_lake_seasons>, bundle_instance=LocalDagBundle(name=dags-folder), max_tries=0, start_date=datetime.datetime(2025, 10, 5, 15, 6, 37, 108713, tzinfo=datetime.timezone.utc), end_date=None, state=<TaskInstanceState.RUNNING: 'running'>, is_mapped=False, rendered_map_index=None)","logger":"task","filename":"task_runner.py","lineno":1352}
{"timestamp":"2025-10-05T15:06:38.052598Z","level":"info","event":"Task instance in success state","logger":"task.stdout"}
{"timestamp":"2025-10-05T15:06:38.053191Z","level":"info","event":" Previous state of the Task instance: TaskInstanceState.RUNNING","logger":"task.stdout"}
{"timestamp":"2025-10-05T15:06:38.053657Z","level":"info","event":"Task operator:<Task(PythonOperator): fetch_data_lake_seasons>","logger":"task.stdout"}
