{"timestamp":"2025-10-02T09:25:43.112528Z","level":"info","event":"DAG bundles loaded: dags-folder, example_dags","logger":"airflow.dag_processing.bundles.manager.DagBundlesManager","filename":"manager.py","lineno":179}
{"timestamp":"2025-10-02T09:25:43.113817Z","level":"info","event":"Filling up the DagBag from /opt/airflow/dags/debug_historical.py","logger":"airflow.models.dagbag.DagBag","filename":"dagbag.py","lineno":593}
{"timestamp":"2025-10-02T09:25:43.146976Z","level":"warning","event":"The `airflow.operators.python.PythonOperator` attribute is deprecated. Please use `'airflow.providers.standard.operators.python.PythonOperator'`.","category":"DeprecatedImportWarning","filename":"/opt/airflow/dags/debug_historical.py","lineno":2,"logger":"py.warnings"}
{"timestamp":"2025-10-02T09:25:43.147135Z","level":"warning","event":"The `airflow.operators.empty.EmptyOperator` attribute is deprecated. Please use `'airflow.providers.standard.operators.empty.EmptyOperator'`.","category":"DeprecatedImportWarning","filename":"/opt/airflow/dags/debug_historical.py","lineno":3,"logger":"py.warnings"}
{"timestamp":"2025-10-02T09:25:43.165492Z","level":"info","event":"Task instance is in running state","logger":"task.stdout"}
{"timestamp":"2025-10-02T09:25:43.166049Z","level":"info","event":" Previous state of the Task instance: TaskInstanceState.QUEUED","logger":"task.stdout"}
{"timestamp":"2025-10-02T09:25:43.166433Z","level":"info","event":"Current task name:debug_historical","logger":"task.stdout"}
{"timestamp":"2025-10-02T09:25:43.166687Z","level":"info","event":"Dag name:debug_historical","logger":"task.stdout"}
{"timestamp":"2025-10-02T09:25:43.167879Z","level":"info","event":"🔍 Testing with historical parameters from your example:","logger":"unusual_prefix_e4ba344621c142e044b56fff5b102249af61973c_debug_historical","filename":"debug_historical.py","lineno":24}
{"timestamp":"2025-10-02T09:25:43.168050Z","level":"info","event":"   Parameters: {'driver_number': 1, 'session_key': 9159, 'meeting_key': 1219}","logger":"unusual_prefix_e4ba344621c142e044b56fff5b102249af61973c_debug_historical","filename":"debug_historical.py","lineno":25}
{"timestamp":"2025-10-02T09:25:43.168123Z","level":"info","event":"🌐 Fetching data from: car_data","logger":"utils.api_client","filename":"api_client.py","lineno":42}
{"timestamp":"2025-10-02T09:25:43.168175Z","level":"info","event":"   Parameters: {'driver_number': 1, 'session_key': 9159, 'meeting_key': 1219}","logger":"utils.api_client","filename":"api_client.py","lineno":44}
{"timestamp":"2025-10-02T09:25:47.318387Z","level":"info","event":"✅ Successfully fetched 18470 records from car_data","logger":"utils.api_client","filename":"api_client.py","lineno":50}
{"timestamp":"2025-10-02T09:25:47.318920Z","level":"info","event":"✅ SUCCESS! Got 18470 car_data records","logger":"unusual_prefix_e4ba344621c142e044b56fff5b102249af61973c_debug_historical","filename":"debug_historical.py","lineno":30}
{"timestamp":"2025-10-02T09:25:47.319028Z","level":"info","event":"📊 First record:","logger":"unusual_prefix_e4ba344621c142e044b56fff5b102249af61973c_debug_historical","filename":"debug_historical.py","lineno":33}
{"timestamp":"2025-10-02T09:25:47.319086Z","level":"info","event":"   date: 2023-09-15T12:45:02.318000+00:00","logger":"unusual_prefix_e4ba344621c142e044b56fff5b102249af61973c_debug_historical","filename":"debug_historical.py","lineno":35}
{"timestamp":"2025-10-02T09:25:47.319133Z","level":"info","event":"   session_key: 9159","logger":"unusual_prefix_e4ba344621c142e044b56fff5b102249af61973c_debug_historical","filename":"debug_historical.py","lineno":35}
{"timestamp":"2025-10-02T09:25:47.319177Z","level":"info","event":"   meeting_key: 1219","logger":"unusual_prefix_e4ba344621c142e044b56fff5b102249af61973c_debug_historical","filename":"debug_historical.py","lineno":35}
{"timestamp":"2025-10-02T09:25:47.319218Z","level":"info","event":"   driver_number: 1","logger":"unusual_prefix_e4ba344621c142e044b56fff5b102249af61973c_debug_historical","filename":"debug_historical.py","lineno":35}
{"timestamp":"2025-10-02T09:25:47.319260Z","level":"info","event":"   speed: 0","logger":"unusual_prefix_e4ba344621c142e044b56fff5b102249af61973c_debug_historical","filename":"debug_historical.py","lineno":35}
{"timestamp":"2025-10-02T09:25:47.319314Z","level":"info","event":"   n_gear: 0","logger":"unusual_prefix_e4ba344621c142e044b56fff5b102249af61973c_debug_historical","filename":"debug_historical.py","lineno":35}
{"timestamp":"2025-10-02T09:25:47.319363Z","level":"info","event":"   drs: 0","logger":"unusual_prefix_e4ba344621c142e044b56fff5b102249af61973c_debug_historical","filename":"debug_historical.py","lineno":35}
{"timestamp":"2025-10-02T09:25:47.319404Z","level":"info","event":"   throttle: 0","logger":"unusual_prefix_e4ba344621c142e044b56fff5b102249af61973c_debug_historical","filename":"debug_historical.py","lineno":35}
{"timestamp":"2025-10-02T09:25:47.319445Z","level":"info","event":"   brake: 0","logger":"unusual_prefix_e4ba344621c142e044b56fff5b102249af61973c_debug_historical","filename":"debug_historical.py","lineno":35}
{"timestamp":"2025-10-02T09:25:47.319497Z","level":"info","event":"   rpm: 0","logger":"unusual_prefix_e4ba344621c142e044b56fff5b102249af61973c_debug_historical","filename":"debug_historical.py","lineno":35}
{"timestamp":"2025-10-02T09:25:47.324708Z","level":"info","event":"Done. Returned value was: Historical test passed! Got 18470 records","logger":"airflow.task.operators.airflow.providers.standard.operators.python.PythonOperator","filename":"python.py","lineno":218}
{"timestamp":"2025-10-02T09:25:47.325154Z","level":"info","event":"Pushing xcom","ti":"RuntimeTaskInstance(id=UUID('0199a43d-dac1-78d4-9d84-af102a6915e4'), task_id='debug_historical', dag_id='debug_historical', run_id='manual__2025-10-02T09:25:41.171754+00:00', try_number=1, dag_version_id=UUID('0199a43b-0081-7bd4-940f-acf91224bf08'), map_index=-1, hostname='e5e59d5b9f31', context_carrier={}, task=<Task(PythonOperator): debug_historical>, bundle_instance=LocalDagBundle(name=dags-folder), max_tries=0, start_date=datetime.datetime(2025, 10, 2, 9, 25, 42, 742209, tzinfo=datetime.timezone.utc), end_date=None, state=<TaskInstanceState.RUNNING: 'running'>, is_mapped=False, rendered_map_index=None)","logger":"task","filename":"task_runner.py","lineno":1352}
{"timestamp":"2025-10-02T09:25:47.350805Z","level":"info","event":"Task instance in success state","logger":"task.stdout"}
{"timestamp":"2025-10-02T09:25:47.351224Z","level":"info","event":" Previous state of the Task instance: TaskInstanceState.RUNNING","logger":"task.stdout"}
{"timestamp":"2025-10-02T09:25:47.351492Z","level":"info","event":"Task operator:<Task(PythonOperator): debug_historical>","logger":"task.stdout"}
