{"timestamp":"2025-10-05T18:19:25.108115Z","level":"info","event":"DAG bundles loaded: dags-folder, example_dags","logger":"airflow.dag_processing.bundles.manager.DagBundlesManager","filename":"manager.py","lineno":179}
{"timestamp":"2025-10-05T18:19:25.109452Z","level":"info","event":"Filling up the DagBag from /opt/airflow/dags/lake/historical_load_dynamic.py","logger":"airflow.models.dagbag.DagBag","filename":"dagbag.py","lineno":593}
{"timestamp":"2025-10-05T18:19:25.141663Z","level":"info","event":"📋 Loaded 1 tables from YAML","logger":"unusual_prefix_5b7818437388b2ed545ea23189c6c0fb9a0fc2a4_historical_load_dynamic","filename":"historical_load_dynamic.py","lineno":161}
{"timestamp":"2025-10-05T18:19:25.145395Z","level":"warning","event":"The `airflow.operators.python.PythonOperator` attribute is deprecated. Please use `'airflow.providers.standard.operators.python.PythonOperator'`.","category":"DeprecatedImportWarning","filename":"/opt/airflow/dags/lake/historical_load_dynamic.py","lineno":2,"logger":"py.warnings"}
{"timestamp":"2025-10-05T18:19:25.145495Z","level":"warning","event":"The `airflow.operators.empty.EmptyOperator` attribute is deprecated. Please use `'airflow.providers.standard.operators.empty.EmptyOperator'`.","category":"DeprecatedImportWarning","filename":"/opt/airflow/dags/lake/historical_load_dynamic.py","lineno":3,"logger":"py.warnings"}
{"timestamp":"2025-10-05T18:19:25.168738Z","level":"info","event":"Task instance is in running state","logger":"task.stdout"}
{"timestamp":"2025-10-05T18:19:25.169058Z","level":"info","event":" Previous state of the Task instance: TaskInstanceState.QUEUED","logger":"task.stdout"}
{"timestamp":"2025-10-05T18:19:25.169270Z","level":"info","event":"Current task name:fetchdata_lake_results","logger":"task.stdout"}
{"timestamp":"2025-10-05T18:19:25.169481Z","level":"info","event":"Dag name:historical_load_parallel","logger":"task.stdout"}
{"timestamp":"2025-10-05T18:19:25.170274Z","level":"info","event":"🏎️  Starting load for table: lake_results","logger":"unusual_prefix_5b7818437388b2ed545ea23189c6c0fb9a0fc2a4_historical_load_dynamic","filename":"historical_load_dynamic.py","lineno":40}
{"timestamp":"2025-10-05T18:19:25.180580Z","level":"info","event":"Running statement: \n            SELECT source_file, column_name, data_type, column_order\n            FROM formulaone_metadata \n            WHERE dag_name = 'formulaone_historical' \n              AND table_name = %s\n            ORDER BY column_order;\n            , parameters: ('lake_results',)","logger":"airflow.task.hooks.airflow.providers.postgres.hooks.postgres.PostgresHook","filename":"sql.py","lineno":810}
{"timestamp":"2025-10-05T18:19:25.182384Z","level":"info","event":"Rows affected: 18","logger":"airflow.task.hooks.airflow.providers.postgres.hooks.postgres.PostgresHook","filename":"sql.py","lineno":822}
{"timestamp":"2025-10-05T18:19:25.182749Z","level":"info","event":"   📁 Processing: lake_results from results.csv","logger":"unusual_prefix_5b7818437388b2ed545ea23189c6c0fb9a0fc2a4_historical_load_dynamic","filename":"historical_load_dynamic.py","lineno":62}
{"timestamp":"2025-10-05T18:19:25.184141Z","level":"info","event":"   🗄️  Ensuring table exists: lake_results","logger":"unusual_prefix_5b7818437388b2ed545ea23189c6c0fb9a0fc2a4_historical_load_dynamic","filename":"historical_load_dynamic.py","lineno":71}
{"timestamp":"2025-10-05T18:19:25.187146Z","level":"info","event":"Running statement: CREATE TABLE IF NOT EXISTS lake_results (resultId INTEGER, raceId INTEGER, driverId INTEGER, constructorId INTEGER, number INTEGER, grid INTEGER, position VARCHAR, positionText VARCHAR, positionOrder INTEGER, points INTEGER, laps INTEGER, time VARCHAR, milliseconds VARCHAR, fastestLap VARCHAR, rank VARCHAR, fastestLapTime VARCHAR, fastestLapSpeed VARCHAR, statusId INTEGER);, parameters: None","logger":"airflow.task.hooks.airflow.providers.postgres.hooks.postgres.PostgresHook","filename":"sql.py","lineno":810}
{"timestamp":"2025-10-05T18:19:25.187974Z","level":"info","event":"   🗑️  Truncating table: lake_results","logger":"unusual_prefix_5b7818437388b2ed545ea23189c6c0fb9a0fc2a4_historical_load_dynamic","filename":"historical_load_dynamic.py","lineno":76}
{"timestamp":"2025-10-05T18:19:25.190720Z","level":"info","event":"Running statement: TRUNCATE TABLE lake_results;, parameters: None","logger":"airflow.task.hooks.airflow.providers.postgres.hooks.postgres.PostgresHook","filename":"sql.py","lineno":810}
{"timestamp":"2025-10-05T18:19:25.194324Z","level":"info","event":"   📥 Reading CSV in chunks: results.csv","logger":"unusual_prefix_5b7818437388b2ed545ea23189c6c0fb9a0fc2a4_historical_load_dynamic","filename":"historical_load_dynamic.py","lineno":80}
{"timestamp":"2025-10-05T18:19:25.216192Z","level":"info","event":"   📦 Processing chunk 1","logger":"unusual_prefix_5b7818437388b2ed545ea23189c6c0fb9a0fc2a4_historical_load_dynamic","filename":"historical_load_dynamic.py","lineno":92}
{"timestamp":"2025-10-05T18:19:27.969320Z","level":"info","event":"   ✅ Chunk 1 loaded: 10000 rows (Total: 10000)","logger":"unusual_prefix_5b7818437388b2ed545ea23189c6c0fb9a0fc2a4_historical_load_dynamic","filename":"historical_load_dynamic.py","lineno":116}
{"timestamp":"2025-10-05T18:19:27.982893Z","level":"info","event":"   📦 Processing chunk 2","logger":"unusual_prefix_5b7818437388b2ed545ea23189c6c0fb9a0fc2a4_historical_load_dynamic","filename":"historical_load_dynamic.py","lineno":92}
{"timestamp":"2025-10-05T18:19:30.755927Z","level":"info","event":"   ✅ Chunk 2 loaded: 10000 rows (Total: 20000)","logger":"unusual_prefix_5b7818437388b2ed545ea23189c6c0fb9a0fc2a4_historical_load_dynamic","filename":"historical_load_dynamic.py","lineno":116}
{"timestamp":"2025-10-05T18:19:31.013792Z","level":"info","event":"   📦 Processing chunk 3","logger":"unusual_prefix_5b7818437388b2ed545ea23189c6c0fb9a0fc2a4_historical_load_dynamic","filename":"historical_load_dynamic.py","lineno":92}
{"timestamp":"2025-10-05T18:19:32.833295Z","level":"info","event":"   ✅ Chunk 3 loaded: 6759 rows (Total: 26759)","logger":"unusual_prefix_5b7818437388b2ed545ea23189c6c0fb9a0fc2a4_historical_load_dynamic","filename":"historical_load_dynamic.py","lineno":116}
{"timestamp":"2025-10-05T18:19:32.836448Z","level":"info","event":"Running statement: SELECT COUNT(*) FROM lake_results;, parameters: None","logger":"airflow.task.hooks.airflow.providers.postgres.hooks.postgres.PostgresHook","filename":"sql.py","lineno":810}
{"timestamp":"2025-10-05T18:19:32.842577Z","level":"info","event":"Rows affected: 1","logger":"airflow.task.hooks.airflow.providers.postgres.hooks.postgres.PostgresHook","filename":"sql.py","lineno":822}
{"timestamp":"2025-10-05T18:19:32.843042Z","level":"info","event":"   🎉 Successfully loaded 26759 total rows into lake_results","logger":"unusual_prefix_5b7818437388b2ed545ea23189c6c0fb9a0fc2a4_historical_load_dynamic","filename":"historical_load_dynamic.py","lineno":121}
{"timestamp":"2025-10-05T18:19:32.843917Z","level":"info","event":"Done. Returned value was: Loaded 26759 rows into lake_results","logger":"airflow.task.operators.airflow.providers.standard.operators.python.PythonOperator","filename":"python.py","lineno":218}
{"timestamp":"2025-10-05T18:19:32.844148Z","level":"info","event":"Pushing xcom","ti":"RuntimeTaskInstance(id=UUID('0199b599-8935-74d8-9167-c33f2b045186'), task_id='fetchdata_lake_results', dag_id='historical_load_parallel', run_id='manual__2025-10-05T18:19:22.276418+00:00', try_number=1, dag_version_id=UUID('0199b594-16a2-75a2-bef5-3e4a4fdff618'), map_index=-1, hostname='711441183d4b', context_carrier={}, task=<Task(PythonOperator): fetchdata_lake_results>, bundle_instance=LocalDagBundle(name=dags-folder), max_tries=0, start_date=datetime.datetime(2025, 10, 5, 18, 19, 24, 698918, tzinfo=datetime.timezone.utc), end_date=None, state=<TaskInstanceState.RUNNING: 'running'>, is_mapped=False, rendered_map_index=None)","logger":"task","filename":"task_runner.py","lineno":1352}
{"timestamp":"2025-10-05T18:19:32.870547Z","level":"info","event":"Task instance in success state","logger":"task.stdout"}
{"timestamp":"2025-10-05T18:19:32.871176Z","level":"info","event":" Previous state of the Task instance: TaskInstanceState.RUNNING","logger":"task.stdout"}
{"timestamp":"2025-10-05T18:19:32.871625Z","level":"info","event":"Task operator:<Task(PythonOperator): fetchdata_lake_results>","logger":"task.stdout"}
