{"timestamp":"2025-10-05T15:17:56.998556Z","level":"info","event":"DAG bundles loaded: dags-folder, example_dags","logger":"airflow.dag_processing.bundles.manager.DagBundlesManager","filename":"manager.py","lineno":179}
{"timestamp":"2025-10-05T15:17:57.000881Z","level":"info","event":"Filling up the DagBag from /opt/airflow/dags/lake/historical_load_dynamic.py","logger":"airflow.models.dagbag.DagBag","filename":"dagbag.py","lineno":593}
{"timestamp":"2025-10-05T15:17:57.049415Z","level":"info","event":"📋 Loaded 3 tables from YAML","logger":"unusual_prefix_5b7818437388b2ed545ea23189c6c0fb9a0fc2a4_historical_load_dynamic","filename":"historical_load_dynamic.py","lineno":155}
{"timestamp":"2025-10-05T15:17:57.060826Z","level":"warning","event":"The `airflow.operators.python.PythonOperator` attribute is deprecated. Please use `'airflow.providers.standard.operators.python.PythonOperator'`.","category":"DeprecatedImportWarning","filename":"/opt/airflow/dags/lake/historical_load_dynamic.py","lineno":2,"logger":"py.warnings"}
{"timestamp":"2025-10-05T15:17:57.061344Z","level":"warning","event":"The `airflow.operators.empty.EmptyOperator` attribute is deprecated. Please use `'airflow.providers.standard.operators.empty.EmptyOperator'`.","category":"DeprecatedImportWarning","filename":"/opt/airflow/dags/lake/historical_load_dynamic.py","lineno":3,"logger":"py.warnings"}
{"timestamp":"2025-10-05T15:17:57.096697Z","level":"info","event":"Task instance is in running state","logger":"task.stdout"}
{"timestamp":"2025-10-05T15:17:57.097143Z","level":"info","event":" Previous state of the Task instance: TaskInstanceState.QUEUED","logger":"task.stdout"}
{"timestamp":"2025-10-05T15:17:57.097503Z","level":"info","event":"Current task name:fetch_data_lake_races","logger":"task.stdout"}
{"timestamp":"2025-10-05T15:17:57.097737Z","level":"info","event":"Dag name:historical_load_parallel","logger":"task.stdout"}
{"timestamp":"2025-10-05T15:17:57.098409Z","level":"info","event":"🏎️  Starting load for table: lake_races","logger":"unusual_prefix_5b7818437388b2ed545ea23189c6c0fb9a0fc2a4_historical_load_dynamic","filename":"historical_load_dynamic.py","lineno":40}
{"timestamp":"2025-10-05T15:17:57.113150Z","level":"info","event":"Running statement: \n            SELECT source_file, column_name, data_type, column_order\n            FROM formulaone_metadata \n            WHERE dag_name = 'formulaone_historical' \n              AND table_name = %s\n            ORDER BY column_order;\n            , parameters: ('lake_races',)","logger":"airflow.task.hooks.airflow.providers.postgres.hooks.postgres.PostgresHook","filename":"sql.py","lineno":810}
{"timestamp":"2025-10-05T15:17:57.117400Z","level":"info","event":"Rows affected: 18","logger":"airflow.task.hooks.airflow.providers.postgres.hooks.postgres.PostgresHook","filename":"sql.py","lineno":822}
{"timestamp":"2025-10-05T15:17:57.118150Z","level":"info","event":"   📁 Processing: lake_races from races.csv","logger":"unusual_prefix_5b7818437388b2ed545ea23189c6c0fb9a0fc2a4_historical_load_dynamic","filename":"historical_load_dynamic.py","lineno":62}
{"timestamp":"2025-10-05T15:17:57.121011Z","level":"info","event":"   📥 Reading CSV: races.csv","logger":"unusual_prefix_5b7818437388b2ed545ea23189c6c0fb9a0fc2a4_historical_load_dynamic","filename":"historical_load_dynamic.py","lineno":71}
{"timestamp":"2025-10-05T15:17:57.138183Z","level":"info","event":"   📊 Read 1125 rows from races.csv","logger":"unusual_prefix_5b7818437388b2ed545ea23189c6c0fb9a0fc2a4_historical_load_dynamic","filename":"historical_load_dynamic.py","lineno":73}
{"timestamp":"2025-10-05T15:17:57.138465Z","level":"info","event":"   🔧 Normalized columns to lowercase: ['raceid', 'year', 'round', 'circuitid', 'name', 'date', 'time', 'url', 'fp1_date', 'fp1_time', 'fp2_date', 'fp2_time', 'fp3_date', 'fp3_time', 'quali_date', 'quali_time', 'sprint_date', 'sprint_time']","logger":"unusual_prefix_5b7818437388b2ed545ea23189c6c0fb9a0fc2a4_historical_load_dynamic","filename":"historical_load_dynamic.py","lineno":77}
{"timestamp":"2025-10-05T15:17:57.138864Z","level":"info","event":"   🗄️  Ensuring table exists: lake_races","logger":"unusual_prefix_5b7818437388b2ed545ea23189c6c0fb9a0fc2a4_historical_load_dynamic","filename":"historical_load_dynamic.py","lineno":94}
{"timestamp":"2025-10-05T15:17:57.141564Z","level":"info","event":"Running statement: CREATE TABLE IF NOT EXISTS lake_races (raceId INTEGER, year INTEGER, round INTEGER, circuitId INTEGER, name VARCHAR, date VARCHAR, time VARCHAR, url VARCHAR, fp1_date VARCHAR, fp1_time VARCHAR, fp2_date VARCHAR, fp2_time VARCHAR, fp3_date VARCHAR, fp3_time VARCHAR, quali_date VARCHAR, quali_time VARCHAR, sprint_date VARCHAR, sprint_time VARCHAR);, parameters: None","logger":"airflow.task.hooks.airflow.providers.postgres.hooks.postgres.PostgresHook","filename":"sql.py","lineno":810}
{"timestamp":"2025-10-05T15:17:57.142289Z","level":"info","event":"   🗑️  Truncating table: lake_races","logger":"unusual_prefix_5b7818437388b2ed545ea23189c6c0fb9a0fc2a4_historical_load_dynamic","filename":"historical_load_dynamic.py","lineno":99}
{"timestamp":"2025-10-05T15:17:57.146117Z","level":"info","event":"Running statement: TRUNCATE TABLE lake_races;, parameters: None","logger":"airflow.task.hooks.airflow.providers.postgres.hooks.postgres.PostgresHook","filename":"sql.py","lineno":810}
{"timestamp":"2025-10-05T15:17:57.152181Z","level":"info","event":"   📤 Loading 1125 rows into lake_races","logger":"unusual_prefix_5b7818437388b2ed545ea23189c6c0fb9a0fc2a4_historical_load_dynamic","filename":"historical_load_dynamic.py","lineno":102}
{"timestamp":"2025-10-05T15:17:58.056292Z","level":"info","event":"Running statement: SELECT COUNT(*) FROM lake_races;, parameters: None","logger":"airflow.task.hooks.airflow.providers.postgres.hooks.postgres.PostgresHook","filename":"sql.py","lineno":810}
{"timestamp":"2025-10-05T15:17:58.058033Z","level":"info","event":"Rows affected: 1","logger":"airflow.task.hooks.airflow.providers.postgres.hooks.postgres.PostgresHook","filename":"sql.py","lineno":822}
{"timestamp":"2025-10-05T15:17:58.058533Z","level":"info","event":"   ✅ Successfully loaded 1125 rows into lake_races","logger":"unusual_prefix_5b7818437388b2ed545ea23189c6c0fb9a0fc2a4_historical_load_dynamic","filename":"historical_load_dynamic.py","lineno":115}
{"timestamp":"2025-10-05T15:17:58.059149Z","level":"info","event":"Done. Returned value was: Loaded 1125 rows into lake_races","logger":"airflow.task.operators.airflow.providers.standard.operators.python.PythonOperator","filename":"python.py","lineno":218}
{"timestamp":"2025-10-05T15:17:58.059388Z","level":"info","event":"Pushing xcom","ti":"RuntimeTaskInstance(id=UUID('0199b4f3-56d3-78c2-b4f9-8b945d733f72'), task_id='fetch_data_lake_races', dag_id='historical_load_parallel', run_id='manual__2025-10-05T15:05:53.831676+00:00', try_number=2, dag_version_id=UUID('0199b4a4-f9e1-741d-9fa9-91e3010efb0c'), map_index=-1, hostname='608110384dda', context_carrier={}, task=<Task(PythonOperator): fetch_data_lake_races>, bundle_instance=LocalDagBundle(name=dags-folder), max_tries=1, start_date=datetime.datetime(2025, 10, 5, 15, 17, 56, 408009, tzinfo=datetime.timezone.utc), end_date=None, state=<TaskInstanceState.RUNNING: 'running'>, is_mapped=False, rendered_map_index=None)","logger":"task","filename":"task_runner.py","lineno":1352}
{"timestamp":"2025-10-05T15:17:58.096272Z","level":"info","event":"Task instance in success state","logger":"task.stdout"}
{"timestamp":"2025-10-05T15:17:58.096679Z","level":"info","event":" Previous state of the Task instance: TaskInstanceState.RUNNING","logger":"task.stdout"}
{"timestamp":"2025-10-05T15:17:58.097084Z","level":"info","event":"Task operator:<Task(PythonOperator): fetch_data_lake_races>","logger":"task.stdout"}
