{"timestamp":"2025-10-05T17:25:51.083891Z","level":"info","event":"DAG bundles loaded: dags-folder, example_dags","logger":"airflow.dag_processing.bundles.manager.DagBundlesManager","filename":"manager.py","lineno":179}
{"timestamp":"2025-10-05T17:25:51.085907Z","level":"info","event":"Filling up the DagBag from /opt/airflow/dags/lake/historical_load_dynamic.py","logger":"airflow.models.dagbag.DagBag","filename":"dagbag.py","lineno":593}
{"timestamp":"2025-10-05T17:25:51.117613Z","level":"info","event":"📋 Loaded 1 tables from YAML","logger":"unusual_prefix_5b7818437388b2ed545ea23189c6c0fb9a0fc2a4_historical_load_dynamic","filename":"historical_load_dynamic.py","lineno":155}
{"timestamp":"2025-10-05T17:25:51.123043Z","level":"warning","event":"The `airflow.operators.python.PythonOperator` attribute is deprecated. Please use `'airflow.providers.standard.operators.python.PythonOperator'`.","category":"DeprecatedImportWarning","filename":"/opt/airflow/dags/lake/historical_load_dynamic.py","lineno":2,"logger":"py.warnings"}
{"timestamp":"2025-10-05T17:25:51.123303Z","level":"warning","event":"The `airflow.operators.empty.EmptyOperator` attribute is deprecated. Please use `'airflow.providers.standard.operators.empty.EmptyOperator'`.","category":"DeprecatedImportWarning","filename":"/opt/airflow/dags/lake/historical_load_dynamic.py","lineno":3,"logger":"py.warnings"}
{"timestamp":"2025-10-05T17:25:51.150858Z","level":"info","event":"Task instance is in running state","logger":"task.stdout"}
{"timestamp":"2025-10-05T17:25:51.151187Z","level":"info","event":" Previous state of the Task instance: TaskInstanceState.QUEUED","logger":"task.stdout"}
{"timestamp":"2025-10-05T17:25:51.151400Z","level":"info","event":"Current task name:fetchdata_lake_constructor_standings","logger":"task.stdout"}
{"timestamp":"2025-10-05T17:25:51.151535Z","level":"info","event":"Dag name:historical_load_parallel","logger":"task.stdout"}
{"timestamp":"2025-10-05T17:25:51.152340Z","level":"info","event":"🏎️  Starting load for table: lake_constructor_standings","logger":"unusual_prefix_5b7818437388b2ed545ea23189c6c0fb9a0fc2a4_historical_load_dynamic","filename":"historical_load_dynamic.py","lineno":40}
{"timestamp":"2025-10-05T17:25:51.165870Z","level":"info","event":"Running statement: \n            SELECT source_file, column_name, data_type, column_order\n            FROM formulaone_metadata \n            WHERE dag_name = 'formulaone_historical' \n              AND table_name = %s\n            ORDER BY column_order;\n            , parameters: ('lake_constructor_standings',)","logger":"airflow.task.hooks.airflow.providers.postgres.hooks.postgres.PostgresHook","filename":"sql.py","lineno":810}
{"timestamp":"2025-10-05T17:25:51.167962Z","level":"info","event":"Rows affected: 7","logger":"airflow.task.hooks.airflow.providers.postgres.hooks.postgres.PostgresHook","filename":"sql.py","lineno":822}
{"timestamp":"2025-10-05T17:25:51.169124Z","level":"info","event":"   📁 Processing: lake_constructor_standings from constructor_standings.csv","logger":"unusual_prefix_5b7818437388b2ed545ea23189c6c0fb9a0fc2a4_historical_load_dynamic","filename":"historical_load_dynamic.py","lineno":62}
{"timestamp":"2025-10-05T17:25:51.171458Z","level":"info","event":"   📥 Reading CSV: constructor_standings.csv","logger":"unusual_prefix_5b7818437388b2ed545ea23189c6c0fb9a0fc2a4_historical_load_dynamic","filename":"historical_load_dynamic.py","lineno":71}
{"timestamp":"2025-10-05T17:25:51.619765Z","level":"info","event":"   📊 Read 13391 rows from constructor_standings.csv","logger":"unusual_prefix_5b7818437388b2ed545ea23189c6c0fb9a0fc2a4_historical_load_dynamic","filename":"historical_load_dynamic.py","lineno":73}
{"timestamp":"2025-10-05T17:25:51.620448Z","level":"info","event":"   🔧 Normalized columns to lowercase: ['constructorstandingsid', 'raceid', 'constructorid', 'points', 'position', 'positiontext', 'wins']","logger":"unusual_prefix_5b7818437388b2ed545ea23189c6c0fb9a0fc2a4_historical_load_dynamic","filename":"historical_load_dynamic.py","lineno":77}
{"timestamp":"2025-10-05T17:25:51.621001Z","level":"info","event":"   🗄️  Ensuring table exists: lake_constructor_standings","logger":"unusual_prefix_5b7818437388b2ed545ea23189c6c0fb9a0fc2a4_historical_load_dynamic","filename":"historical_load_dynamic.py","lineno":94}
{"timestamp":"2025-10-05T17:25:51.623852Z","level":"info","event":"Running statement: CREATE TABLE IF NOT EXISTS lake_constructor_standings (constructorStandingsId INTEGER, raceId INTEGER, constructorId INTEGER, points INTEGER, position INTEGER, positionText VARCHAR, wins INTEGER);, parameters: None","logger":"airflow.task.hooks.airflow.providers.postgres.hooks.postgres.PostgresHook","filename":"sql.py","lineno":810}
{"timestamp":"2025-10-05T17:25:51.624478Z","level":"info","event":"   🗑️  Truncating table: lake_constructor_standings","logger":"unusual_prefix_5b7818437388b2ed545ea23189c6c0fb9a0fc2a4_historical_load_dynamic","filename":"historical_load_dynamic.py","lineno":99}
{"timestamp":"2025-10-05T17:25:51.626754Z","level":"info","event":"Running statement: TRUNCATE TABLE lake_constructor_standings;, parameters: None","logger":"airflow.task.hooks.airflow.providers.postgres.hooks.postgres.PostgresHook","filename":"sql.py","lineno":810}
{"timestamp":"2025-10-05T17:25:51.631147Z","level":"info","event":"   📤 Loading 13391 rows into lake_constructor_standings","logger":"unusual_prefix_5b7818437388b2ed545ea23189c6c0fb9a0fc2a4_historical_load_dynamic","filename":"historical_load_dynamic.py","lineno":102}
{"timestamp":"2025-10-05T17:25:53.422109Z","level":"info","event":"Running statement: SELECT COUNT(*) FROM lake_constructor_standings;, parameters: None","logger":"airflow.task.hooks.airflow.providers.postgres.hooks.postgres.PostgresHook","filename":"sql.py","lineno":810}
{"timestamp":"2025-10-05T17:25:53.424327Z","level":"info","event":"Rows affected: 1","logger":"airflow.task.hooks.airflow.providers.postgres.hooks.postgres.PostgresHook","filename":"sql.py","lineno":822}
{"timestamp":"2025-10-05T17:25:53.424778Z","level":"info","event":"   ✅ Successfully loaded 13391 rows into lake_constructor_standings","logger":"unusual_prefix_5b7818437388b2ed545ea23189c6c0fb9a0fc2a4_historical_load_dynamic","filename":"historical_load_dynamic.py","lineno":115}
{"timestamp":"2025-10-05T17:25:53.426096Z","level":"info","event":"Done. Returned value was: Loaded 13391 rows into lake_constructor_standings","logger":"airflow.task.operators.airflow.providers.standard.operators.python.PythonOperator","filename":"python.py","lineno":218}
{"timestamp":"2025-10-05T17:25:53.426435Z","level":"info","event":"Pushing xcom","ti":"RuntimeTaskInstance(id=UUID('0199b568-7e22-7b95-bc85-6c721e2d159f'), task_id='fetchdata_lake_constructor_standings', dag_id='historical_load_parallel', run_id='manual__2025-10-05T17:25:48.175591+00:00', try_number=1, dag_version_id=UUID('0199b567-e655-75c0-940e-4943e5c72152'), map_index=-1, hostname='9139d8ace0f9', context_carrier={}, task=<Task(PythonOperator): fetchdata_lake_constructor_standings>, bundle_instance=LocalDagBundle(name=dags-folder), max_tries=0, start_date=datetime.datetime(2025, 10, 5, 17, 25, 50, 660043, tzinfo=datetime.timezone.utc), end_date=None, state=<TaskInstanceState.RUNNING: 'running'>, is_mapped=False, rendered_map_index=None)","logger":"task","filename":"task_runner.py","lineno":1352}
{"timestamp":"2025-10-05T17:25:53.454440Z","level":"info","event":"Task instance in success state","logger":"task.stdout"}
{"timestamp":"2025-10-05T17:25:53.454873Z","level":"info","event":" Previous state of the Task instance: TaskInstanceState.RUNNING","logger":"task.stdout"}
{"timestamp":"2025-10-05T17:25:53.455210Z","level":"info","event":"Task operator:<Task(PythonOperator): fetchdata_lake_constructor_standings>","logger":"task.stdout"}
