{"timestamp":"2025-10-05T12:32:15.666065Z","level":"info","event":"DAG bundles loaded: dags-folder, example_dags","logger":"airflow.dag_processing.bundles.manager.DagBundlesManager","filename":"manager.py","lineno":179}
{"timestamp":"2025-10-05T12:32:15.667411Z","level":"info","event":"Filling up the DagBag from /opt/airflow/dags/lake/debug_tables.py","logger":"airflow.models.dagbag.DagBag","filename":"dagbag.py","lineno":593}
{"timestamp":"2025-10-05T12:32:15.704614Z","level":"warning","event":"The `airflow.operators.python.PythonOperator` attribute is deprecated. Please use `'airflow.providers.standard.operators.python.PythonOperator'`.","category":"DeprecatedImportWarning","filename":"/opt/airflow/dags/lake/debug_tables.py","lineno":2,"logger":"py.warnings"}
{"timestamp":"2025-10-05T12:32:15.722807Z","level":"info","event":"Task instance is in running state","logger":"task.stdout"}
{"timestamp":"2025-10-05T12:32:15.723407Z","level":"info","event":" Previous state of the Task instance: TaskInstanceState.QUEUED","logger":"task.stdout"}
{"timestamp":"2025-10-05T12:32:15.723854Z","level":"info","event":"Current task name:debug_metadata","logger":"task.stdout"}
{"timestamp":"2025-10-05T12:32:15.724184Z","level":"info","event":"Dag name:debug_tables","logger":"task.stdout"}
{"timestamp":"2025-10-05T12:32:15.739974Z","level":"info","event":"Running statement: \n    SELECT dag_name, table_name, source_file, COUNT(*) as column_count\n    FROM formulaone_metadata \n    GROUP BY dag_name, table_name, source_file\n    ORDER BY dag_name, table_name;\n    , parameters: None","logger":"airflow.task.hooks.airflow.providers.postgres.hooks.postgres.PostgresHook","filename":"sql.py","lineno":810}
{"timestamp":"2025-10-05T12:32:15.741758Z","level":"info","event":"Rows affected: 14","logger":"airflow.task.hooks.airflow.providers.postgres.hooks.postgres.PostgresHook","filename":"sql.py","lineno":822}
{"timestamp":"2025-10-05T12:32:15.742238Z","level":"info","event":"📋 METADATA TABLE CONTENTS:","logger":"unusual_prefix_10d27330e083b0b53d726e4d7f8da07e1b43240b_debug_tables","filename":"debug_tables.py","lineno":22}
{"timestamp":"2025-10-05T12:32:15.742389Z","level":"info","event":"   formulaone_historical.lake_circuits (circuits.csv): 9 columns","logger":"unusual_prefix_10d27330e083b0b53d726e4d7f8da07e1b43240b_debug_tables","filename":"debug_tables.py","lineno":24}
{"timestamp":"2025-10-05T12:32:15.742455Z","level":"info","event":"   formulaone_historical.lake_constructor_results (constructor_results.csv): 5 columns","logger":"unusual_prefix_10d27330e083b0b53d726e4d7f8da07e1b43240b_debug_tables","filename":"debug_tables.py","lineno":24}
{"timestamp":"2025-10-05T12:32:15.742506Z","level":"info","event":"   formulaone_historical.lake_constructors (constructors.csv): 5 columns","logger":"unusual_prefix_10d27330e083b0b53d726e4d7f8da07e1b43240b_debug_tables","filename":"debug_tables.py","lineno":24}
{"timestamp":"2025-10-05T12:32:15.742550Z","level":"info","event":"   formulaone_historical.lake_constructor_standings (constructor_standings.csv): 7 columns","logger":"unusual_prefix_10d27330e083b0b53d726e4d7f8da07e1b43240b_debug_tables","filename":"debug_tables.py","lineno":24}
{"timestamp":"2025-10-05T12:32:15.742593Z","level":"info","event":"   formulaone_historical.lake_drivers (drivers.csv): 9 columns","logger":"unusual_prefix_10d27330e083b0b53d726e4d7f8da07e1b43240b_debug_tables","filename":"debug_tables.py","lineno":24}
{"timestamp":"2025-10-05T12:32:15.742636Z","level":"info","event":"   formulaone_historical.lake_driver_standings (driver_standings.csv): 7 columns","logger":"unusual_prefix_10d27330e083b0b53d726e4d7f8da07e1b43240b_debug_tables","filename":"debug_tables.py","lineno":24}
{"timestamp":"2025-10-05T12:32:15.742680Z","level":"info","event":"   formulaone_historical.lake_lap_times (lap_times.csv): 6 columns","logger":"unusual_prefix_10d27330e083b0b53d726e4d7f8da07e1b43240b_debug_tables","filename":"debug_tables.py","lineno":24}
{"timestamp":"2025-10-05T12:32:15.742723Z","level":"info","event":"   formulaone_historical.lake_pit_stops (pit_stops.csv): 7 columns","logger":"unusual_prefix_10d27330e083b0b53d726e4d7f8da07e1b43240b_debug_tables","filename":"debug_tables.py","lineno":24}
{"timestamp":"2025-10-05T12:32:15.742770Z","level":"info","event":"   formulaone_historical.lake_qualifying (qualifying.csv): 9 columns","logger":"unusual_prefix_10d27330e083b0b53d726e4d7f8da07e1b43240b_debug_tables","filename":"debug_tables.py","lineno":24}
{"timestamp":"2025-10-05T12:32:15.742816Z","level":"info","event":"   formulaone_historical.lake_races (races.csv): 18 columns","logger":"unusual_prefix_10d27330e083b0b53d726e4d7f8da07e1b43240b_debug_tables","filename":"debug_tables.py","lineno":24}
{"timestamp":"2025-10-05T12:32:15.742857Z","level":"info","event":"   formulaone_historical.lake_results (results.csv): 18 columns","logger":"unusual_prefix_10d27330e083b0b53d726e4d7f8da07e1b43240b_debug_tables","filename":"debug_tables.py","lineno":24}
{"timestamp":"2025-10-05T12:32:15.742897Z","level":"info","event":"   formulaone_historical.lake_seasons (seasons.csv): 2 columns","logger":"unusual_prefix_10d27330e083b0b53d726e4d7f8da07e1b43240b_debug_tables","filename":"debug_tables.py","lineno":24}
{"timestamp":"2025-10-05T12:32:15.742952Z","level":"info","event":"   formulaone_historical.lake_sprint_results (sprint_results.csv): 16 columns","logger":"unusual_prefix_10d27330e083b0b53d726e4d7f8da07e1b43240b_debug_tables","filename":"debug_tables.py","lineno":24}
{"timestamp":"2025-10-05T12:32:15.743000Z","level":"info","event":"   formulaone_historical.lake_status (status.csv): 2 columns","logger":"unusual_prefix_10d27330e083b0b53d726e4d7f8da07e1b43240b_debug_tables","filename":"debug_tables.py","lineno":24}
{"timestamp":"2025-10-05T12:32:15.743082Z","level":"info","event":"Done. Returned value was: Found 14 table definitions","logger":"airflow.task.operators.airflow.providers.standard.operators.python.PythonOperator","filename":"python.py","lineno":218}
{"timestamp":"2025-10-05T12:32:15.743369Z","level":"info","event":"Pushing xcom","ti":"RuntimeTaskInstance(id=UUID('0199b45b-b944-7ab9-af84-ee33c502e67b'), task_id='debug_metadata', dag_id='debug_tables', run_id='manual__2025-10-05T12:32:14.136678+00:00', try_number=1, dag_version_id=UUID('0199b45a-99c4-7aac-a2a6-aa47373ff5f5'), map_index=-1, hostname='9ec15bb4e681', context_carrier={}, task=<Task(PythonOperator): debug_metadata>, bundle_instance=LocalDagBundle(name=dags-folder), max_tries=0, start_date=datetime.datetime(2025, 10, 5, 12, 32, 15, 234631, tzinfo=datetime.timezone.utc), end_date=None, state=<TaskInstanceState.RUNNING: 'running'>, is_mapped=False, rendered_map_index=None)","logger":"task","filename":"task_runner.py","lineno":1352}
{"timestamp":"2025-10-05T12:32:16.090096Z","level":"info","event":"Task instance in success state","logger":"task.stdout"}
{"timestamp":"2025-10-05T12:32:16.093350Z","level":"info","event":" Previous state of the Task instance: TaskInstanceState.RUNNING","logger":"task.stdout"}
{"timestamp":"2025-10-05T12:32:16.093819Z","level":"info","event":"Task operator:<Task(PythonOperator): debug_metadata>","logger":"task.stdout"}
